{"/Users/gu/Workspaces/github/sprint/sprint9/src/app.ts": {"path":"/Users/gu/Workspaces/github/sprint/sprint9/src/app.ts","statementMap":{"0":{"start":{"line":1,"column":0},"end":{"line":1,"column":30}},"1":{"start":{"line":2,"column":0},"end":{"line":2,"column":30}},"2":{"start":{"line":3,"column":0},"end":{"line":3,"column":24}},"3":{"start":{"line":4,"column":0},"end":{"line":4,"column":41}},"4":{"start":{"line":5,"column":0},"end":{"line":5,"column":58}},"5":{"start":{"line":6,"column":0},"end":{"line":6,"column":63}},"6":{"start":{"line":7,"column":0},"end":{"line":7,"column":69}},"7":{"start":{"line":8,"column":0},"end":{"line":8,"column":41}},"8":{"start":{"line":9,"column":0},"end":{"line":9,"column":41}},"9":{"start":{"line":10,"column":0},"end":{"line":10,"column":43}},"10":{"start":{"line":11,"column":0},"end":{"line":11,"column":45}},"11":{"start":{"line":12,"column":0},"end":{"line":12,"column":49}},"12":{"start":{"line":13,"column":0},"end":{"line":13,"column":49}},"13":{"start":{"line":14,"column":0},"end":{"line":14,"column":49}},"14":{"start":{"line":15,"column":0},"end":{"line":15,"column":41}},"15":{"start":{"line":16,"column":0},"end":{"line":16,"column":41}},"16":{"start":{"line":17,"column":0},"end":{"line":17,"column":59}},"17":{"start":{"line":19,"column":0},"end":{"line":19,"column":53}},"18":{"start":{"line":21,"column":12},"end":{"line":21,"column":21}},"19":{"start":{"line":52,"column":9},"end":{"line":52,"column":12}},"20":{"start":{"line":22,"column":15},"end":{"line":22,"column":37}},"21":{"start":{"line":52,"column":14},"end":{"line":52,"column":20}},"22":{"start":{"line":25,"column":0},"end":{"line":25,"column":24}},"23":{"start":{"line":26,"column":0},"end":{"line":26,"column":48}},"24":{"start":{"line":27,"column":0},"end":{"line":27,"column":24}},"25":{"start":{"line":30,"column":0},"end":{"line":30,"column":19}},"26":{"start":{"line":31,"column":0},"end":{"line":31,"column":26}},"27":{"start":{"line":32,"column":0},"end":{"line":32,"column":28}},"28":{"start":{"line":33,"column":0},"end":{"line":33,"column":30}},"29":{"start":{"line":34,"column":0},"end":{"line":34,"column":34}},"30":{"start":{"line":35,"column":0},"end":{"line":35,"column":34}},"31":{"start":{"line":36,"column":0},"end":{"line":36,"column":34}},"32":{"start":{"line":37,"column":0},"end":{"line":37,"column":26}},"33":{"start":{"line":38,"column":0},"end":{"line":38,"column":44}},"34":{"start":{"line":39,"column":0},"end":{"line":39,"column":26}},"35":{"start":{"line":42,"column":0},"end":{"line":42,"column":25}},"36":{"start":{"line":43,"column":0},"end":{"line":43,"column":28}},"37":{"start":{"line":46,"column":0},"end":{"line":46,"column":25}},"38":{"start":{"line":48,"column":0},"end":{"line":50,"column":1}},"39":{"start":{"line":49,"column":2},"end":{"line":49,"column":37}}},"fnMap":{},"branchMap":{"0":{"loc":{"start":{"line":48,"column":0},"end":{"line":50,"column":1}},"type":"if","locations":[{"start":{"line":48,"column":0},"end":{"line":50,"column":1}},{"start":{},"end":{}}]}},"s":{"0":10,"1":10,"2":10,"3":10,"4":10,"5":10,"6":10,"7":10,"8":10,"9":10,"10":10,"11":10,"12":10,"13":10,"14":10,"15":10,"16":10,"17":10,"18":10,"19":10,"20":10,"21":10,"22":10,"23":10,"24":10,"25":10,"26":10,"27":10,"28":10,"29":10,"30":10,"31":10,"32":10,"33":10,"34":10,"35":10,"36":10,"37":10,"38":10,"39":0},"f":{},"b":{"0":[0,10]}}
,"/Users/gu/Workspaces/github/sprint/sprint9/src/mikro-orm.config.ts": {"path":"/Users/gu/Workspaces/github/sprint/sprint9/src/mikro-orm.config.ts","statementMap":{"0":{"start":{"line":1,"column":0},"end":{"line":1,"column":57}},"1":{"start":{"line":3,"column":0},"end":{"line":3,"column":35}},"2":{"start":{"line":5,"column":42},"end":{"line":15,"column":2}},"3":{"start":{"line":17,"column":0},"end":{"line":17,"column":22}}},"fnMap":{},"branchMap":{},"s":{"0":10,"1":10,"2":10,"3":10},"f":{},"b":{}}
,"/Users/gu/Workspaces/github/sprint/sprint9/src/constants/user.constant.ts": {"path":"/Users/gu/Workspaces/github/sprint/sprint9/src/constants/user.constant.ts","statementMap":{"0":{"start":{"line":3,"column":13},"end":{"line":40,"column":2}}},"fnMap":{},"branchMap":{},"s":{"0":10},"f":{},"b":{}}
,"/Users/gu/Workspaces/github/sprint/sprint9/src/controllers/articles.controller.ts": {"path":"/Users/gu/Workspaces/github/sprint/sprint9/src/controllers/articles.controller.ts","statementMap":{"0":{"start":{"line":2,"column":0},"end":{"line":2,"column":57}},"1":{"start":{"line":3,"column":0},"end":{"line":3,"column":45}},"2":{"start":{"line":15,"column":0},"end":{"line":15,"column":null}},"3":{"start":{"line":29,"column":51},"end":{"line":34,"column":1}},"4":{"start":{"line":30,"column":15},"end":{"line":30,"column":27}},"5":{"start":{"line":31,"column":15},"end":{"line":31,"column":79}},"6":{"start":{"line":33,"column":2},"end":{"line":33,"column":46}},"7":{"start":{"line":29,"column":13},"end":{"line":29,"column":51}},"8":{"start":{"line":36,"column":52},"end":{"line":41,"column":1}},"9":{"start":{"line":37,"column":15},"end":{"line":37,"column":27}},"10":{"start":{"line":38,"column":15},"end":{"line":38,"column":81}},"11":{"start":{"line":40,"column":2},"end":{"line":40,"column":46}},"12":{"start":{"line":36,"column":13},"end":{"line":36,"column":52}},"13":{"start":{"line":43,"column":54},"end":{"line":47,"column":1}},"14":{"start":{"line":44,"column":15},"end":{"line":44,"column":79}},"15":{"start":{"line":46,"column":2},"end":{"line":46,"column":46}},"16":{"start":{"line":43,"column":13},"end":{"line":43,"column":54}},"17":{"start":{"line":49,"column":51},"end":{"line":55,"column":1}},"18":{"start":{"line":50,"column":15},"end":{"line":50,"column":27}},"19":{"start":{"line":52,"column":15},"end":{"line":52,"column":79}},"20":{"start":{"line":54,"column":2},"end":{"line":54,"column":46}},"21":{"start":{"line":49,"column":13},"end":{"line":49,"column":51}},"22":{"start":{"line":57,"column":55},"end":{"line":61,"column":1}},"23":{"start":{"line":58,"column":15},"end":{"line":58,"column":81}},"24":{"start":{"line":60,"column":2},"end":{"line":60,"column":46}},"25":{"start":{"line":57,"column":13},"end":{"line":57,"column":55}},"26":{"start":{"line":63,"column":53},"end":{"line":67,"column":1}},"27":{"start":{"line":64,"column":15},"end":{"line":64,"column":77}},"28":{"start":{"line":66,"column":2},"end":{"line":66,"column":46}},"29":{"start":{"line":63,"column":13},"end":{"line":63,"column":53}},"30":{"start":{"line":69,"column":51},"end":{"line":74,"column":1}},"31":{"start":{"line":70,"column":17},"end":{"line":70,"column":29}},"32":{"start":{"line":71,"column":15},"end":{"line":71,"column":81}},"33":{"start":{"line":73,"column":2},"end":{"line":73,"column":46}},"34":{"start":{"line":69,"column":13},"end":{"line":69,"column":51}},"35":{"start":{"line":76,"column":49},"end":{"line":81,"column":1}},"36":{"start":{"line":77,"column":15},"end":{"line":77,"column":27}},"37":{"start":{"line":78,"column":15},"end":{"line":78,"column":75}},"38":{"start":{"line":80,"column":2},"end":{"line":80,"column":46}},"39":{"start":{"line":76,"column":13},"end":{"line":76,"column":49}},"40":{"start":{"line":83,"column":58},"end":{"line":88,"column":1}},"41":{"start":{"line":84,"column":15},"end":{"line":84,"column":27}},"42":{"start":{"line":85,"column":15},"end":{"line":85,"column":93}},"43":{"start":{"line":87,"column":2},"end":{"line":87,"column":46}},"44":{"start":{"line":83,"column":13},"end":{"line":83,"column":58}},"45":{"start":{"line":90,"column":59},"end":{"line":95,"column":1}},"46":{"start":{"line":91,"column":15},"end":{"line":91,"column":27}},"47":{"start":{"line":92,"column":15},"end":{"line":92,"column":95}},"48":{"start":{"line":94,"column":2},"end":{"line":94,"column":46}},"49":{"start":{"line":90,"column":13},"end":{"line":90,"column":59}}},"fnMap":{"0":{"name":"(anonymous_0)","decl":{"start":{"line":29,"column":51},"end":{"line":29,"column":56}},"loc":{"start":{"line":29,"column":76},"end":{"line":34,"column":1}}},"1":{"name":"(anonymous_1)","decl":{"start":{"line":36,"column":52},"end":{"line":36,"column":57}},"loc":{"start":{"line":36,"column":77},"end":{"line":41,"column":1}}},"2":{"name":"(anonymous_2)","decl":{"start":{"line":43,"column":54},"end":{"line":43,"column":59}},"loc":{"start":{"line":43,"column":79},"end":{"line":47,"column":1}}},"3":{"name":"(anonymous_3)","decl":{"start":{"line":49,"column":51},"end":{"line":49,"column":56}},"loc":{"start":{"line":49,"column":76},"end":{"line":55,"column":1}}},"4":{"name":"(anonymous_4)","decl":{"start":{"line":57,"column":55},"end":{"line":57,"column":60}},"loc":{"start":{"line":57,"column":80},"end":{"line":61,"column":1}}},"5":{"name":"(anonymous_5)","decl":{"start":{"line":63,"column":53},"end":{"line":63,"column":58}},"loc":{"start":{"line":63,"column":78},"end":{"line":67,"column":1}}},"6":{"name":"(anonymous_6)","decl":{"start":{"line":69,"column":51},"end":{"line":69,"column":56}},"loc":{"start":{"line":69,"column":76},"end":{"line":74,"column":1}}},"7":{"name":"(anonymous_7)","decl":{"start":{"line":76,"column":49},"end":{"line":76,"column":54}},"loc":{"start":{"line":76,"column":74},"end":{"line":81,"column":1}}},"8":{"name":"(anonymous_8)","decl":{"start":{"line":83,"column":58},"end":{"line":83,"column":63}},"loc":{"start":{"line":83,"column":83},"end":{"line":88,"column":1}}},"9":{"name":"(anonymous_9)","decl":{"start":{"line":90,"column":59},"end":{"line":90,"column":64}},"loc":{"start":{"line":90,"column":84},"end":{"line":95,"column":1}}}},"branchMap":{},"s":{"0":10,"1":10,"2":10,"3":10,"4":2,"5":2,"6":2,"7":10,"8":10,"9":1,"10":1,"11":1,"12":10,"13":10,"14":1,"15":1,"16":10,"17":10,"18":1,"19":1,"20":1,"21":10,"22":10,"23":1,"24":1,"25":10,"26":10,"27":0,"28":0,"29":10,"30":10,"31":0,"32":0,"33":0,"34":10,"35":10,"36":1,"37":1,"38":1,"39":10,"40":10,"41":2,"42":2,"43":2,"44":10,"45":10,"46":1,"47":1,"48":1,"49":10},"f":{"0":2,"1":1,"2":1,"3":1,"4":1,"5":0,"6":0,"7":1,"8":2,"9":1},"b":{}}
,"/Users/gu/Workspaces/github/sprint/sprint9/src/controllers/auth.controller.ts": {"path":"/Users/gu/Workspaces/github/sprint/sprint9/src/controllers/auth.controller.ts","statementMap":{"0":{"start":{"line":2,"column":0},"end":{"line":2,"column":86}},"1":{"start":{"line":3,"column":0},"end":{"line":3,"column":57}},"2":{"start":{"line":5,"column":0},"end":{"line":5,"column":43}},"3":{"start":{"line":7,"column":0},"end":{"line":7,"column":null}},"4":{"start":{"line":15,"column":0},"end":{"line":15,"column":45}},"5":{"start":{"line":17,"column":46},"end":{"line":21,"column":1}},"6":{"start":{"line":18,"column":15},"end":{"line":18,"column":63}},"7":{"start":{"line":20,"column":2},"end":{"line":20,"column":46}},"8":{"start":{"line":17,"column":13},"end":{"line":17,"column":46}},"9":{"start":{"line":23,"column":46},"end":{"line":37,"column":1}},"10":{"start":{"line":24,"column":15},"end":{"line":24,"column":27}},"11":{"start":{"line":26,"column":22},"end":{"line":26,"column":41}},"12":{"start":{"line":27,"column":23},"end":{"line":27,"column":43}},"13":{"start":{"line":29,"column":2},"end":{"line":29,"column":42}},"14":{"start":{"line":31,"column":2},"end":{"line":31,"column":25}},"15":{"start":{"line":32,"column":2},"end":{"line":32,"column":26}},"16":{"start":{"line":34,"column":15},"end":{"line":34,"column":69}},"17":{"start":{"line":36,"column":2},"end":{"line":36,"column":46}},"18":{"start":{"line":23,"column":13},"end":{"line":23,"column":46}},"19":{"start":{"line":39,"column":43},"end":{"line":50,"column":1}},"20":{"start":{"line":40,"column":13},"end":{"line":40,"column":23}},"21":{"start":{"line":42,"column":19},"end":{"line":42,"column":65}},"22":{"start":{"line":44,"column":2},"end":{"line":44,"column":74}},"23":{"start":{"line":45,"column":2},"end":{"line":45,"column":77}},"24":{"start":{"line":47,"column":15},"end":{"line":47,"column":83}},"25":{"start":{"line":49,"column":2},"end":{"line":49,"column":46}},"26":{"start":{"line":39,"column":13},"end":{"line":39,"column":43}},"27":{"start":{"line":52,"column":44},"end":{"line":62,"column":1}},"28":{"start":{"line":53,"column":22},"end":{"line":53,"column":41}},"29":{"start":{"line":54,"column":23},"end":{"line":54,"column":43}},"30":{"start":{"line":56,"column":2},"end":{"line":56,"column":42}},"31":{"start":{"line":58,"column":2},"end":{"line":58,"column":25}},"32":{"start":{"line":59,"column":2},"end":{"line":59,"column":26}},"33":{"start":{"line":61,"column":2},"end":{"line":61,"column":51}},"34":{"start":{"line":52,"column":13},"end":{"line":52,"column":44}},"35":{"start":{"line":64,"column":45},"end":{"line":77,"column":1}},"36":{"start":{"line":65,"column":15},"end":{"line":65,"column":27}},"37":{"start":{"line":66,"column":22},"end":{"line":66,"column":41}},"38":{"start":{"line":67,"column":23},"end":{"line":67,"column":43}},"39":{"start":{"line":69,"column":20},"end":{"line":69,"column":66}},"40":{"start":{"line":71,"column":2},"end":{"line":71,"column":76}},"41":{"start":{"line":72,"column":2},"end":{"line":72,"column":79}},"42":{"start":{"line":74,"column":15},"end":{"line":74,"column":85}},"43":{"start":{"line":76,"column":2},"end":{"line":76,"column":46}},"44":{"start":{"line":64,"column":13},"end":{"line":64,"column":45}}},"fnMap":{"0":{"name":"(anonymous_0)","decl":{"start":{"line":17,"column":46},"end":{"line":17,"column":51}},"loc":{"start":{"line":17,"column":71},"end":{"line":21,"column":1}}},"1":{"name":"(anonymous_1)","decl":{"start":{"line":23,"column":46},"end":{"line":23,"column":51}},"loc":{"start":{"line":23,"column":71},"end":{"line":37,"column":1}}},"2":{"name":"(anonymous_2)","decl":{"start":{"line":39,"column":43},"end":{"line":39,"column":48}},"loc":{"start":{"line":39,"column":68},"end":{"line":50,"column":1}}},"3":{"name":"(anonymous_3)","decl":{"start":{"line":52,"column":44},"end":{"line":52,"column":49}},"loc":{"start":{"line":52,"column":69},"end":{"line":62,"column":1}}},"4":{"name":"(anonymous_4)","decl":{"start":{"line":64,"column":45},"end":{"line":64,"column":50}},"loc":{"start":{"line":64,"column":70},"end":{"line":77,"column":1}}}},"branchMap":{},"s":{"0":10,"1":10,"2":10,"3":10,"4":10,"5":10,"6":10,"7":9,"8":10,"9":10,"10":1,"11":1,"12":1,"13":1,"14":1,"15":1,"16":1,"17":1,"18":10,"19":10,"20":9,"21":9,"22":9,"23":9,"24":9,"25":9,"26":10,"27":10,"28":1,"29":1,"30":1,"31":1,"32":1,"33":1,"34":10,"35":10,"36":1,"37":1,"38":1,"39":1,"40":1,"41":1,"42":1,"43":1,"44":10},"f":{"0":10,"1":1,"2":9,"3":1,"4":1},"b":{}}
,"/Users/gu/Workspaces/github/sprint/sprint9/src/controllers/comments.controller.ts": {"path":"/Users/gu/Workspaces/github/sprint/sprint9/src/controllers/comments.controller.ts","statementMap":{"0":{"start":{"line":2,"column":0},"end":{"line":2,"column":57}},"1":{"start":{"line":3,"column":0},"end":{"line":3,"column":null}},"2":{"start":{"line":15,"column":0},"end":{"line":15,"column":45}},"3":{"start":{"line":30,"column":58},"end":{"line":35,"column":1}},"4":{"start":{"line":31,"column":15},"end":{"line":31,"column":27}},"5":{"start":{"line":32,"column":15},"end":{"line":32,"column":93}},"6":{"start":{"line":34,"column":2},"end":{"line":34,"column":46}},"7":{"start":{"line":30,"column":13},"end":{"line":30,"column":58}},"8":{"start":{"line":37,"column":62},"end":{"line":42,"column":1}},"9":{"start":{"line":38,"column":15},"end":{"line":38,"column":27}},"10":{"start":{"line":39,"column":15},"end":{"line":39,"column":101}},"11":{"start":{"line":41,"column":2},"end":{"line":41,"column":46}},"12":{"start":{"line":37,"column":13},"end":{"line":37,"column":62}},"13":{"start":{"line":44,"column":60},"end":{"line":48,"column":1}},"14":{"start":{"line":45,"column":15},"end":{"line":45,"column":91}},"15":{"start":{"line":47,"column":2},"end":{"line":47,"column":46}},"16":{"start":{"line":44,"column":13},"end":{"line":44,"column":60}},"17":{"start":{"line":50,"column":58},"end":{"line":55,"column":1}},"18":{"start":{"line":51,"column":15},"end":{"line":51,"column":27}},"19":{"start":{"line":52,"column":15},"end":{"line":52,"column":93}},"20":{"start":{"line":54,"column":2},"end":{"line":54,"column":46}},"21":{"start":{"line":50,"column":13},"end":{"line":50,"column":58}},"22":{"start":{"line":57,"column":56},"end":{"line":62,"column":1}},"23":{"start":{"line":58,"column":15},"end":{"line":58,"column":27}},"24":{"start":{"line":59,"column":15},"end":{"line":59,"column":89}},"25":{"start":{"line":61,"column":2},"end":{"line":61,"column":46}},"26":{"start":{"line":57,"column":13},"end":{"line":57,"column":56}},"27":{"start":{"line":64,"column":58},"end":{"line":69,"column":1}},"28":{"start":{"line":65,"column":15},"end":{"line":65,"column":27}},"29":{"start":{"line":66,"column":15},"end":{"line":66,"column":93}},"30":{"start":{"line":68,"column":2},"end":{"line":68,"column":46}},"31":{"start":{"line":64,"column":13},"end":{"line":64,"column":58}},"32":{"start":{"line":71,"column":62},"end":{"line":76,"column":1}},"33":{"start":{"line":72,"column":15},"end":{"line":72,"column":27}},"34":{"start":{"line":73,"column":15},"end":{"line":73,"column":101}},"35":{"start":{"line":75,"column":2},"end":{"line":75,"column":46}},"36":{"start":{"line":71,"column":13},"end":{"line":71,"column":62}},"37":{"start":{"line":78,"column":60},"end":{"line":82,"column":1}},"38":{"start":{"line":79,"column":15},"end":{"line":79,"column":93}},"39":{"start":{"line":81,"column":2},"end":{"line":81,"column":46}},"40":{"start":{"line":78,"column":13},"end":{"line":78,"column":60}},"41":{"start":{"line":84,"column":58},"end":{"line":89,"column":1}},"42":{"start":{"line":85,"column":15},"end":{"line":85,"column":27}},"43":{"start":{"line":86,"column":15},"end":{"line":86,"column":93}},"44":{"start":{"line":88,"column":2},"end":{"line":88,"column":46}},"45":{"start":{"line":84,"column":13},"end":{"line":84,"column":58}},"46":{"start":{"line":91,"column":56},"end":{"line":96,"column":1}},"47":{"start":{"line":92,"column":15},"end":{"line":92,"column":27}},"48":{"start":{"line":93,"column":15},"end":{"line":93,"column":89}},"49":{"start":{"line":95,"column":2},"end":{"line":95,"column":46}},"50":{"start":{"line":91,"column":13},"end":{"line":91,"column":56}}},"fnMap":{"0":{"name":"(anonymous_0)","decl":{"start":{"line":30,"column":58},"end":{"line":30,"column":63}},"loc":{"start":{"line":30,"column":83},"end":{"line":35,"column":1}}},"1":{"name":"(anonymous_1)","decl":{"start":{"line":37,"column":62},"end":{"line":37,"column":67}},"loc":{"start":{"line":37,"column":87},"end":{"line":42,"column":1}}},"2":{"name":"(anonymous_2)","decl":{"start":{"line":44,"column":60},"end":{"line":44,"column":65}},"loc":{"start":{"line":44,"column":85},"end":{"line":48,"column":1}}},"3":{"name":"(anonymous_3)","decl":{"start":{"line":50,"column":58},"end":{"line":50,"column":63}},"loc":{"start":{"line":50,"column":83},"end":{"line":55,"column":1}}},"4":{"name":"(anonymous_4)","decl":{"start":{"line":57,"column":56},"end":{"line":57,"column":61}},"loc":{"start":{"line":57,"column":81},"end":{"line":62,"column":1}}},"5":{"name":"(anonymous_5)","decl":{"start":{"line":64,"column":58},"end":{"line":64,"column":63}},"loc":{"start":{"line":64,"column":83},"end":{"line":69,"column":1}}},"6":{"name":"(anonymous_6)","decl":{"start":{"line":71,"column":62},"end":{"line":71,"column":67}},"loc":{"start":{"line":71,"column":87},"end":{"line":76,"column":1}}},"7":{"name":"(anonymous_7)","decl":{"start":{"line":78,"column":60},"end":{"line":78,"column":65}},"loc":{"start":{"line":78,"column":85},"end":{"line":82,"column":1}}},"8":{"name":"(anonymous_8)","decl":{"start":{"line":84,"column":58},"end":{"line":84,"column":63}},"loc":{"start":{"line":84,"column":83},"end":{"line":89,"column":1}}},"9":{"name":"(anonymous_9)","decl":{"start":{"line":91,"column":56},"end":{"line":91,"column":61}},"loc":{"start":{"line":91,"column":81},"end":{"line":96,"column":1}}}},"branchMap":{},"s":{"0":10,"1":10,"2":10,"3":10,"4":1,"5":1,"6":1,"7":10,"8":10,"9":1,"10":1,"11":1,"12":10,"13":10,"14":0,"15":0,"16":10,"17":10,"18":0,"19":0,"20":0,"21":10,"22":10,"23":1,"24":1,"25":1,"26":10,"27":10,"28":1,"29":1,"30":1,"31":10,"32":10,"33":1,"34":1,"35":1,"36":10,"37":10,"38":0,"39":0,"40":10,"41":10,"42":0,"43":0,"44":0,"45":10,"46":10,"47":1,"48":1,"49":1,"50":10},"f":{"0":1,"1":1,"2":0,"3":0,"4":1,"5":1,"6":1,"7":0,"8":0,"9":1},"b":{}}
,"/Users/gu/Workspaces/github/sprint/sprint9/src/controllers/images.controller.ts": {"path":"/Users/gu/Workspaces/github/sprint/sprint9/src/controllers/images.controller.ts","statementMap":{"0":{"start":{"line":2,"column":0},"end":{"line":2,"column":84}},"1":{"start":{"line":3,"column":0},"end":{"line":3,"column":57}},"2":{"start":{"line":5,"column":0},"end":{"line":5,"column":45}},"3":{"start":{"line":7,"column":49},"end":{"line":11,"column":1}},"4":{"start":{"line":8,"column":15},"end":{"line":8,"column":42}},"5":{"start":{"line":10,"column":2},"end":{"line":10,"column":46}},"6":{"start":{"line":7,"column":13},"end":{"line":7,"column":49}},"7":{"start":{"line":13,"column":50},"end":{"line":17,"column":1}},"8":{"start":{"line":14,"column":15},"end":{"line":14,"column":71}},"9":{"start":{"line":16,"column":2},"end":{"line":16,"column":46}},"10":{"start":{"line":13,"column":13},"end":{"line":13,"column":50}},"11":{"start":{"line":19,"column":49},"end":{"line":24,"column":1}},"12":{"start":{"line":20,"column":17},"end":{"line":20,"column":29}},"13":{"start":{"line":21,"column":15},"end":{"line":21,"column":77}},"14":{"start":{"line":23,"column":2},"end":{"line":23,"column":46}},"15":{"start":{"line":19,"column":13},"end":{"line":19,"column":49}}},"fnMap":{"0":{"name":"(anonymous_0)","decl":{"start":{"line":7,"column":49},"end":{"line":7,"column":54}},"loc":{"start":{"line":7,"column":74},"end":{"line":11,"column":1}}},"1":{"name":"(anonymous_1)","decl":{"start":{"line":13,"column":50},"end":{"line":13,"column":55}},"loc":{"start":{"line":13,"column":75},"end":{"line":17,"column":1}}},"2":{"name":"(anonymous_2)","decl":{"start":{"line":19,"column":49},"end":{"line":19,"column":54}},"loc":{"start":{"line":19,"column":74},"end":{"line":24,"column":1}}}},"branchMap":{},"s":{"0":10,"1":10,"2":10,"3":10,"4":1,"5":1,"6":10,"7":10,"8":0,"9":0,"10":10,"11":10,"12":0,"13":0,"14":0,"15":10},"f":{"0":1,"1":0,"2":0},"b":{}}
,"/Users/gu/Workspaces/github/sprint/sprint9/src/controllers/logs.controller.ts": {"path":"/Users/gu/Workspaces/github/sprint/sprint9/src/controllers/logs.controller.ts","statementMap":{"0":{"start":{"line":2,"column":0},"end":{"line":2,"column":57}},"1":{"start":{"line":3,"column":0},"end":{"line":3,"column":65}},"2":{"start":{"line":4,"column":0},"end":{"line":4,"column":45}},"3":{"start":{"line":7,"column":48},"end":{"line":11,"column":1}},"4":{"start":{"line":8,"column":15},"end":{"line":8,"column":67}},"5":{"start":{"line":10,"column":2},"end":{"line":10,"column":46}},"6":{"start":{"line":7,"column":13},"end":{"line":7,"column":48}},"7":{"start":{"line":13,"column":47},"end":{"line":18,"column":1}},"8":{"start":{"line":14,"column":15},"end":{"line":14,"column":27}},"9":{"start":{"line":15,"column":15},"end":{"line":15,"column":71}},"10":{"start":{"line":17,"column":2},"end":{"line":17,"column":46}},"11":{"start":{"line":13,"column":13},"end":{"line":13,"column":47}}},"fnMap":{"0":{"name":"(anonymous_0)","decl":{"start":{"line":7,"column":48},"end":{"line":7,"column":53}},"loc":{"start":{"line":7,"column":73},"end":{"line":11,"column":1}}},"1":{"name":"(anonymous_1)","decl":{"start":{"line":13,"column":47},"end":{"line":13,"column":52}},"loc":{"start":{"line":13,"column":72},"end":{"line":18,"column":1}}}},"branchMap":{},"s":{"0":10,"1":10,"2":10,"3":10,"4":0,"5":0,"6":10,"7":10,"8":0,"9":0,"10":0,"11":10},"f":{"0":0,"1":0},"b":{}}
,"/Users/gu/Workspaces/github/sprint/sprint9/src/controllers/notifications.controller.ts": {"path":"/Users/gu/Workspaces/github/sprint/sprint9/src/controllers/notifications.controller.ts","statementMap":{"0":{"start":{"line":2,"column":0},"end":{"line":2,"column":45}},"1":{"start":{"line":3,"column":0},"end":{"line":3,"column":57}},"2":{"start":{"line":9,"column":0},"end":{"line":9,"column":null}},"3":{"start":{"line":16,"column":53},"end":{"line":21,"column":1}},"4":{"start":{"line":17,"column":15},"end":{"line":17,"column":27}},"5":{"start":{"line":18,"column":15},"end":{"line":18,"column":83}},"6":{"start":{"line":20,"column":2},"end":{"line":20,"column":46}},"7":{"start":{"line":16,"column":13},"end":{"line":16,"column":53}},"8":{"start":{"line":23,"column":57},"end":{"line":28,"column":1}},"9":{"start":{"line":24,"column":15},"end":{"line":24,"column":27}},"10":{"start":{"line":25,"column":15},"end":{"line":25,"column":91}},"11":{"start":{"line":27,"column":2},"end":{"line":27,"column":46}},"12":{"start":{"line":23,"column":13},"end":{"line":23,"column":57}},"13":{"start":{"line":30,"column":63},"end":{"line":35,"column":1}},"14":{"start":{"line":31,"column":15},"end":{"line":31,"column":27}},"15":{"start":{"line":32,"column":15},"end":{"line":32,"column":97}},"16":{"start":{"line":34,"column":2},"end":{"line":34,"column":46}},"17":{"start":{"line":30,"column":13},"end":{"line":30,"column":63}},"18":{"start":{"line":37,"column":54},"end":{"line":42,"column":1}},"19":{"start":{"line":38,"column":15},"end":{"line":38,"column":27}},"20":{"start":{"line":39,"column":15},"end":{"line":39,"column":91}},"21":{"start":{"line":41,"column":2},"end":{"line":41,"column":46}},"22":{"start":{"line":37,"column":13},"end":{"line":37,"column":54}}},"fnMap":{"0":{"name":"(anonymous_0)","decl":{"start":{"line":16,"column":53},"end":{"line":16,"column":58}},"loc":{"start":{"line":16,"column":78},"end":{"line":21,"column":1}}},"1":{"name":"(anonymous_1)","decl":{"start":{"line":23,"column":57},"end":{"line":23,"column":62}},"loc":{"start":{"line":23,"column":82},"end":{"line":28,"column":1}}},"2":{"name":"(anonymous_2)","decl":{"start":{"line":30,"column":63},"end":{"line":30,"column":68}},"loc":{"start":{"line":30,"column":88},"end":{"line":35,"column":1}}},"3":{"name":"(anonymous_3)","decl":{"start":{"line":37,"column":54},"end":{"line":37,"column":59}},"loc":{"start":{"line":37,"column":79},"end":{"line":42,"column":1}}}},"branchMap":{},"s":{"0":10,"1":10,"2":10,"3":10,"4":1,"5":1,"6":1,"7":10,"8":10,"9":1,"10":1,"11":1,"12":10,"13":10,"14":1,"15":1,"16":1,"17":10,"18":10,"19":1,"20":1,"21":1,"22":10},"f":{"0":1,"1":1,"2":1,"3":1},"b":{}}
,"/Users/gu/Workspaces/github/sprint/sprint9/src/controllers/products.controller.ts": {"path":"/Users/gu/Workspaces/github/sprint/sprint9/src/controllers/products.controller.ts","statementMap":{"0":{"start":{"line":2,"column":0},"end":{"line":2,"column":57}},"1":{"start":{"line":13,"column":0},"end":{"line":13,"column":null}},"2":{"start":{"line":25,"column":0},"end":{"line":25,"column":45}},"3":{"start":{"line":28,"column":51},"end":{"line":33,"column":1}},"4":{"start":{"line":29,"column":15},"end":{"line":29,"column":27}},"5":{"start":{"line":30,"column":15},"end":{"line":30,"column":79}},"6":{"start":{"line":32,"column":2},"end":{"line":32,"column":46}},"7":{"start":{"line":28,"column":13},"end":{"line":28,"column":51}},"8":{"start":{"line":35,"column":52},"end":{"line":40,"column":1}},"9":{"start":{"line":36,"column":15},"end":{"line":36,"column":27}},"10":{"start":{"line":37,"column":15},"end":{"line":37,"column":81}},"11":{"start":{"line":39,"column":2},"end":{"line":39,"column":46}},"12":{"start":{"line":35,"column":13},"end":{"line":35,"column":52}},"13":{"start":{"line":42,"column":54},"end":{"line":46,"column":1}},"14":{"start":{"line":43,"column":15},"end":{"line":43,"column":79}},"15":{"start":{"line":45,"column":2},"end":{"line":45,"column":46}},"16":{"start":{"line":42,"column":13},"end":{"line":42,"column":54}},"17":{"start":{"line":48,"column":51},"end":{"line":54,"column":1}},"18":{"start":{"line":49,"column":15},"end":{"line":49,"column":27}},"19":{"start":{"line":51,"column":15},"end":{"line":51,"column":79}},"20":{"start":{"line":53,"column":2},"end":{"line":53,"column":46}},"21":{"start":{"line":48,"column":13},"end":{"line":48,"column":51}},"22":{"start":{"line":56,"column":55},"end":{"line":60,"column":1}},"23":{"start":{"line":57,"column":15},"end":{"line":57,"column":81}},"24":{"start":{"line":59,"column":2},"end":{"line":59,"column":46}},"25":{"start":{"line":56,"column":13},"end":{"line":56,"column":55}},"26":{"start":{"line":62,"column":53},"end":{"line":66,"column":1}},"27":{"start":{"line":63,"column":15},"end":{"line":63,"column":77}},"28":{"start":{"line":65,"column":2},"end":{"line":65,"column":46}},"29":{"start":{"line":62,"column":13},"end":{"line":62,"column":53}},"30":{"start":{"line":68,"column":51},"end":{"line":73,"column":1}},"31":{"start":{"line":69,"column":17},"end":{"line":69,"column":29}},"32":{"start":{"line":70,"column":15},"end":{"line":70,"column":81}},"33":{"start":{"line":72,"column":2},"end":{"line":72,"column":46}},"34":{"start":{"line":68,"column":13},"end":{"line":68,"column":51}},"35":{"start":{"line":75,"column":49},"end":{"line":80,"column":1}},"36":{"start":{"line":76,"column":15},"end":{"line":76,"column":27}},"37":{"start":{"line":77,"column":15},"end":{"line":77,"column":75}},"38":{"start":{"line":79,"column":2},"end":{"line":79,"column":46}},"39":{"start":{"line":75,"column":13},"end":{"line":75,"column":49}},"40":{"start":{"line":82,"column":58},"end":{"line":87,"column":1}},"41":{"start":{"line":83,"column":15},"end":{"line":83,"column":27}},"42":{"start":{"line":84,"column":15},"end":{"line":84,"column":93}},"43":{"start":{"line":86,"column":2},"end":{"line":86,"column":46}},"44":{"start":{"line":82,"column":13},"end":{"line":82,"column":58}},"45":{"start":{"line":89,"column":59},"end":{"line":94,"column":1}},"46":{"start":{"line":90,"column":15},"end":{"line":90,"column":27}},"47":{"start":{"line":91,"column":15},"end":{"line":91,"column":95}},"48":{"start":{"line":93,"column":2},"end":{"line":93,"column":46}},"49":{"start":{"line":89,"column":13},"end":{"line":89,"column":59}}},"fnMap":{"0":{"name":"(anonymous_0)","decl":{"start":{"line":28,"column":51},"end":{"line":28,"column":56}},"loc":{"start":{"line":28,"column":76},"end":{"line":33,"column":1}}},"1":{"name":"(anonymous_1)","decl":{"start":{"line":35,"column":52},"end":{"line":35,"column":57}},"loc":{"start":{"line":35,"column":77},"end":{"line":40,"column":1}}},"2":{"name":"(anonymous_2)","decl":{"start":{"line":42,"column":54},"end":{"line":42,"column":59}},"loc":{"start":{"line":42,"column":79},"end":{"line":46,"column":1}}},"3":{"name":"(anonymous_3)","decl":{"start":{"line":48,"column":51},"end":{"line":48,"column":56}},"loc":{"start":{"line":48,"column":76},"end":{"line":54,"column":1}}},"4":{"name":"(anonymous_4)","decl":{"start":{"line":56,"column":55},"end":{"line":56,"column":60}},"loc":{"start":{"line":56,"column":80},"end":{"line":60,"column":1}}},"5":{"name":"(anonymous_5)","decl":{"start":{"line":62,"column":53},"end":{"line":62,"column":58}},"loc":{"start":{"line":62,"column":78},"end":{"line":66,"column":1}}},"6":{"name":"(anonymous_6)","decl":{"start":{"line":68,"column":51},"end":{"line":68,"column":56}},"loc":{"start":{"line":68,"column":76},"end":{"line":73,"column":1}}},"7":{"name":"(anonymous_7)","decl":{"start":{"line":75,"column":49},"end":{"line":75,"column":54}},"loc":{"start":{"line":75,"column":74},"end":{"line":80,"column":1}}},"8":{"name":"(anonymous_8)","decl":{"start":{"line":82,"column":58},"end":{"line":82,"column":63}},"loc":{"start":{"line":82,"column":83},"end":{"line":87,"column":1}}},"9":{"name":"(anonymous_9)","decl":{"start":{"line":89,"column":59},"end":{"line":89,"column":64}},"loc":{"start":{"line":89,"column":84},"end":{"line":94,"column":1}}}},"branchMap":{},"s":{"0":10,"1":10,"2":10,"3":10,"4":2,"5":2,"6":2,"7":10,"8":10,"9":1,"10":1,"11":1,"12":10,"13":10,"14":1,"15":1,"16":10,"17":10,"18":1,"19":1,"20":1,"21":10,"22":10,"23":1,"24":1,"25":10,"26":10,"27":0,"28":0,"29":10,"30":10,"31":0,"32":0,"33":0,"34":10,"35":10,"36":1,"37":1,"38":1,"39":10,"40":10,"41":2,"42":2,"43":2,"44":10,"45":10,"46":1,"47":1,"48":1,"49":10},"f":{"0":2,"1":1,"2":1,"3":1,"4":1,"5":0,"6":0,"7":1,"8":2,"9":1},"b":{}}
,"/Users/gu/Workspaces/github/sprint/sprint9/src/controllers/root.controller.ts": {"path":"/Users/gu/Workspaces/github/sprint/sprint9/src/controllers/root.controller.ts","statementMap":{"0":{"start":{"line":2,"column":0},"end":{"line":2,"column":58}},"1":{"start":{"line":3,"column":0},"end":{"line":3,"column":57}},"2":{"start":{"line":5,"column":52},"end":{"line":9,"column":1}},"3":{"start":{"line":6,"column":15},"end":{"line":6,"column":31}},"4":{"start":{"line":8,"column":2},"end":{"line":8,"column":46}},"5":{"start":{"line":5,"column":13},"end":{"line":5,"column":52}}},"fnMap":{"0":{"name":"(anonymous_0)","decl":{"start":{"line":5,"column":52},"end":{"line":5,"column":57}},"loc":{"start":{"line":5,"column":77},"end":{"line":9,"column":1}}}},"branchMap":{},"s":{"0":10,"1":10,"2":10,"3":1,"4":1,"5":10},"f":{"0":1},"b":{}}
,"/Users/gu/Workspaces/github/sprint/sprint9/src/controllers/users.controller.ts": {"path":"/Users/gu/Workspaces/github/sprint/sprint9/src/controllers/users.controller.ts","statementMap":{"0":{"start":{"line":2,"column":0},"end":{"line":2,"column":57}},"1":{"start":{"line":3,"column":0},"end":{"line":3,"column":null}},"2":{"start":{"line":25,"column":0},"end":{"line":25,"column":45}},"3":{"start":{"line":29,"column":49},"end":{"line":33,"column":1}},"4":{"start":{"line":30,"column":15},"end":{"line":30,"column":69}},"5":{"start":{"line":32,"column":2},"end":{"line":32,"column":46}},"6":{"start":{"line":29,"column":13},"end":{"line":29,"column":49}},"7":{"start":{"line":35,"column":51},"end":{"line":40,"column":1}},"8":{"start":{"line":36,"column":15},"end":{"line":36,"column":27}},"9":{"start":{"line":37,"column":15},"end":{"line":37,"column":79}},"10":{"start":{"line":39,"column":2},"end":{"line":39,"column":46}},"11":{"start":{"line":35,"column":13},"end":{"line":35,"column":51}},"12":{"start":{"line":42,"column":48},"end":{"line":47,"column":1}},"13":{"start":{"line":43,"column":15},"end":{"line":43,"column":27}},"14":{"start":{"line":44,"column":15},"end":{"line":44,"column":73}},"15":{"start":{"line":46,"column":2},"end":{"line":46,"column":46}},"16":{"start":{"line":42,"column":13},"end":{"line":42,"column":48}},"17":{"start":{"line":49,"column":52},"end":{"line":53,"column":1}},"18":{"start":{"line":50,"column":15},"end":{"line":50,"column":75}},"19":{"start":{"line":52,"column":2},"end":{"line":52,"column":46}},"20":{"start":{"line":49,"column":13},"end":{"line":49,"column":52}},"21":{"start":{"line":55,"column":50},"end":{"line":59,"column":1}},"22":{"start":{"line":56,"column":15},"end":{"line":56,"column":71}},"23":{"start":{"line":58,"column":2},"end":{"line":58,"column":46}},"24":{"start":{"line":55,"column":13},"end":{"line":55,"column":50}},"25":{"start":{"line":61,"column":46},"end":{"line":65,"column":1}},"26":{"start":{"line":62,"column":15},"end":{"line":62,"column":63}},"27":{"start":{"line":64,"column":2},"end":{"line":64,"column":46}},"28":{"start":{"line":61,"column":13},"end":{"line":61,"column":46}},"29":{"start":{"line":67,"column":48},"end":{"line":71,"column":1}},"30":{"start":{"line":68,"column":15},"end":{"line":68,"column":67}},"31":{"start":{"line":70,"column":2},"end":{"line":70,"column":46}},"32":{"start":{"line":67,"column":13},"end":{"line":67,"column":48}},"33":{"start":{"line":73,"column":48},"end":{"line":78,"column":1}},"34":{"start":{"line":74,"column":17},"end":{"line":74,"column":29}},"35":{"start":{"line":75,"column":15},"end":{"line":75,"column":75}},"36":{"start":{"line":77,"column":2},"end":{"line":77,"column":46}},"37":{"start":{"line":73,"column":13},"end":{"line":73,"column":48}},"38":{"start":{"line":80,"column":52},"end":{"line":84,"column":1}},"39":{"start":{"line":81,"column":15},"end":{"line":81,"column":75}},"40":{"start":{"line":83,"column":2},"end":{"line":83,"column":46}},"41":{"start":{"line":80,"column":13},"end":{"line":80,"column":52}},"42":{"start":{"line":86,"column":52},"end":{"line":90,"column":1}},"43":{"start":{"line":87,"column":15},"end":{"line":87,"column":75}},"44":{"start":{"line":89,"column":2},"end":{"line":89,"column":46}},"45":{"start":{"line":86,"column":13},"end":{"line":86,"column":52}}},"fnMap":{"0":{"name":"(anonymous_0)","decl":{"start":{"line":29,"column":49},"end":{"line":29,"column":54}},"loc":{"start":{"line":29,"column":74},"end":{"line":33,"column":1}}},"1":{"name":"(anonymous_1)","decl":{"start":{"line":35,"column":51},"end":{"line":35,"column":56}},"loc":{"start":{"line":35,"column":76},"end":{"line":40,"column":1}}},"2":{"name":"(anonymous_2)","decl":{"start":{"line":42,"column":48},"end":{"line":42,"column":53}},"loc":{"start":{"line":42,"column":73},"end":{"line":47,"column":1}}},"3":{"name":"(anonymous_3)","decl":{"start":{"line":49,"column":52},"end":{"line":49,"column":57}},"loc":{"start":{"line":49,"column":77},"end":{"line":53,"column":1}}},"4":{"name":"(anonymous_4)","decl":{"start":{"line":55,"column":50},"end":{"line":55,"column":55}},"loc":{"start":{"line":55,"column":75},"end":{"line":59,"column":1}}},"5":{"name":"(anonymous_5)","decl":{"start":{"line":61,"column":46},"end":{"line":61,"column":51}},"loc":{"start":{"line":61,"column":71},"end":{"line":65,"column":1}}},"6":{"name":"(anonymous_6)","decl":{"start":{"line":67,"column":48},"end":{"line":67,"column":53}},"loc":{"start":{"line":67,"column":73},"end":{"line":71,"column":1}}},"7":{"name":"(anonymous_7)","decl":{"start":{"line":73,"column":48},"end":{"line":73,"column":53}},"loc":{"start":{"line":73,"column":73},"end":{"line":78,"column":1}}},"8":{"name":"(anonymous_8)","decl":{"start":{"line":80,"column":52},"end":{"line":80,"column":57}},"loc":{"start":{"line":80,"column":77},"end":{"line":84,"column":1}}},"9":{"name":"(anonymous_9)","decl":{"start":{"line":86,"column":52},"end":{"line":86,"column":57}},"loc":{"start":{"line":86,"column":77},"end":{"line":90,"column":1}}}},"branchMap":{},"s":{"0":10,"1":10,"2":10,"3":10,"4":1,"5":1,"6":10,"7":10,"8":1,"9":1,"10":1,"11":10,"12":10,"13":1,"14":1,"15":1,"16":10,"17":10,"18":0,"19":0,"20":10,"21":10,"22":0,"23":0,"24":10,"25":10,"26":0,"27":0,"28":10,"29":10,"30":0,"31":0,"32":10,"33":10,"34":0,"35":0,"36":0,"37":10,"38":10,"39":1,"40":1,"41":10,"42":10,"43":1,"44":1,"45":10},"f":{"0":1,"1":1,"2":1,"3":0,"4":0,"5":0,"6":0,"7":0,"8":1,"9":1},"b":{}}
,"/Users/gu/Workspaces/github/sprint/sprint9/src/entities/article-comment-like.entity.ts": {"path":"/Users/gu/Workspaces/github/sprint/sprint9/src/entities/article-comment-like.entity.ts","statementMap":{"0":{"start":{"line":1,"column":0},"end":{"line":1,"column":82}},"1":{"start":{"line":2,"column":0},"end":{"line":2,"column":36}},"2":{"start":{"line":3,"column":0},"end":{"line":3,"column":43}},"3":{"start":{"line":4,"column":0},"end":{"line":4,"column":64}},"4":{"start":{"line":8,"column":7},"end":{"line":20,"column":null}},"5":{"start":{"line":10,"column":2},"end":{"line":10,"column":24}},"6":{"start":{"line":19,"column":2},"end":{"line":19,"column":31}},"7":{"start":{"line":8,"column":13},"end":{"line":8,"column":37}},"8":{"start":{"line":10,"column":2},"end":{"line":10,"column":null}},"9":{"start":{"line":13,"column":2},"end":{"line":13,"column":null}},"10":{"start":{"line":12,"column":19},"end":{"line":12,"column":29}},"11":{"start":{"line":16,"column":2},"end":{"line":16,"column":null}},"12":{"start":{"line":15,"column":19},"end":{"line":15,"column":39}},"13":{"start":{"line":19,"column":2},"end":{"line":19,"column":null}},"14":{"start":{"line":18,"column":30},"end":{"line":18,"column":40}},"15":{"start":{"line":8,"column":13},"end":{"line":20,"column":null}}},"fnMap":{"0":{"name":"(anonymous_2)","decl":{"start":{"line":8,"column":7},"end":{"line":8,"column":13}},"loc":{"start":{"line":8,"column":7},"end":{"line":20,"column":1}}},"1":{"name":"(anonymous_3)","decl":{"start":{"line":12,"column":13},"end":{"line":12,"column":16}},"loc":{"start":{"line":12,"column":19},"end":{"line":12,"column":29}}},"2":{"name":"(anonymous_4)","decl":{"start":{"line":15,"column":13},"end":{"line":15,"column":16}},"loc":{"start":{"line":15,"column":19},"end":{"line":15,"column":39}}},"3":{"name":"(anonymous_5)","decl":{"start":{"line":18,"column":24},"end":{"line":18,"column":27}},"loc":{"start":{"line":18,"column":30},"end":{"line":18,"column":40}}}},"branchMap":{},"s":{"0":10,"1":10,"2":10,"3":10,"4":10,"5":73,"6":73,"7":10,"8":10,"9":10,"10":27,"11":10,"12":27,"13":10,"14":0,"15":10},"f":{"0":73,"1":27,"2":27,"3":0},"b":{}}
,"/Users/gu/Workspaces/github/sprint/sprint9/src/entities/article-comment.entity.ts": {"path":"/Users/gu/Workspaces/github/sprint/sprint9/src/entities/article-comment.entity.ts","statementMap":{"0":{"start":{"line":1,"column":0},"end":{"line":1,"column":103}},"1":{"start":{"line":2,"column":0},"end":{"line":2,"column":36}},"2":{"start":{"line":3,"column":0},"end":{"line":3,"column":53}},"3":{"start":{"line":4,"column":0},"end":{"line":4,"column":43}},"4":{"start":{"line":5,"column":0},"end":{"line":5,"column":49}},"5":{"start":{"line":6,"column":0},"end":{"line":6,"column":73}},"6":{"start":{"line":9,"column":7},"end":{"line":36,"column":null}},"7":{"start":{"line":11,"column":2},"end":{"line":11,"column":24}},"8":{"start":{"line":23,"column":2},"end":{"line":23,"column":47}},"9":{"start":{"line":26,"column":2},"end":{"line":26,"column":31}},"10":{"start":{"line":29,"column":2},"end":{"line":29,"column":31}},"11":{"start":{"line":35,"column":2},"end":{"line":35,"column":57}},"12":{"start":{"line":9,"column":13},"end":{"line":9,"column":33}},"13":{"start":{"line":11,"column":2},"end":{"line":11,"column":null}},"14":{"start":{"line":14,"column":2},"end":{"line":14,"column":null}},"15":{"start":{"line":17,"column":2},"end":{"line":17,"column":null}},"16":{"start":{"line":16,"column":19},"end":{"line":16,"column":29}},"17":{"start":{"line":20,"column":2},"end":{"line":20,"column":null}},"18":{"start":{"line":19,"column":19},"end":{"line":19,"column":32}},"19":{"start":{"line":23,"column":2},"end":{"line":23,"column":null}},"20":{"start":{"line":22,"column":14},"end":{"line":22,"column":27}},"21":{"start":{"line":26,"column":2},"end":{"line":26,"column":null}},"22":{"start":{"line":25,"column":30},"end":{"line":25,"column":40}},"23":{"start":{"line":29,"column":2},"end":{"line":29,"column":null}},"24":{"start":{"line":28,"column":30},"end":{"line":28,"column":40}},"25":{"start":{"line":32,"column":2},"end":{"line":32,"column":null}},"26":{"start":{"line":35,"column":2},"end":{"line":35,"column":null}},"27":{"start":{"line":34,"column":19},"end":{"line":34,"column":43}},"28":{"start":{"line":34,"column":55},"end":{"line":34,"column":74}},"29":{"start":{"line":9,"column":13},"end":{"line":36,"column":null}}},"fnMap":{"0":{"name":"(anonymous_2)","decl":{"start":{"line":9,"column":7},"end":{"line":9,"column":13}},"loc":{"start":{"line":9,"column":7},"end":{"line":36,"column":1}}},"1":{"name":"(anonymous_3)","decl":{"start":{"line":16,"column":13},"end":{"line":16,"column":16}},"loc":{"start":{"line":16,"column":19},"end":{"line":16,"column":29}}},"2":{"name":"(anonymous_4)","decl":{"start":{"line":19,"column":13},"end":{"line":19,"column":16}},"loc":{"start":{"line":19,"column":19},"end":{"line":19,"column":32}}},"3":{"name":"(anonymous_5)","decl":{"start":{"line":22,"column":8},"end":{"line":22,"column":11}},"loc":{"start":{"line":22,"column":14},"end":{"line":22,"column":27}}},"4":{"name":"(anonymous_6)","decl":{"start":{"line":25,"column":24},"end":{"line":25,"column":27}},"loc":{"start":{"line":25,"column":30},"end":{"line":25,"column":40}}},"5":{"name":"(anonymous_7)","decl":{"start":{"line":28,"column":24},"end":{"line":28,"column":27}},"loc":{"start":{"line":28,"column":30},"end":{"line":28,"column":40}}},"6":{"name":"(anonymous_8)","decl":{"start":{"line":34,"column":13},"end":{"line":34,"column":16}},"loc":{"start":{"line":34,"column":19},"end":{"line":34,"column":43}}},"7":{"name":"(anonymous_9)","decl":{"start":{"line":34,"column":45},"end":{"line":34,"column":46}},"loc":{"start":{"line":34,"column":55},"end":{"line":34,"column":74}}}},"branchMap":{},"s":{"0":10,"1":10,"2":10,"3":10,"4":10,"5":10,"6":10,"7":164,"8":164,"9":164,"10":164,"11":164,"12":10,"13":10,"14":10,"15":10,"16":27,"17":10,"18":27,"19":10,"20":9,"21":10,"22":0,"23":10,"24":2,"25":10,"26":10,"27":27,"28":9,"29":10},"f":{"0":164,"1":27,"2":27,"3":9,"4":0,"5":2,"6":27,"7":9},"b":{}}
,"/Users/gu/Workspaces/github/sprint/sprint9/src/entities/article-image-link.entity.ts": {"path":"/Users/gu/Workspaces/github/sprint/sprint9/src/entities/article-image-link.entity.ts","statementMap":{"0":{"start":{"line":1,"column":0},"end":{"line":1,"column":74}},"1":{"start":{"line":2,"column":0},"end":{"line":2,"column":36}},"2":{"start":{"line":3,"column":0},"end":{"line":3,"column":49}},"3":{"start":{"line":4,"column":0},"end":{"line":4,"column":45}},"4":{"start":{"line":7,"column":7},"end":{"line":16,"column":null}},"5":{"start":{"line":9,"column":2},"end":{"line":9,"column":24}},"6":{"start":{"line":7,"column":13},"end":{"line":7,"column":35}},"7":{"start":{"line":9,"column":2},"end":{"line":9,"column":null}},"8":{"start":{"line":12,"column":2},"end":{"line":12,"column":null}},"9":{"start":{"line":11,"column":19},"end":{"line":11,"column":32}},"10":{"start":{"line":15,"column":2},"end":{"line":15,"column":null}},"11":{"start":{"line":14,"column":19},"end":{"line":14,"column":30}},"12":{"start":{"line":7,"column":13},"end":{"line":16,"column":null}}},"fnMap":{"0":{"name":"(anonymous_2)","decl":{"start":{"line":7,"column":7},"end":{"line":7,"column":13}},"loc":{"start":{"line":7,"column":7},"end":{"line":16,"column":1}}},"1":{"name":"(anonymous_3)","decl":{"start":{"line":11,"column":13},"end":{"line":11,"column":16}},"loc":{"start":{"line":11,"column":19},"end":{"line":11,"column":32}}},"2":{"name":"(anonymous_4)","decl":{"start":{"line":14,"column":13},"end":{"line":14,"column":16}},"loc":{"start":{"line":14,"column":19},"end":{"line":14,"column":30}}}},"branchMap":{},"s":{"0":10,"1":10,"2":10,"3":10,"4":10,"5":54,"6":10,"7":10,"8":10,"9":27,"10":10,"11":27,"12":10},"f":{"0":54,"1":27,"2":27},"b":{}}
,"/Users/gu/Workspaces/github/sprint/sprint9/src/entities/article-like.entity.ts": {"path":"/Users/gu/Workspaces/github/sprint/sprint9/src/entities/article-like.entity.ts","statementMap":{"0":{"start":{"line":1,"column":0},"end":{"line":1,"column":82}},"1":{"start":{"line":2,"column":0},"end":{"line":2,"column":36}},"2":{"start":{"line":3,"column":0},"end":{"line":3,"column":43}},"3":{"start":{"line":4,"column":0},"end":{"line":4,"column":49}},"4":{"start":{"line":8,"column":7},"end":{"line":20,"column":null}},"5":{"start":{"line":10,"column":2},"end":{"line":10,"column":24}},"6":{"start":{"line":19,"column":2},"end":{"line":19,"column":31}},"7":{"start":{"line":8,"column":13},"end":{"line":8,"column":30}},"8":{"start":{"line":10,"column":2},"end":{"line":10,"column":null}},"9":{"start":{"line":13,"column":2},"end":{"line":13,"column":null}},"10":{"start":{"line":12,"column":19},"end":{"line":12,"column":29}},"11":{"start":{"line":16,"column":2},"end":{"line":16,"column":null}},"12":{"start":{"line":15,"column":19},"end":{"line":15,"column":32}},"13":{"start":{"line":19,"column":2},"end":{"line":19,"column":null}},"14":{"start":{"line":18,"column":30},"end":{"line":18,"column":40}},"15":{"start":{"line":8,"column":13},"end":{"line":20,"column":null}}},"fnMap":{"0":{"name":"(anonymous_2)","decl":{"start":{"line":8,"column":7},"end":{"line":8,"column":13}},"loc":{"start":{"line":8,"column":7},"end":{"line":20,"column":1}}},"1":{"name":"(anonymous_3)","decl":{"start":{"line":12,"column":13},"end":{"line":12,"column":16}},"loc":{"start":{"line":12,"column":19},"end":{"line":12,"column":29}}},"2":{"name":"(anonymous_4)","decl":{"start":{"line":15,"column":13},"end":{"line":15,"column":16}},"loc":{"start":{"line":15,"column":19},"end":{"line":15,"column":32}}},"3":{"name":"(anonymous_5)","decl":{"start":{"line":18,"column":24},"end":{"line":18,"column":27}},"loc":{"start":{"line":18,"column":30},"end":{"line":18,"column":40}}}},"branchMap":{},"s":{"0":10,"1":10,"2":10,"3":10,"4":10,"5":73,"6":73,"7":10,"8":10,"9":10,"10":27,"11":10,"12":27,"13":10,"14":0,"15":10},"f":{"0":73,"1":27,"2":27,"3":0},"b":{}}
,"/Users/gu/Workspaces/github/sprint/sprint9/src/entities/article-tag.entity.ts": {"path":"/Users/gu/Workspaces/github/sprint/sprint9/src/entities/article-tag.entity.ts","statementMap":{"0":{"start":{"line":1,"column":0},"end":{"line":1,"column":93}},"1":{"start":{"line":2,"column":0},"end":{"line":2,"column":36}},"2":{"start":{"line":3,"column":0},"end":{"line":3,"column":53}},"3":{"start":{"line":4,"column":0},"end":{"line":4,"column":49}},"4":{"start":{"line":7,"column":7},"end":{"line":28,"column":null}},"5":{"start":{"line":9,"column":2},"end":{"line":9,"column":24}},"6":{"start":{"line":15,"column":2},"end":{"line":15,"column":47}},"7":{"start":{"line":18,"column":2},"end":{"line":18,"column":49}},"8":{"start":{"line":21,"column":2},"end":{"line":21,"column":31}},"9":{"start":{"line":24,"column":2},"end":{"line":24,"column":31}},"10":{"start":{"line":7,"column":13},"end":{"line":7,"column":29}},"11":{"start":{"line":9,"column":2},"end":{"line":9,"column":null}},"12":{"start":{"line":12,"column":2},"end":{"line":12,"column":null}},"13":{"start":{"line":15,"column":2},"end":{"line":15,"column":null}},"14":{"start":{"line":14,"column":14},"end":{"line":14,"column":27}},"15":{"start":{"line":18,"column":2},"end":{"line":18,"column":null}},"16":{"start":{"line":17,"column":20},"end":{"line":17,"column":33}},"17":{"start":{"line":17,"column":48},"end":{"line":17,"column":60}},"18":{"start":{"line":21,"column":2},"end":{"line":21,"column":null}},"19":{"start":{"line":20,"column":30},"end":{"line":20,"column":40}},"20":{"start":{"line":24,"column":2},"end":{"line":24,"column":null}},"21":{"start":{"line":23,"column":30},"end":{"line":23,"column":40}},"22":{"start":{"line":27,"column":2},"end":{"line":27,"column":null}},"23":{"start":{"line":7,"column":13},"end":{"line":28,"column":null}}},"fnMap":{"0":{"name":"(anonymous_2)","decl":{"start":{"line":7,"column":7},"end":{"line":7,"column":13}},"loc":{"start":{"line":7,"column":7},"end":{"line":28,"column":1}}},"1":{"name":"(anonymous_3)","decl":{"start":{"line":14,"column":8},"end":{"line":14,"column":11}},"loc":{"start":{"line":14,"column":14},"end":{"line":14,"column":27}}},"2":{"name":"(anonymous_4)","decl":{"start":{"line":17,"column":14},"end":{"line":17,"column":17}},"loc":{"start":{"line":17,"column":20},"end":{"line":17,"column":33}}},"3":{"name":"(anonymous_5)","decl":{"start":{"line":17,"column":35},"end":{"line":17,"column":36}},"loc":{"start":{"line":17,"column":48},"end":{"line":17,"column":60}}},"4":{"name":"(anonymous_6)","decl":{"start":{"line":20,"column":24},"end":{"line":20,"column":27}},"loc":{"start":{"line":20,"column":30},"end":{"line":20,"column":40}}},"5":{"name":"(anonymous_7)","decl":{"start":{"line":23,"column":24},"end":{"line":23,"column":27}},"loc":{"start":{"line":23,"column":30},"end":{"line":23,"column":40}}}},"branchMap":{},"s":{"0":10,"1":10,"2":10,"3":10,"4":10,"5":126,"6":126,"7":126,"8":126,"9":126,"10":10,"11":10,"12":10,"13":10,"14":9,"15":10,"16":27,"17":9,"18":10,"19":0,"20":10,"21":0,"22":10,"23":10},"f":{"0":126,"1":9,"2":27,"3":9,"4":0,"5":0},"b":{}}
,"/Users/gu/Workspaces/github/sprint/sprint9/src/entities/article.entity.ts": {"path":"/Users/gu/Workspaces/github/sprint/sprint9/src/entities/article.entity.ts","statementMap":{"0":{"start":{"line":1,"column":0},"end":{"line":1,"column":115}},"1":{"start":{"line":2,"column":0},"end":{"line":2,"column":36}},"2":{"start":{"line":3,"column":0},"end":{"line":3,"column":53}},"3":{"start":{"line":4,"column":0},"end":{"line":4,"column":43}},"4":{"start":{"line":5,"column":0},"end":{"line":5,"column":56}},"5":{"start":{"line":6,"column":0},"end":{"line":6,"column":69}},"6":{"start":{"line":7,"column":0},"end":{"line":7,"column":64}},"7":{"start":{"line":8,"column":0},"end":{"line":8,"column":58}},"8":{"start":{"line":11,"column":7},"end":{"line":47,"column":null}},"9":{"start":{"line":13,"column":2},"end":{"line":13,"column":24}},"10":{"start":{"line":25,"column":2},"end":{"line":25,"column":48}},"11":{"start":{"line":28,"column":2},"end":{"line":28,"column":47}},"12":{"start":{"line":31,"column":2},"end":{"line":31,"column":31}},"13":{"start":{"line":34,"column":2},"end":{"line":34,"column":31}},"14":{"start":{"line":40,"column":2},"end":{"line":40,"column":56}},"15":{"start":{"line":43,"column":2},"end":{"line":43,"column":56}},"16":{"start":{"line":46,"column":2},"end":{"line":46,"column":50}},"17":{"start":{"line":11,"column":13},"end":{"line":11,"column":26}},"18":{"start":{"line":13,"column":2},"end":{"line":13,"column":null}},"19":{"start":{"line":16,"column":2},"end":{"line":16,"column":null}},"20":{"start":{"line":19,"column":2},"end":{"line":19,"column":null}},"21":{"start":{"line":22,"column":2},"end":{"line":22,"column":null}},"22":{"start":{"line":21,"column":19},"end":{"line":21,"column":29}},"23":{"start":{"line":25,"column":2},"end":{"line":25,"column":null}},"24":{"start":{"line":24,"column":20},"end":{"line":24,"column":36}},"25":{"start":{"line":24,"column":47},"end":{"line":24,"column":59}},"26":{"start":{"line":28,"column":2},"end":{"line":28,"column":null}},"27":{"start":{"line":27,"column":14},"end":{"line":27,"column":27}},"28":{"start":{"line":31,"column":2},"end":{"line":31,"column":null}},"29":{"start":{"line":30,"column":30},"end":{"line":30,"column":40}},"30":{"start":{"line":34,"column":2},"end":{"line":34,"column":null}},"31":{"start":{"line":33,"column":30},"end":{"line":33,"column":40}},"32":{"start":{"line":37,"column":2},"end":{"line":37,"column":null}},"33":{"start":{"line":40,"column":2},"end":{"line":40,"column":null}},"34":{"start":{"line":39,"column":19},"end":{"line":39,"column":41}},"35":{"start":{"line":39,"column":53},"end":{"line":39,"column":65}},"36":{"start":{"line":43,"column":2},"end":{"line":43,"column":null}},"37":{"start":{"line":42,"column":19},"end":{"line":42,"column":39}},"38":{"start":{"line":42,"column":54},"end":{"line":42,"column":69}},"39":{"start":{"line":46,"column":2},"end":{"line":46,"column":null}},"40":{"start":{"line":45,"column":19},"end":{"line":45,"column":36}},"41":{"start":{"line":45,"column":48},"end":{"line":45,"column":60}},"42":{"start":{"line":11,"column":13},"end":{"line":47,"column":null}}},"fnMap":{"0":{"name":"(anonymous_2)","decl":{"start":{"line":11,"column":7},"end":{"line":11,"column":13}},"loc":{"start":{"line":11,"column":7},"end":{"line":47,"column":1}}},"1":{"name":"(anonymous_3)","decl":{"start":{"line":21,"column":13},"end":{"line":21,"column":16}},"loc":{"start":{"line":21,"column":19},"end":{"line":21,"column":29}}},"2":{"name":"(anonymous_4)","decl":{"start":{"line":24,"column":14},"end":{"line":24,"column":17}},"loc":{"start":{"line":24,"column":20},"end":{"line":24,"column":36}}},"3":{"name":"(anonymous_5)","decl":{"start":{"line":24,"column":38},"end":{"line":24,"column":39}},"loc":{"start":{"line":24,"column":47},"end":{"line":24,"column":59}}},"4":{"name":"(anonymous_6)","decl":{"start":{"line":27,"column":8},"end":{"line":27,"column":11}},"loc":{"start":{"line":27,"column":14},"end":{"line":27,"column":27}}},"5":{"name":"(anonymous_7)","decl":{"start":{"line":30,"column":24},"end":{"line":30,"column":27}},"loc":{"start":{"line":30,"column":30},"end":{"line":30,"column":40}}},"6":{"name":"(anonymous_8)","decl":{"start":{"line":33,"column":24},"end":{"line":33,"column":27}},"loc":{"start":{"line":33,"column":30},"end":{"line":33,"column":40}}},"7":{"name":"(anonymous_9)","decl":{"start":{"line":39,"column":13},"end":{"line":39,"column":16}},"loc":{"start":{"line":39,"column":19},"end":{"line":39,"column":41}}},"8":{"name":"(anonymous_10)","decl":{"start":{"line":39,"column":43},"end":{"line":39,"column":44}},"loc":{"start":{"line":39,"column":53},"end":{"line":39,"column":65}}},"9":{"name":"(anonymous_11)","decl":{"start":{"line":42,"column":13},"end":{"line":42,"column":16}},"loc":{"start":{"line":42,"column":19},"end":{"line":42,"column":39}}},"10":{"name":"(anonymous_12)","decl":{"start":{"line":42,"column":41},"end":{"line":42,"column":42}},"loc":{"start":{"line":42,"column":54},"end":{"line":42,"column":69}}},"11":{"name":"(anonymous_13)","decl":{"start":{"line":45,"column":13},"end":{"line":45,"column":16}},"loc":{"start":{"line":45,"column":19},"end":{"line":45,"column":36}}},"12":{"name":"(anonymous_14)","decl":{"start":{"line":45,"column":38},"end":{"line":45,"column":39}},"loc":{"start":{"line":45,"column":48},"end":{"line":45,"column":60}}}},"branchMap":{},"s":{"0":10,"1":10,"2":10,"3":10,"4":10,"5":10,"6":10,"7":10,"8":10,"9":218,"10":218,"11":218,"12":218,"13":218,"14":218,"15":218,"16":218,"17":10,"18":10,"19":10,"20":10,"21":10,"22":27,"23":10,"24":27,"25":9,"26":10,"27":9,"28":10,"29":0,"30":10,"31":1,"32":10,"33":10,"34":27,"35":9,"36":10,"37":27,"38":9,"39":10,"40":27,"41":9,"42":10},"f":{"0":218,"1":27,"2":27,"3":9,"4":9,"5":0,"6":1,"7":27,"8":9,"9":27,"10":9,"11":27,"12":9},"b":{}}
,"/Users/gu/Workspaces/github/sprint/sprint9/src/entities/image.entity.ts": {"path":"/Users/gu/Workspaces/github/sprint/sprint9/src/entities/image.entity.ts","statementMap":{"0":{"start":{"line":1,"column":0},"end":{"line":1,"column":86}},"1":{"start":{"line":2,"column":0},"end":{"line":2,"column":36}},"2":{"start":{"line":3,"column":0},"end":{"line":3,"column":69}},"3":{"start":{"line":4,"column":0},"end":{"line":4,"column":69}},"4":{"start":{"line":5,"column":0},"end":{"line":5,"column":43}},"5":{"start":{"line":8,"column":7},"end":{"line":32,"column":null}},"6":{"start":{"line":10,"column":2},"end":{"line":10,"column":24}},"7":{"start":{"line":22,"column":2},"end":{"line":22,"column":31}},"8":{"start":{"line":25,"column":2},"end":{"line":25,"column":63}},"9":{"start":{"line":28,"column":2},"end":{"line":28,"column":63}},"10":{"start":{"line":31,"column":2},"end":{"line":31,"column":43}},"11":{"start":{"line":8,"column":13},"end":{"line":8,"column":24}},"12":{"start":{"line":10,"column":2},"end":{"line":10,"column":null}},"13":{"start":{"line":13,"column":2},"end":{"line":13,"column":null}},"14":{"start":{"line":16,"column":2},"end":{"line":16,"column":null}},"15":{"start":{"line":19,"column":2},"end":{"line":19,"column":null}},"16":{"start":{"line":22,"column":2},"end":{"line":22,"column":null}},"17":{"start":{"line":21,"column":30},"end":{"line":21,"column":40}},"18":{"start":{"line":25,"column":2},"end":{"line":25,"column":null}},"19":{"start":{"line":24,"column":19},"end":{"line":24,"column":41}},"20":{"start":{"line":24,"column":53},"end":{"line":24,"column":63}},"21":{"start":{"line":28,"column":2},"end":{"line":28,"column":null}},"22":{"start":{"line":27,"column":19},"end":{"line":27,"column":41}},"23":{"start":{"line":27,"column":53},"end":{"line":27,"column":63}},"24":{"start":{"line":31,"column":2},"end":{"line":31,"column":44}},"25":{"start":{"line":30,"column":19},"end":{"line":30,"column":29}},"26":{"start":{"line":30,"column":41},"end":{"line":30,"column":51}},"27":{"start":{"line":8,"column":13},"end":{"line":32,"column":null}}},"fnMap":{"0":{"name":"(anonymous_2)","decl":{"start":{"line":8,"column":7},"end":{"line":8,"column":13}},"loc":{"start":{"line":8,"column":7},"end":{"line":32,"column":1}}},"1":{"name":"(anonymous_3)","decl":{"start":{"line":21,"column":24},"end":{"line":21,"column":27}},"loc":{"start":{"line":21,"column":30},"end":{"line":21,"column":40}}},"2":{"name":"(anonymous_4)","decl":{"start":{"line":24,"column":13},"end":{"line":24,"column":16}},"loc":{"start":{"line":24,"column":19},"end":{"line":24,"column":41}}},"3":{"name":"(anonymous_5)","decl":{"start":{"line":24,"column":43},"end":{"line":24,"column":44}},"loc":{"start":{"line":24,"column":53},"end":{"line":24,"column":63}}},"4":{"name":"(anonymous_6)","decl":{"start":{"line":27,"column":13},"end":{"line":27,"column":16}},"loc":{"start":{"line":27,"column":19},"end":{"line":27,"column":41}}},"5":{"name":"(anonymous_7)","decl":{"start":{"line":27,"column":43},"end":{"line":27,"column":44}},"loc":{"start":{"line":27,"column":53},"end":{"line":27,"column":63}}},"6":{"name":"(anonymous_8)","decl":{"start":{"line":30,"column":13},"end":{"line":30,"column":16}},"loc":{"start":{"line":30,"column":19},"end":{"line":30,"column":29}}},"7":{"name":"(anonymous_9)","decl":{"start":{"line":30,"column":31},"end":{"line":30,"column":32}},"loc":{"start":{"line":30,"column":41},"end":{"line":30,"column":51}}}},"branchMap":{},"s":{"0":10,"1":10,"2":10,"3":10,"4":10,"5":10,"6":145,"7":145,"8":145,"9":145,"10":145,"11":10,"12":10,"13":10,"14":10,"15":10,"16":10,"17":0,"18":10,"19":27,"20":9,"21":10,"22":27,"23":9,"24":10,"25":27,"26":9,"27":10},"f":{"0":145,"1":0,"2":27,"3":9,"4":27,"5":9,"6":27,"7":9},"b":{}}
,"/Users/gu/Workspaces/github/sprint/sprint9/src/entities/log.entity.ts": {"path":"/Users/gu/Workspaces/github/sprint/sprint9/src/entities/log.entity.ts","statementMap":{"0":{"start":{"line":1,"column":0},"end":{"line":1,"column":63}},"1":{"start":{"line":2,"column":0},"end":{"line":2,"column":36}},"2":{"start":{"line":5,"column":7},"end":{"line":26,"column":null}},"3":{"start":{"line":7,"column":2},"end":{"line":7,"column":24}},"4":{"start":{"line":25,"column":2},"end":{"line":25,"column":31}},"5":{"start":{"line":5,"column":13},"end":{"line":5,"column":22}},"6":{"start":{"line":7,"column":2},"end":{"line":7,"column":null}},"7":{"start":{"line":10,"column":2},"end":{"line":10,"column":null}},"8":{"start":{"line":13,"column":2},"end":{"line":13,"column":null}},"9":{"start":{"line":16,"column":2},"end":{"line":16,"column":null}},"10":{"start":{"line":19,"column":2},"end":{"line":19,"column":null}},"11":{"start":{"line":22,"column":2},"end":{"line":22,"column":null}},"12":{"start":{"line":25,"column":2},"end":{"line":25,"column":null}},"13":{"start":{"line":24,"column":30},"end":{"line":24,"column":40}},"14":{"start":{"line":5,"column":13},"end":{"line":26,"column":null}}},"fnMap":{"0":{"name":"(anonymous_2)","decl":{"start":{"line":5,"column":7},"end":{"line":5,"column":13}},"loc":{"start":{"line":5,"column":7},"end":{"line":26,"column":1}}},"1":{"name":"(anonymous_3)","decl":{"start":{"line":24,"column":24},"end":{"line":24,"column":27}},"loc":{"start":{"line":24,"column":30},"end":{"line":24,"column":40}}}},"branchMap":{},"s":{"0":10,"1":10,"2":10,"3":144,"4":144,"5":10,"6":10,"7":10,"8":10,"9":10,"10":10,"11":10,"12":10,"13":0,"14":10},"f":{"0":144,"1":0},"b":{}}
,"/Users/gu/Workspaces/github/sprint/sprint9/src/entities/notification.entity.ts": {"path":"/Users/gu/Workspaces/github/sprint/sprint9/src/entities/notification.entity.ts","statementMap":{"0":{"start":{"line":1,"column":0},"end":{"line":1,"column":74}},"1":{"start":{"line":2,"column":0},"end":{"line":2,"column":36}},"2":{"start":{"line":3,"column":0},"end":{"line":3,"column":43}},"3":{"start":{"line":6,"column":7},"end":{"line":27,"column":null}},"4":{"start":{"line":8,"column":2},"end":{"line":8,"column":24}},"5":{"start":{"line":14,"column":2},"end":{"line":14,"column":26}},"6":{"start":{"line":17,"column":2},"end":{"line":17,"column":31}},"7":{"start":{"line":6,"column":13},"end":{"line":6,"column":31}},"8":{"start":{"line":8,"column":2},"end":{"line":8,"column":null}},"9":{"start":{"line":11,"column":2},"end":{"line":11,"column":null}},"10":{"start":{"line":14,"column":2},"end":{"line":14,"column":null}},"11":{"start":{"line":17,"column":2},"end":{"line":17,"column":null}},"12":{"start":{"line":16,"column":30},"end":{"line":16,"column":40}},"13":{"start":{"line":20,"column":2},"end":{"line":20,"column":null}},"14":{"start":{"line":19,"column":30},"end":{"line":19,"column":40}},"15":{"start":{"line":23,"column":2},"end":{"line":23,"column":null}},"16":{"start":{"line":26,"column":2},"end":{"line":26,"column":null}},"17":{"start":{"line":25,"column":19},"end":{"line":25,"column":29}},"18":{"start":{"line":6,"column":13},"end":{"line":27,"column":null}}},"fnMap":{"0":{"name":"(anonymous_2)","decl":{"start":{"line":6,"column":7},"end":{"line":6,"column":13}},"loc":{"start":{"line":6,"column":7},"end":{"line":27,"column":1}}},"1":{"name":"(anonymous_3)","decl":{"start":{"line":16,"column":24},"end":{"line":16,"column":27}},"loc":{"start":{"line":16,"column":30},"end":{"line":16,"column":40}}},"2":{"name":"(anonymous_4)","decl":{"start":{"line":19,"column":24},"end":{"line":19,"column":27}},"loc":{"start":{"line":19,"column":30},"end":{"line":19,"column":40}}},"3":{"name":"(anonymous_5)","decl":{"start":{"line":25,"column":13},"end":{"line":25,"column":16}},"loc":{"start":{"line":25,"column":19},"end":{"line":25,"column":29}}}},"branchMap":{},"s":{"0":10,"1":10,"2":10,"3":10,"4":127,"5":127,"6":127,"7":10,"8":10,"9":10,"10":10,"11":10,"12":0,"13":10,"14":1,"15":10,"16":10,"17":27,"18":10},"f":{"0":127,"1":0,"2":1,"3":27},"b":{}}
,"/Users/gu/Workspaces/github/sprint/sprint9/src/entities/product-comment-like.entity.ts": {"path":"/Users/gu/Workspaces/github/sprint/sprint9/src/entities/product-comment-like.entity.ts","statementMap":{"0":{"start":{"line":1,"column":0},"end":{"line":1,"column":82}},"1":{"start":{"line":2,"column":0},"end":{"line":2,"column":36}},"2":{"start":{"line":3,"column":0},"end":{"line":3,"column":43}},"3":{"start":{"line":4,"column":0},"end":{"line":4,"column":64}},"4":{"start":{"line":8,"column":7},"end":{"line":20,"column":null}},"5":{"start":{"line":10,"column":2},"end":{"line":10,"column":24}},"6":{"start":{"line":19,"column":2},"end":{"line":19,"column":31}},"7":{"start":{"line":8,"column":13},"end":{"line":8,"column":37}},"8":{"start":{"line":10,"column":2},"end":{"line":10,"column":null}},"9":{"start":{"line":13,"column":2},"end":{"line":13,"column":null}},"10":{"start":{"line":12,"column":19},"end":{"line":12,"column":29}},"11":{"start":{"line":16,"column":2},"end":{"line":16,"column":null}},"12":{"start":{"line":15,"column":19},"end":{"line":15,"column":39}},"13":{"start":{"line":19,"column":2},"end":{"line":19,"column":null}},"14":{"start":{"line":18,"column":30},"end":{"line":18,"column":40}},"15":{"start":{"line":8,"column":13},"end":{"line":20,"column":null}}},"fnMap":{"0":{"name":"(anonymous_2)","decl":{"start":{"line":8,"column":7},"end":{"line":8,"column":13}},"loc":{"start":{"line":8,"column":7},"end":{"line":20,"column":1}}},"1":{"name":"(anonymous_3)","decl":{"start":{"line":12,"column":13},"end":{"line":12,"column":16}},"loc":{"start":{"line":12,"column":19},"end":{"line":12,"column":29}}},"2":{"name":"(anonymous_4)","decl":{"start":{"line":15,"column":13},"end":{"line":15,"column":16}},"loc":{"start":{"line":15,"column":19},"end":{"line":15,"column":39}}},"3":{"name":"(anonymous_5)","decl":{"start":{"line":18,"column":24},"end":{"line":18,"column":27}},"loc":{"start":{"line":18,"column":30},"end":{"line":18,"column":40}}}},"branchMap":{},"s":{"0":10,"1":10,"2":10,"3":10,"4":10,"5":73,"6":73,"7":10,"8":10,"9":10,"10":27,"11":10,"12":27,"13":10,"14":0,"15":10},"f":{"0":73,"1":27,"2":27,"3":0},"b":{}}
,"/Users/gu/Workspaces/github/sprint/sprint9/src/entities/product-comment.entity.ts": {"path":"/Users/gu/Workspaces/github/sprint/sprint9/src/entities/product-comment.entity.ts","statementMap":{"0":{"start":{"line":1,"column":0},"end":{"line":1,"column":103}},"1":{"start":{"line":2,"column":0},"end":{"line":2,"column":36}},"2":{"start":{"line":3,"column":0},"end":{"line":3,"column":53}},"3":{"start":{"line":4,"column":0},"end":{"line":4,"column":43}},"4":{"start":{"line":5,"column":0},"end":{"line":5,"column":49}},"5":{"start":{"line":6,"column":0},"end":{"line":6,"column":73}},"6":{"start":{"line":9,"column":7},"end":{"line":36,"column":null}},"7":{"start":{"line":11,"column":2},"end":{"line":11,"column":24}},"8":{"start":{"line":23,"column":2},"end":{"line":23,"column":47}},"9":{"start":{"line":26,"column":2},"end":{"line":26,"column":31}},"10":{"start":{"line":29,"column":2},"end":{"line":29,"column":31}},"11":{"start":{"line":35,"column":2},"end":{"line":35,"column":57}},"12":{"start":{"line":9,"column":13},"end":{"line":9,"column":33}},"13":{"start":{"line":11,"column":2},"end":{"line":11,"column":null}},"14":{"start":{"line":14,"column":2},"end":{"line":14,"column":null}},"15":{"start":{"line":17,"column":2},"end":{"line":17,"column":null}},"16":{"start":{"line":16,"column":19},"end":{"line":16,"column":29}},"17":{"start":{"line":20,"column":2},"end":{"line":20,"column":null}},"18":{"start":{"line":19,"column":19},"end":{"line":19,"column":32}},"19":{"start":{"line":23,"column":2},"end":{"line":23,"column":null}},"20":{"start":{"line":22,"column":14},"end":{"line":22,"column":27}},"21":{"start":{"line":26,"column":2},"end":{"line":26,"column":null}},"22":{"start":{"line":25,"column":30},"end":{"line":25,"column":40}},"23":{"start":{"line":29,"column":2},"end":{"line":29,"column":null}},"24":{"start":{"line":28,"column":30},"end":{"line":28,"column":40}},"25":{"start":{"line":32,"column":2},"end":{"line":32,"column":null}},"26":{"start":{"line":35,"column":2},"end":{"line":35,"column":null}},"27":{"start":{"line":34,"column":19},"end":{"line":34,"column":43}},"28":{"start":{"line":34,"column":55},"end":{"line":34,"column":74}},"29":{"start":{"line":9,"column":13},"end":{"line":36,"column":null}}},"fnMap":{"0":{"name":"(anonymous_2)","decl":{"start":{"line":9,"column":7},"end":{"line":9,"column":13}},"loc":{"start":{"line":9,"column":7},"end":{"line":36,"column":1}}},"1":{"name":"(anonymous_3)","decl":{"start":{"line":16,"column":13},"end":{"line":16,"column":16}},"loc":{"start":{"line":16,"column":19},"end":{"line":16,"column":29}}},"2":{"name":"(anonymous_4)","decl":{"start":{"line":19,"column":13},"end":{"line":19,"column":16}},"loc":{"start":{"line":19,"column":19},"end":{"line":19,"column":32}}},"3":{"name":"(anonymous_5)","decl":{"start":{"line":22,"column":8},"end":{"line":22,"column":11}},"loc":{"start":{"line":22,"column":14},"end":{"line":22,"column":27}}},"4":{"name":"(anonymous_6)","decl":{"start":{"line":25,"column":24},"end":{"line":25,"column":27}},"loc":{"start":{"line":25,"column":30},"end":{"line":25,"column":40}}},"5":{"name":"(anonymous_7)","decl":{"start":{"line":28,"column":24},"end":{"line":28,"column":27}},"loc":{"start":{"line":28,"column":30},"end":{"line":28,"column":40}}},"6":{"name":"(anonymous_8)","decl":{"start":{"line":34,"column":13},"end":{"line":34,"column":16}},"loc":{"start":{"line":34,"column":19},"end":{"line":34,"column":43}}},"7":{"name":"(anonymous_9)","decl":{"start":{"line":34,"column":45},"end":{"line":34,"column":46}},"loc":{"start":{"line":34,"column":55},"end":{"line":34,"column":74}}}},"branchMap":{},"s":{"0":10,"1":10,"2":10,"3":10,"4":10,"5":10,"6":10,"7":164,"8":164,"9":164,"10":164,"11":164,"12":10,"13":10,"14":10,"15":10,"16":27,"17":10,"18":27,"19":10,"20":9,"21":10,"22":0,"23":10,"24":2,"25":10,"26":10,"27":27,"28":9,"29":10},"f":{"0":164,"1":27,"2":27,"3":9,"4":0,"5":2,"6":27,"7":9},"b":{}}
,"/Users/gu/Workspaces/github/sprint/sprint9/src/entities/product-image-link.entity.ts": {"path":"/Users/gu/Workspaces/github/sprint/sprint9/src/entities/product-image-link.entity.ts","statementMap":{"0":{"start":{"line":1,"column":0},"end":{"line":1,"column":74}},"1":{"start":{"line":2,"column":0},"end":{"line":2,"column":36}},"2":{"start":{"line":3,"column":0},"end":{"line":3,"column":49}},"3":{"start":{"line":4,"column":0},"end":{"line":4,"column":45}},"4":{"start":{"line":7,"column":7},"end":{"line":16,"column":null}},"5":{"start":{"line":9,"column":2},"end":{"line":9,"column":24}},"6":{"start":{"line":7,"column":13},"end":{"line":7,"column":35}},"7":{"start":{"line":9,"column":2},"end":{"line":9,"column":null}},"8":{"start":{"line":12,"column":2},"end":{"line":12,"column":null}},"9":{"start":{"line":11,"column":19},"end":{"line":11,"column":32}},"10":{"start":{"line":15,"column":2},"end":{"line":15,"column":null}},"11":{"start":{"line":14,"column":19},"end":{"line":14,"column":30}},"12":{"start":{"line":7,"column":13},"end":{"line":16,"column":null}}},"fnMap":{"0":{"name":"(anonymous_2)","decl":{"start":{"line":7,"column":7},"end":{"line":7,"column":13}},"loc":{"start":{"line":7,"column":7},"end":{"line":16,"column":1}}},"1":{"name":"(anonymous_3)","decl":{"start":{"line":11,"column":13},"end":{"line":11,"column":16}},"loc":{"start":{"line":11,"column":19},"end":{"line":11,"column":32}}},"2":{"name":"(anonymous_4)","decl":{"start":{"line":14,"column":13},"end":{"line":14,"column":16}},"loc":{"start":{"line":14,"column":19},"end":{"line":14,"column":30}}}},"branchMap":{},"s":{"0":10,"1":10,"2":10,"3":10,"4":10,"5":54,"6":10,"7":10,"8":10,"9":27,"10":10,"11":27,"12":10},"f":{"0":54,"1":27,"2":27},"b":{}}
,"/Users/gu/Workspaces/github/sprint/sprint9/src/entities/product-like.entity.ts": {"path":"/Users/gu/Workspaces/github/sprint/sprint9/src/entities/product-like.entity.ts","statementMap":{"0":{"start":{"line":1,"column":0},"end":{"line":1,"column":82}},"1":{"start":{"line":2,"column":0},"end":{"line":2,"column":36}},"2":{"start":{"line":3,"column":0},"end":{"line":3,"column":43}},"3":{"start":{"line":4,"column":0},"end":{"line":4,"column":49}},"4":{"start":{"line":8,"column":7},"end":{"line":20,"column":null}},"5":{"start":{"line":10,"column":2},"end":{"line":10,"column":24}},"6":{"start":{"line":19,"column":2},"end":{"line":19,"column":31}},"7":{"start":{"line":8,"column":13},"end":{"line":8,"column":30}},"8":{"start":{"line":10,"column":2},"end":{"line":10,"column":null}},"9":{"start":{"line":13,"column":2},"end":{"line":13,"column":null}},"10":{"start":{"line":12,"column":19},"end":{"line":12,"column":29}},"11":{"start":{"line":16,"column":2},"end":{"line":16,"column":null}},"12":{"start":{"line":15,"column":19},"end":{"line":15,"column":32}},"13":{"start":{"line":19,"column":2},"end":{"line":19,"column":null}},"14":{"start":{"line":18,"column":30},"end":{"line":18,"column":40}},"15":{"start":{"line":8,"column":13},"end":{"line":20,"column":null}}},"fnMap":{"0":{"name":"(anonymous_2)","decl":{"start":{"line":8,"column":7},"end":{"line":8,"column":13}},"loc":{"start":{"line":8,"column":7},"end":{"line":20,"column":1}}},"1":{"name":"(anonymous_3)","decl":{"start":{"line":12,"column":13},"end":{"line":12,"column":16}},"loc":{"start":{"line":12,"column":19},"end":{"line":12,"column":29}}},"2":{"name":"(anonymous_4)","decl":{"start":{"line":15,"column":13},"end":{"line":15,"column":16}},"loc":{"start":{"line":15,"column":19},"end":{"line":15,"column":32}}},"3":{"name":"(anonymous_5)","decl":{"start":{"line":18,"column":24},"end":{"line":18,"column":27}},"loc":{"start":{"line":18,"column":30},"end":{"line":18,"column":40}}}},"branchMap":{},"s":{"0":10,"1":10,"2":10,"3":10,"4":10,"5":73,"6":73,"7":10,"8":10,"9":10,"10":27,"11":10,"12":27,"13":10,"14":0,"15":10},"f":{"0":73,"1":27,"2":27,"3":0},"b":{}}
,"/Users/gu/Workspaces/github/sprint/sprint9/src/entities/product-tag.entity.ts": {"path":"/Users/gu/Workspaces/github/sprint/sprint9/src/entities/product-tag.entity.ts","statementMap":{"0":{"start":{"line":1,"column":0},"end":{"line":1,"column":93}},"1":{"start":{"line":2,"column":0},"end":{"line":2,"column":36}},"2":{"start":{"line":3,"column":0},"end":{"line":3,"column":53}},"3":{"start":{"line":4,"column":0},"end":{"line":4,"column":49}},"4":{"start":{"line":7,"column":7},"end":{"line":28,"column":null}},"5":{"start":{"line":9,"column":2},"end":{"line":9,"column":24}},"6":{"start":{"line":15,"column":2},"end":{"line":15,"column":47}},"7":{"start":{"line":18,"column":2},"end":{"line":18,"column":49}},"8":{"start":{"line":21,"column":2},"end":{"line":21,"column":31}},"9":{"start":{"line":24,"column":2},"end":{"line":24,"column":31}},"10":{"start":{"line":7,"column":13},"end":{"line":7,"column":29}},"11":{"start":{"line":9,"column":2},"end":{"line":9,"column":null}},"12":{"start":{"line":12,"column":2},"end":{"line":12,"column":null}},"13":{"start":{"line":15,"column":2},"end":{"line":15,"column":null}},"14":{"start":{"line":14,"column":14},"end":{"line":14,"column":27}},"15":{"start":{"line":18,"column":2},"end":{"line":18,"column":null}},"16":{"start":{"line":17,"column":20},"end":{"line":17,"column":33}},"17":{"start":{"line":17,"column":48},"end":{"line":17,"column":60}},"18":{"start":{"line":21,"column":2},"end":{"line":21,"column":null}},"19":{"start":{"line":20,"column":30},"end":{"line":20,"column":40}},"20":{"start":{"line":24,"column":2},"end":{"line":24,"column":null}},"21":{"start":{"line":23,"column":30},"end":{"line":23,"column":40}},"22":{"start":{"line":27,"column":2},"end":{"line":27,"column":null}},"23":{"start":{"line":7,"column":13},"end":{"line":28,"column":null}}},"fnMap":{"0":{"name":"(anonymous_2)","decl":{"start":{"line":7,"column":7},"end":{"line":7,"column":13}},"loc":{"start":{"line":7,"column":7},"end":{"line":28,"column":1}}},"1":{"name":"(anonymous_3)","decl":{"start":{"line":14,"column":8},"end":{"line":14,"column":11}},"loc":{"start":{"line":14,"column":14},"end":{"line":14,"column":27}}},"2":{"name":"(anonymous_4)","decl":{"start":{"line":17,"column":14},"end":{"line":17,"column":17}},"loc":{"start":{"line":17,"column":20},"end":{"line":17,"column":33}}},"3":{"name":"(anonymous_5)","decl":{"start":{"line":17,"column":35},"end":{"line":17,"column":36}},"loc":{"start":{"line":17,"column":48},"end":{"line":17,"column":60}}},"4":{"name":"(anonymous_6)","decl":{"start":{"line":20,"column":24},"end":{"line":20,"column":27}},"loc":{"start":{"line":20,"column":30},"end":{"line":20,"column":40}}},"5":{"name":"(anonymous_7)","decl":{"start":{"line":23,"column":24},"end":{"line":23,"column":27}},"loc":{"start":{"line":23,"column":30},"end":{"line":23,"column":40}}}},"branchMap":{},"s":{"0":10,"1":10,"2":10,"3":10,"4":10,"5":126,"6":126,"7":126,"8":126,"9":126,"10":10,"11":10,"12":10,"13":10,"14":9,"15":10,"16":27,"17":9,"18":10,"19":0,"20":10,"21":0,"22":10,"23":10},"f":{"0":126,"1":9,"2":27,"3":9,"4":0,"5":0},"b":{}}
[...]
,"/Users/gu/Workspaces/github/sprint/sprint9/src/utils/response.util.ts": {"path":"/Users/gu/Workspaces/github/sprint/sprint9/src/utils/response.util.ts","statementMap":{"0":{"start":{"line":3,"column":31},"end":{"line":6,"column":2}},"1":{"start":{"line":3,"column":68},"end":{"line":6,"column":2}},"2":{"start":{"line":3,"column":13},"end":{"line":3,"column":31}},"3":{"start":{"line":8,"column":29},"end":{"line":14,"column":2}},"4":{"start":{"line":8,"column":82},"end":{"line":14,"column":2}},"5":{"start":{"line":8,"column":13},"end":{"line":8,"column":29}}},"fnMap":{"0":{"name":"(anonymous_0)","decl":{"start":{"line":3,"column":31},"end":{"line":3,"column":35}},"loc":{"start":{"line":3,"column":68},"end":{"line":6,"column":2}}},"1":{"name":"(anonymous_1)","decl":{"start":{"line":8,"column":29},"end":{"line":8,"column":30}},"loc":{"start":{"line":8,"column":82},"end":{"line":14,"column":2}}}},"branchMap":{},"s":{"0":10,"1":58,"2":10,"3":10,"4":0,"5":10},"f":{"0":58,"1":0},"b":{}}
,"/Users/gu/Workspaces/github/sprint/sprint9/src/utils/to.util.ts": {"path":"/Users/gu/Workspaces/github/sprint/sprint9/src/utils/to.util.ts","statementMap":{"0":{"start":{"line":2,"column":0},"end":{"line":2,"column":51}},"1":{"start":{"line":3,"column":0},"end":{"line":3,"column":53}},"2":{"start":{"line":6,"column":25},"end":{"line":6,"column":91}},"3":{"start":{"line":6,"column":52},"end":{"line":6,"column":91}},"4":{"start":{"line":6,"column":13},"end":{"line":6,"column":25}},"5":{"start":{"line":8,"column":29},"end":{"line":8,"column":94}},"6":{"start":{"line":8,"column":61},"end":{"line":8,"column":93}},"7":{"start":{"line":8,"column":13},"end":{"line":8,"column":29}},"8":{"start":{"line":10,"column":29},"end":{"line":16,"column":1}},"9":{"start":{"line":11,"column":24},"end":{"line":11,"column":100}},"10":{"start":{"line":13,"column":2},"end":{"line":15,"column":4}},"11":{"start":{"line":10,"column":13},"end":{"line":10,"column":29}}},"fnMap":{"0":{"name":"(anonymous_0)","decl":{"start":{"line":6,"column":25},"end":{"line":6,"column":26}},"loc":{"start":{"line":6,"column":52},"end":{"line":6,"column":91}}},"1":{"name":"(anonymous_1)","decl":{"start":{"line":8,"column":29},"end":{"line":8,"column":30}},"loc":{"start":{"line":8,"column":61},"end":{"line":8,"column":93}}},"2":{"name":"(anonymous_2)","decl":{"start":{"line":10,"column":29},"end":{"line":10,"column":30}},"loc":{"start":{"line":10,"column":63},"end":{"line":16,"column":1}}}},"branchMap":{"0":{"loc":{"start":{"line":11,"column":24},"end":{"line":11,"column":100}},"type":"cond-expr","locations":[{"start":{"line":11,"column":54},"end":{"line":11,"column":75}},{"start":{"line":11,"column":78},"end":{"line":11,"column":100}}]}},"s":{"0":10,"1":10,"2":10,"3":3,"4":10,"5":10,"6":9,"7":10,"8":10,"9":9,"10":9,"11":10},"f":{"0":3,"1":9,"2":9},"b":{"0":[0,9]}}
,"/Users/gu/Workspaces/github/sprint/sprint9/src/utils/token.util.ts": {"path":"/Users/gu/Workspaces/github/sprint/sprint9/src/utils/token.util.ts","statementMap":{"0":{"start":{"line":2,"column":0},"end":{"line":2,"column":31}},"1":{"start":{"line":4,"column":0},"end":{"line":4,"column":51}},"2":{"start":{"line":5,"column":0},"end":{"line":5,"column":58}},"3":{"start":{"line":6,"column":0},"end":{"line":6,"column":29}},"4":{"start":{"line":9,"column":35},"end":{"line":14,"column":1}},"5":{"start":{"line":10,"column":33},"end":{"line":10,"column":40}},"6":{"start":{"line":11,"column":20},"end":{"line":11,"column":68}},"7":{"start":{"line":13,"column":2},"end":{"line":13,"column":63}},"8":{"start":{"line":9,"column":13},"end":{"line":9,"column":35}},"9":{"start":{"line":17,"column":36},"end":{"line":22,"column":1}},"10":{"start":{"line":18,"column":33},"end":{"line":18,"column":40}},"11":{"start":{"line":19,"column":20},"end":{"line":19,"column":70}},"12":{"start":{"line":21,"column":2},"end":{"line":21,"column":64}},"13":{"start":{"line":17,"column":13},"end":{"line":17,"column":36}},"14":{"start":{"line":25,"column":33},"end":{"line":27,"column":1}},"15":{"start":{"line":26,"column":2},"end":{"line":26,"column":61}},"16":{"start":{"line":25,"column":13},"end":{"line":25,"column":33}},"17":{"start":{"line":30,"column":34},"end":{"line":32,"column":1}},"18":{"start":{"line":31,"column":2},"end":{"line":31,"column":62}},"19":{"start":{"line":30,"column":13},"end":{"line":30,"column":34}},"20":{"start":{"line":35,"column":30},"end":{"line":36,"column":48}},"21":{"start":{"line":36,"column":2},"end":{"line":36,"column":48}},"22":{"start":{"line":35,"column":13},"end":{"line":35,"column":30}},"23":{"start":{"line":37,"column":30},"end":{"line":46,"column":1}},"24":{"start":{"line":39,"column":26},"end":{"line":39,"column":59}},"25":{"start":{"line":42,"column":21},"end":{"line":42,"column":46}},"26":{"start":{"line":43,"column":26},"end":{"line":43,"column":98}},"27":{"start":{"line":45,"column":2},"end":{"line":45,"column":44}},"28":{"start":{"line":37,"column":13},"end":{"line":37,"column":30}},"29":{"start":{"line":47,"column":33},"end":{"line":47,"column":87}},"30":{"start":{"line":47,"column":52},"end":{"line":47,"column":87}},"31":{"start":{"line":47,"column":13},"end":{"line":47,"column":33}},"32":{"start":{"line":50,"column":31},"end":{"line":51,"column":49}},"33":{"start":{"line":51,"column":2},"end":{"line":51,"column":49}},"34":{"start":{"line":50,"column":13},"end":{"line":50,"column":31}},"35":{"start":{"line":52,"column":31},"end":{"line":61,"column":1}},"36":{"start":{"line":54,"column":26},"end":{"line":54,"column":60}},"37":{"start":{"line":57,"column":21},"end":{"line":57,"column":46}},"38":{"start":{"line":58,"column":26},"end":{"line":58,"column":98}},"39":{"start":{"line":60,"column":2},"end":{"line":60,"column":44}},"40":{"start":{"line":52,"column":13},"end":{"line":52,"column":31}},"41":{"start":{"line":62,"column":34},"end":{"line":62,"column":89}},"42":{"start":{"line":62,"column":53},"end":{"line":62,"column":89}},"43":{"start":{"line":62,"column":13},"end":{"line":62,"column":34}},"44":{"start":{"line":65,"column":37},"end":{"line":78,"column":1}},"45":{"start":{"line":66,"column":18},"end":{"line":66,"column":60}},"46":{"start":{"line":67,"column":2},"end":{"line":69,"column":3}},"47":{"start":{"line":68,"column":4},"end":{"line":68,"column":66}},"48":{"start":{"line":71,"column":18},"end":{"line":71,"column":25}},"49":{"start":{"line":72,"column":2},"end":{"line":74,"column":3}},"50":{"start":{"line":73,"column":4},"end":{"line":73,"column":64}},"51":{"start":{"line":76,"column":23},"end":{"line":76,"column":52}},"52":{"start":{"line":77,"column":2},"end":{"line":77,"column":28}},"53":{"start":{"line":65,"column":13},"end":{"line":65,"column":37}}},"fnMap":{"0":{"name":"(anonymous_1)","decl":{"start":{"line":9,"column":35},"end":{"line":9,"column":36}},"loc":{"start":{"line":9,"column":64},"end":{"line":14,"column":1}}},"1":{"name":"(anonymous_2)","decl":{"start":{"line":17,"column":36},"end":{"line":17,"column":37}},"loc":{"start":{"line":17,"column":65},"end":{"line":22,"column":1}}},"2":{"name":"(anonymous_3)","decl":{"start":{"line":25,"column":33},"end":{"line":25,"column":34}},"loc":{"start":{"line":25,"column":60},"end":{"line":27,"column":1}}},"3":{"name":"(anonymous_4)","decl":{"start":{"line":30,"column":34},"end":{"line":30,"column":35}},"loc":{"start":{"line":30,"column":61},"end":{"line":32,"column":1}}},"4":{"name":"(anonymous_5)","decl":{"start":{"line":35,"column":30},"end":{"line":35,"column":31}},"loc":{"start":{"line":36,"column":2},"end":{"line":36,"column":48}}},"5":{"name":"(anonymous_6)","decl":{"start":{"line":37,"column":30},"end":{"line":37,"column":31}},"loc":{"start":{"line":37,"column":47},"end":{"line":46,"column":1}}},"6":{"name":"(anonymous_7)","decl":{"start":{"line":47,"column":33},"end":{"line":47,"column":34}},"loc":{"start":{"line":47,"column":52},"end":{"line":47,"column":87}}},"7":{"name":"(anonymous_8)","decl":{"start":{"line":50,"column":31},"end":{"line":50,"column":32}},"loc":{"start":{"line":51,"column":2},"end":{"line":51,"column":49}}},"8":{"name":"(anonymous_9)","decl":{"start":{"line":52,"column":31},"end":{"line":52,"column":32}},"loc":{"start":{"line":52,"column":48},"end":{"line":61,"column":1}}},"9":{"name":"(anonymous_10)","decl":{"start":{"line":62,"column":34},"end":{"line":62,"column":35}},"loc":{"start":{"line":62,"column":53},"end":{"line":62,"column":89}}},"10":{"name":"(anonymous_11)","decl":{"start":{"line":65,"column":37},"end":{"line":65,"column":38}},"loc":{"start":{"line":65,"column":63},"end":{"line":78,"column":1}}}},"branchMap":{"0":{"loc":{"start":{"line":39,"column":26},"end":{"line":39,"column":59}},"type":"cond-expr","locations":[{"start":{"line":39,"column":37},"end":{"line":39,"column":40}},{"start":{"line":39,"column":37},"end":{"line":39,"column":59}}]},"1":{"loc":{"start":{"line":39,"column":26},"end":{"line":39,"column":40}},"type":"binary-expr","locations":[{"start":{"line":39,"column":26},"end":{"line":39,"column":40}},{"start":{"line":39,"column":37},"end":{"line":39,"column":40}}]},"2":{"loc":{"start":{"line":43,"column":26},"end":{"line":43,"column":98}},"type":"cond-expr","locations":[{"start":{"line":43,"column":62},"end":{"line":43,"column":86}},{"start":{"line":43,"column":89},"end":{"line":43,"column":98}}]},"3":{"loc":{"start":{"line":43,"column":26},"end":{"line":43,"column":59}},"type":"cond-expr","locations":[{"start":{"line":43,"column":36},"end":{"line":43,"column":38}},{"start":{"line":43,"column":26},"end":{"line":43,"column":59}}]},"4":{"loc":{"start":{"line":43,"column":26},"end":{"line":43,"column":38}},"type":"binary-expr","locations":[{"start":{"line":43,"column":26},"end":{"line":43,"column":38}},{"start":{"line":43,"column":26},"end":{"line":43,"column":38}}]},"5":{"loc":{"start":{"line":45,"column":9},"end":{"line":45,"column":43}},"type":"binary-expr","locations":[{"start":{"line":45,"column":9},"end":{"line":45,"column":24}},{"start":{"line":45,"column":28},"end":{"line":45,"column":43}}]},"6":{"loc":{"start":{"line":54,"column":26},"end":{"line":54,"column":60}},"type":"cond-expr","locations":[{"start":{"line":54,"column":37},"end":{"line":54,"column":40}},{"start":{"line":54,"column":37},"end":{"line":54,"column":60}}]},"7":{"loc":{"start":{"line":54,"column":26},"end":{"line":54,"column":40}},"type":"binary-expr","locations":[{"start":{"line":54,"column":26},"end":{"line":54,"column":40}},{"start":{"line":54,"column":37},"end":{"line":54,"column":40}}]},"8":{"loc":{"start":{"line":58,"column":26},"end":{"line":58,"column":98}},"type":"cond-expr","locations":[{"start":{"line":58,"column":62},"end":{"line":58,"column":86}},{"start":{"line":58,"column":89},"end":{"line":58,"column":98}}]},"9":{"loc":{"start":{"line":58,"column":26},"end":{"line":58,"column":59}},"type":"cond-expr","locations":[{"start":{"line":58,"column":36},"end":{"line":58,"column":38}},{"start":{"line":58,"column":26},"end":{"line":58,"column":59}}]},"10":{"loc":{"start":{"line":58,"column":26},"end":{"line":58,"column":38}},"type":"binary-expr","locations":[{"start":{"line":58,"column":26},"end":{"line":58,"column":38}},{"start":{"line":58,"column":26},"end":{"line":58,"column":38}}]},"11":{"loc":{"start":{"line":60,"column":9},"end":{"line":60,"column":43}},"type":"binary-expr","locations":[{"start":{"line":60,"column":9},"end":{"line":60,"column":24}},{"start":{"line":60,"column":28},"end":{"line":60,"column":43}}]},"12":{"loc":{"start":{"line":67,"column":2},"end":{"line":69,"column":3}},"type":"if","locations":[{"start":{"line":67,"column":2},"end":{"line":69,"column":3}},{"start":{},"end":{}}]},"13":{"loc":{"start":{"line":72,"column":2},"end":{"line":74,"column":3}},"type":"if","locations":[{"start":{"line":72,"column":2},"end":{"line":74,"column":3}},{"start":{},"end":{}}]}},"s":{"0":10,"1":10,"2":10,"3":10,"4":10,"5":10,"6":10,"7":10,"8":10,"9":10,"10":10,"11":10,"12":10,"13":10,"14":10,"15":57,"16":10,"17":10,"18":1,"19":10,"20":10,"21":10,"22":10,"23":10,"24":79,"25":79,"26":79,"27":79,"28":10,"29":10,"30":2,"31":10,"32":10,"33":10,"34":10,"35":10,"36":3,"37":3,"38":3,"39":3,"40":10,"41":10,"42":2,"43":10,"44":10,"45":6,"46":6,"47":0,"48":6,"49":6,"50":0,"51":6,"52":6,"53":10},"f":{"0":10,"1":10,"2":57,"3":1,"4":10,"5":79,"6":2,"7":10,"8":3,"9":2,"10":6},"b":{"0":[0,79],"1":[79,79],"2":[52,27],"3":[27,52],"4":[79,79],"5":[79,72],"6":[0,3],"7":[3,3],"8":[0,3],"9":[3,0],"10":[3,3],"11":[3,0],"12":[0,6],"13":[0,6]}}
,"/Users/gu/Workspaces/github/sprint/sprint9/src/utils/user.util.ts": {"path":"/Users/gu/Workspaces/github/sprint/sprint9/src/utils/user.util.ts","statementMap":{"0":{"start":{"line":3,"column":0},"end":{"line":3,"column":60}},"1":{"start":{"line":5,"column":0},"end":{"line":5,"column":56}},"2":{"start":{"line":7,"column":23},"end":{"line":13,"column":1}},"3":{"start":{"line":8,"column":15},"end":{"line":8,"column":23}},"4":{"start":{"line":9,"column":2},"end":{"line":11,"column":3}},"5":{"start":{"line":10,"column":4},"end":{"line":10,"column":16}},"6":{"start":{"line":12,"column":2},"end":{"line":12,"column":32}},"7":{"start":{"line":7,"column":13},"end":{"line":7,"column":23}},"8":{"start":{"line":14,"column":23},"end":{"line":14,"column":82}},"9":{"start":{"line":14,"column":66},"end":{"line":14,"column":81}},"10":{"start":{"line":14,"column":13},"end":{"line":14,"column":23}},"11":{"start":{"line":15,"column":28},"end":{"line":15,"column":86}},"12":{"start":{"line":15,"column":56},"end":{"line":15,"column":86}},"13":{"start":{"line":15,"column":13},"end":{"line":15,"column":28}},"14":{"start":{"line":16,"column":27},"end":{"line":20,"column":1}},"15":{"start":{"line":17,"column":17},"end":{"line":17,"column":24}},"16":{"start":{"line":18,"column":18},"end":{"line":18,"column":32}},"17":{"start":{"line":19,"column":2},"end":{"line":19,"column":28}},"18":{"start":{"line":16,"column":13},"end":{"line":16,"column":27}},"19":{"start":{"line":21,"column":30},"end":{"line":25,"column":1}},"20":{"start":{"line":22,"column":17},"end":{"line":22,"column":24}},"21":{"start":{"line":23,"column":19},"end":{"line":23,"column":28}},"22":{"start":{"line":24,"column":2},"end":{"line":24,"column":29}},"23":{"start":{"line":21,"column":13},"end":{"line":21,"column":30}},"24":{"start":{"line":26,"column":26},"end":{"line":26,"column":80}},"25":{"start":{"line":26,"column":48},"end":{"line":26,"column":80}},"26":{"start":{"line":26,"column":13},"end":{"line":26,"column":26}},"27":{"start":{"line":27,"column":30},"end":{"line":27,"column":88}},"28":{"start":{"line":27,"column":52},"end":{"line":27,"column":88}},"29":{"start":{"line":27,"column":13},"end":{"line":27,"column":30}}},"fnMap":{"0":{"name":"(anonymous_0)","decl":{"start":{"line":7,"column":23},"end":{"line":7,"column":24}},"loc":{"start":{"line":7,"column":49},"end":{"line":13,"column":1}}},"1":{"name":"(anonymous_1)","decl":{"start":{"line":14,"column":23},"end":{"line":14,"column":24}},"loc":{"start":{"line":14,"column":66},"end":{"line":14,"column":81}}},"2":{"name":"(anonymous_2)","decl":{"start":{"line":15,"column":28},"end":{"line":15,"column":29}},"loc":{"start":{"line":15,"column":56},"end":{"line":15,"column":86}}},"3":{"name":"(anonymous_3)","decl":{"start":{"line":16,"column":27},"end":{"line":16,"column":64}},"loc":{"start":{"line":16,"column":101},"end":{"line":20,"column":1}}},"4":{"name":"(anonymous_4)","decl":{"start":{"line":21,"column":30},"end":{"line":21,"column":58}},"loc":{"start":{"line":21,"column":86},"end":{"line":25,"column":1}}},"5":{"name":"(anonymous_5)","decl":{"start":{"line":26,"column":26},"end":{"line":26,"column":27}},"loc":{"start":{"line":26,"column":48},"end":{"line":26,"column":80}}},"6":{"name":"(anonymous_6)","decl":{"start":{"line":27,"column":30},"end":{"line":27,"column":31}},"loc":{"start":{"line":27,"column":52},"end":{"line":27,"column":88}}}},"branchMap":{"0":{"loc":{"start":{"line":9,"column":2},"end":{"line":11,"column":3}},"type":"if","locations":[{"start":{"line":9,"column":2},"end":{"line":11,"column":3}},{"start":{},"end":{}}]}},"s":{"0":10,"1":10,"2":10,"3":30,"4":30,"5":30,"6":0,"7":10,"8":10,"9":55,"10":10,"11":10,"12":8,"13":10,"14":10,"15":6,"16":6,"17":6,"18":10,"19":10,"20":2,"21":2,"22":2,"23":10,"24":10,"25":9,"26":10,"27":10,"28":9,"29":10},"f":{"0":30,"1":55,"2":8,"3":6,"4":2,"5":9,"6":9},"b":{"0":[30,0]}}
,"/Users/gu/Workspaces/github/sprint/sprint9/src/utils/websocket.ts": {"path":"/Users/gu/Workspaces/github/sprint/sprint9/src/utils/websocket.ts","statementMap":{"0":{"start":{"line":2,"column":0},"end":{"line":2,"column":51}},"1":{"start":{"line":3,"column":0},"end":{"line":3,"column":64}},"2":{"start":{"line":8,"column":32},"end":{"line":31,"column":1}},"3":{"start":{"line":9,"column":2},"end":{"line":14,"column":5}},"4":{"start":{"line":16,"column":2},"end":{"line":16,"column":20}},"5":{"start":{"line":18,"column":2},"end":{"line":28,"column":5}},"6":{"start":{"line":19,"column":17},"end":{"line":19,"column":44}},"7":{"start":{"line":21,"column":4},"end":{"line":23,"column":7}},"8":{"start":{"line":22,"column":6},"end":{"line":22,"column":27}},"9":{"start":{"line":25,"column":4},"end":{"line":27,"column":7}},"10":{"start":{"line":26,"column":6},"end":{"line":26,"column":52}},"11":{"start":{"line":30,"column":2},"end":{"line":30,"column":12}},"12":{"start":{"line":8,"column":13},"end":{"line":8,"column":32}}},"fnMap":{"0":{"name":"(anonymous_0)","decl":{"start":{"line":8,"column":32},"end":{"line":8,"column":33}},"loc":{"start":{"line":8,"column":55},"end":{"line":31,"column":1}}},"1":{"name":"(anonymous_1)","decl":{"start":{"line":18,"column":22},"end":{"line":18,"column":23}},"loc":{"start":{"line":18,"column":33},"end":{"line":28,"column":3}}},"2":{"name":"(anonymous_2)","decl":{"start":{"line":21,"column":24},"end":{"line":21,"column":25}},"loc":{"start":{"line":21,"column":61},"end":{"line":23,"column":5}}},"3":{"name":"(anonymous_3)","decl":{"start":{"line":25,"column":28},"end":{"line":25,"column":31}},"loc":{"start":{"line":25,"column":33},"end":{"line":27,"column":5}}}},"branchMap":{},"s":{"0":10,"1":10,"2":10,"3":10,"4":10,"5":10,"6":0,"7":0,"8":0,"9":0,"10":0,"11":10,"12":10},"f":{"0":10,"1":0,"2":0,"3":0},"b":{}}
}
