TN:
SF:src/app.ts
FNF:0
FNH:0
DA:1,10
DA:2,10
DA:3,10
DA:4,10
DA:5,10
DA:6,10
DA:7,10
DA:8,10
DA:9,10
DA:10,10
DA:11,10
DA:12,10
DA:13,10
DA:14,10
DA:15,10
DA:16,10
DA:17,10
DA:19,10
DA:21,10
DA:22,10
DA:25,10
DA:26,10
DA:27,10
DA:30,10
DA:31,10
DA:32,10
DA:33,10
DA:34,10
DA:35,10
DA:36,10
DA:37,10
DA:38,10
DA:39,10
DA:42,10
DA:43,10
DA:46,10
DA:48,10
DA:49,0
DA:52,10
LF:39
LH:38
BRDA:48,0,0,0
BRDA:48,0,1,10
BRF:2
BRH:1
end_of_record
TN:
SF:src/mikro-orm.config.ts
FNF:0
FNH:0
DA:1,10
DA:3,10
DA:5,10
DA:17,10
LF:4
LH:4
BRF:0
BRH:0
end_of_record
TN:
SF:src/constants/user.constant.ts
FNF:0
FNH:0
DA:3,10
LF:1
LH:1
BRF:0
BRH:0
end_of_record
TN:
SF:src/controllers/articles.controller.ts
FN:29,(anonymous_0)
FN:36,(anonymous_1)
FN:43,(anonymous_2)
FN:49,(anonymous_3)
FN:57,(anonymous_4)
FN:63,(anonymous_5)
FN:69,(anonymous_6)
FN:76,(anonymous_7)
FN:83,(anonymous_8)
FN:90,(anonymous_9)
FNF:10
FNH:8
FNDA:2,(anonymous_0)
FNDA:1,(anonymous_1)
FNDA:1,(anonymous_2)
FNDA:1,(anonymous_3)
FNDA:1,(anonymous_4)
FNDA:0,(anonymous_5)
FNDA:0,(anonymous_6)
FNDA:1,(anonymous_7)
FNDA:2,(anonymous_8)
FNDA:1,(anonymous_9)
DA:2,10
DA:3,10
DA:15,10
DA:29,10
DA:30,2
DA:31,2
DA:33,2
DA:36,10
DA:37,1
DA:38,1
DA:40,1
DA:43,10
DA:44,1
DA:46,1
DA:49,10
DA:50,1
DA:52,1
DA:54,1
DA:57,10
DA:58,1
DA:60,1
DA:63,10
DA:64,0
DA:66,0
DA:69,10
DA:70,0
DA:71,0
DA:73,0
DA:76,10
DA:77,1
DA:78,1
DA:80,1
DA:83,10
DA:84,2
DA:85,2
DA:87,2
DA:90,10
DA:91,1
DA:92,1
DA:94,1
LF:40
LH:35
BRF:0
BRH:0
end_of_record
TN:
SF:src/controllers/auth.controller.ts
FN:17,(anonymous_0)
FN:23,(anonymous_1)
FN:39,(anonymous_2)
FN:52,(anonymous_3)
FN:64,(anonymous_4)
FNF:5
FNH:5
FNDA:10,(anonymous_0)
FNDA:1,(anonymous_1)
FNDA:9,(anonymous_2)
FNDA:1,(anonymous_3)
FNDA:1,(anonymous_4)
DA:2,10
DA:3,10
DA:5,10
DA:7,10
DA:15,10
DA:17,10
DA:18,10
DA:20,9
DA:23,10
DA:24,1
DA:26,1
DA:27,1
DA:29,1
DA:31,1
DA:32,1
DA:34,1
DA:36,1
DA:39,10
DA:40,9
DA:42,9
DA:44,9
DA:45,9
DA:47,9
DA:49,9
DA:52,10
DA:53,1
DA:54,1
DA:56,1
DA:58,1
DA:59,1
DA:61,1
DA:64,10
DA:65,1
DA:66,1
DA:67,1
DA:69,1
DA:71,1
DA:72,1
DA:74,1
DA:76,1
LF:40
LH:40
BRF:0
BRH:0
end_of_record
TN:
SF:src/controllers/comments.controller.ts
FN:30,(anonymous_0)
FN:37,(anonymous_1)
FN:44,(anonymous_2)
FN:50,(anonymous_3)
FN:57,(anonymous_4)
FN:64,(anonymous_5)
FN:71,(anonymous_6)
FN:78,(anonymous_7)
FN:84,(anonymous_8)
FN:91,(anonymous_9)
FNF:10
FNH:6
FNDA:1,(anonymous_0)
FNDA:1,(anonymous_1)
FNDA:0,(anonymous_2)
FNDA:0,(anonymous_3)
FNDA:1,(anonymous_4)
FNDA:1,(anonymous_5)
FNDA:1,(anonymous_6)
FNDA:0,(anonymous_7)
FNDA:0,(anonymous_8)
FNDA:1,(anonymous_9)
DA:2,10
DA:3,10
DA:15,10
DA:30,10
DA:31,1
DA:32,1
DA:34,1
DA:37,10
DA:38,1
DA:39,1
DA:41,1
DA:44,10
DA:45,0
DA:47,0
DA:50,10
DA:51,0
DA:52,0
DA:54,0
DA:57,10
DA:58,1
DA:59,1
DA:61,1
DA:64,10
DA:65,1
DA:66,1
DA:68,1
DA:71,10
DA:72,1
DA:73,1
DA:75,1
DA:78,10
DA:79,0
DA:81,0
DA:84,10
DA:85,0
DA:86,0
DA:88,0
DA:91,10
DA:92,1
DA:93,1
DA:95,1
LF:41
LH:31
BRF:0
BRH:0
end_of_record
TN:
SF:src/controllers/images.controller.ts
FN:7,(anonymous_0)
FN:13,(anonymous_1)
FN:19,(anonymous_2)
FNF:3
FNH:1
FNDA:1,(anonymous_0)
FNDA:0,(anonymous_1)
FNDA:0,(anonymous_2)
DA:2,10
DA:3,10
DA:5,10
DA:7,10
DA:8,1
DA:10,1
DA:13,10
DA:14,0
DA:16,0
DA:19,10
DA:20,0
DA:21,0
DA:23,0
LF:13
LH:8
BRF:0
BRH:0
end_of_record
TN:
SF:src/controllers/logs.controller.ts
FN:7,(anonymous_0)
FN:13,(anonymous_1)
FNF:2
FNH:0
FNDA:0,(anonymous_0)
FNDA:0,(anonymous_1)
DA:2,10
DA:3,10
DA:4,10
DA:7,10
DA:8,0
DA:10,0
DA:13,10
DA:14,0
DA:15,0
DA:17,0
LF:10
LH:5
BRF:0
BRH:0
end_of_record
TN:
SF:src/controllers/notifications.controller.ts
FN:16,(anonymous_0)
FN:23,(anonymous_1)
FN:30,(anonymous_2)
FN:37,(anonymous_3)
FNF:4
FNH:4
FNDA:1,(anonymous_0)
FNDA:1,(anonymous_1)
FNDA:1,(anonymous_2)
FNDA:1,(anonymous_3)
DA:2,10
DA:3,10
DA:9,10
DA:16,10
DA:17,1
DA:18,1
DA:20,1
DA:23,10
DA:24,1
DA:25,1
DA:27,1
DA:30,10
DA:31,1
DA:32,1
DA:34,1
DA:37,10
DA:38,1
DA:39,1
DA:41,1
LF:19
LH:19
BRF:0
BRH:0
end_of_record
TN:
SF:src/controllers/products.controller.ts
FN:28,(anonymous_0)
FN:35,(anonymous_1)
FN:42,(anonymous_2)
FN:48,(anonymous_3)
FN:56,(anonymous_4)
FN:62,(anonymous_5)
FN:68,(anonymous_6)
FN:75,(anonymous_7)
FN:82,(anonymous_8)
FN:89,(anonymous_9)
FNF:10
FNH:8
FNDA:2,(anonymous_0)
FNDA:1,(anonymous_1)
FNDA:1,(anonymous_2)
FNDA:1,(anonymous_3)
FNDA:1,(anonymous_4)
FNDA:0,(anonymous_5)
FNDA:0,(anonymous_6)
FNDA:1,(anonymous_7)
FNDA:2,(anonymous_8)
FNDA:1,(anonymous_9)
DA:2,10
DA:13,10
DA:25,10
DA:28,10
DA:29,2
DA:30,2
DA:32,2
DA:35,10
DA:36,1
DA:37,1
DA:39,1
DA:42,10
DA:43,1
DA:45,1
DA:48,10
DA:49,1
DA:51,1
DA:53,1
DA:56,10
DA:57,1
DA:59,1
DA:62,10
DA:63,0
DA:65,0
DA:68,10
DA:69,0
DA:70,0
DA:72,0
DA:75,10
DA:76,1
DA:77,1
DA:79,1
DA:82,10
DA:83,2
DA:84,2
DA:86,2
DA:89,10
DA:90,1
DA:91,1
DA:93,1
LF:40
LH:35
BRF:0
BRH:0
end_of_record
TN:
SF:src/controllers/root.controller.ts
FN:5,(anonymous_0)
FNF:1
FNH:1
FNDA:1,(anonymous_0)
DA:2,10
DA:3,10
DA:5,10
DA:6,1
DA:8,1
LF:5
LH:5
BRF:0
BRH:0
end_of_record
TN:
SF:src/controllers/users.controller.ts
FN:29,(anonymous_0)
FN:35,(anonymous_1)
FN:42,(anonymous_2)
FN:49,(anonymous_3)
FN:55,(anonymous_4)
FN:61,(anonymous_5)
FN:67,(anonymous_6)
FN:73,(anonymous_7)
FN:80,(anonymous_8)
FN:86,(anonymous_9)
FNF:10
FNH:5
FNDA:1,(anonymous_0)
FNDA:1,(anonymous_1)
FNDA:1,(anonymous_2)
FNDA:0,(anonymous_3)
FNDA:0,(anonymous_4)
FNDA:0,(anonymous_5)
FNDA:0,(anonymous_6)
FNDA:0,(anonymous_7)
FNDA:1,(anonymous_8)
FNDA:1,(anonymous_9)
DA:2,10
DA:3,10
DA:25,10
DA:29,10
DA:30,1
DA:32,1
DA:35,10
DA:36,1
DA:37,1
DA:39,1
DA:42,10
DA:43,1
DA:44,1
DA:46,1
DA:49,10
DA:50,0
DA:52,0
DA:55,10
DA:56,0
DA:58,0
DA:61,10
DA:62,0
DA:64,0
DA:67,10
DA:68,0
DA:70,0
DA:73,10
DA:74,0
DA:75,0
DA:77,0
DA:80,10
DA:81,1
DA:83,1
DA:86,10
DA:87,1
DA:89,1
LF:36
LH:25
BRF:0
BRH:0
end_of_record
TN:
SF:src/entities/article-comment-like.entity.ts
FN:8,(anonymous_2)
FN:12,(anonymous_3)
FN:15,(anonymous_4)
FN:18,(anonymous_5)
FNF:4
FNH:3
FNDA:73,(anonymous_2)
FNDA:27,(anonymous_3)
FNDA:27,(anonymous_4)
FNDA:0,(anonymous_5)
DA:1,10
DA:2,10
DA:3,10
DA:4,10
DA:8,10
DA:10,73
DA:12,27
DA:13,10
DA:15,27
DA:16,10
DA:18,0
DA:19,73
LF:12
LH:11
BRF:0
BRH:0
end_of_record
TN:
SF:src/entities/article-comment.entity.ts
FN:9,(anonymous_2)
FN:16,(anonymous_3)
FN:19,(anonymous_4)
FN:22,(anonymous_5)
FN:25,(anonymous_6)
FN:28,(anonymous_7)
FN:34,(anonymous_8)
FN:34,(anonymous_9)
FNF:8
FNH:7
FNDA:164,(anonymous_2)
FNDA:27,(anonymous_3)
FNDA:27,(anonymous_4)
FNDA:9,(anonymous_5)
FNDA:0,(anonymous_6)
FNDA:2,(anonymous_7)
FNDA:27,(anonymous_8)
FNDA:9,(anonymous_9)
DA:1,10
DA:2,10
DA:3,10
DA:4,10
DA:5,10
DA:6,10
DA:9,10
DA:11,164
DA:14,10
DA:16,27
DA:17,10
DA:19,27
DA:20,10
DA:22,9
DA:23,164
DA:25,0
DA:26,164
DA:28,2
DA:29,164
DA:32,10
DA:34,27
DA:35,164
LF:22
LH:21
BRF:0
BRH:0
end_of_record
TN:
SF:src/entities/article-image-link.entity.ts
FN:7,(anonymous_2)
FN:11,(anonymous_3)
FN:14,(anonymous_4)
FNF:3
FNH:3
FNDA:54,(anonymous_2)
FNDA:27,(anonymous_3)
FNDA:27,(anonymous_4)
DA:1,10
DA:2,10
DA:3,10
DA:4,10
DA:7,10
DA:9,54
DA:11,27
DA:12,10
DA:14,27
DA:15,10
LF:10
LH:10
BRF:0
BRH:0
end_of_record
TN:
SF:src/entities/article-like.entity.ts
FN:8,(anonymous_2)
FN:12,(anonymous_3)
FN:15,(anonymous_4)
FN:18,(anonymous_5)
FNF:4
FNH:3
FNDA:73,(anonymous_2)
FNDA:27,(anonymous_3)
FNDA:27,(anonymous_4)
FNDA:0,(anonymous_5)
DA:1,10
DA:2,10
DA:3,10
DA:4,10
DA:8,10
DA:10,73
DA:12,27
DA:13,10
DA:15,27
DA:16,10
DA:18,0
DA:19,73
LF:12
LH:11
BRF:0
BRH:0
end_of_record
TN:
SF:src/entities/article-tag.entity.ts
FN:7,(anonymous_2)
FN:14,(anonymous_3)
FN:17,(anonymous_4)
FN:17,(anonymous_5)
FN:20,(anonymous_6)
FN:23,(anonymous_7)
FNF:6
FNH:4
FNDA:126,(anonymous_2)
FNDA:9,(anonymous_3)
FNDA:27,(anonymous_4)
FNDA:9,(anonymous_5)
FNDA:0,(anonymous_6)
FNDA:0,(anonymous_7)
DA:1,10
DA:2,10
DA:3,10
DA:4,10
DA:7,10
DA:9,126
DA:12,10
DA:14,9
DA:15,126
DA:17,27
DA:18,126
DA:20,0
DA:21,126
DA:23,0
DA:24,126
DA:27,10
LF:16
LH:14
BRF:0
BRH:0
end_of_record
TN:
SF:src/entities/article.entity.ts
FN:11,(anonymous_2)
FN:21,(anonymous_3)
FN:24,(anonymous_4)
FN:24,(anonymous_5)
FN:27,(anonymous_6)
FN:30,(anonymous_7)
FN:33,(anonymous_8)
FN:39,(anonymous_9)
FN:39,(anonymous_10)
FN:42,(anonymous_11)
FN:42,(anonymous_12)
FN:45,(anonymous_13)
FN:45,(anonymous_14)
FNF:13
FNH:12
FNDA:218,(anonymous_2)
FNDA:27,(anonymous_3)
FNDA:27,(anonymous_4)
FNDA:9,(anonymous_5)
FNDA:9,(anonymous_6)
FNDA:0,(anonymous_7)
FNDA:1,(anonymous_8)
FNDA:27,(anonymous_9)
FNDA:9,(anonymous_10)
FNDA:27,(anonymous_11)
FNDA:9,(anonymous_12)
FNDA:27,(anonymous_13)
FNDA:9,(anonymous_14)
DA:1,10
DA:2,10
DA:3,10
DA:4,10
DA:5,10
DA:6,10
DA:7,10
DA:8,10
DA:11,10
DA:13,218
DA:16,10
DA:19,10
DA:21,27
DA:22,10
DA:24,27
DA:25,218
DA:27,9
DA:28,218
DA:30,0
DA:31,218
DA:33,1
DA:34,218
DA:37,10
DA:39,27
DA:40,218
DA:42,27
DA:43,218
DA:45,27
DA:46,218
LF:29
LH:28
BRF:0
BRH:0
end_of_record
TN:
SF:src/entities/image.entity.ts
FN:8,(anonymous_2)
FN:21,(anonymous_3)
FN:24,(anonymous_4)
FN:24,(anonymous_5)
FN:27,(anonymous_6)
FN:27,(anonymous_7)
FN:30,(anonymous_8)
FN:30,(anonymous_9)
FNF:8
FNH:7
FNDA:145,(anonymous_2)
FNDA:0,(anonymous_3)
FNDA:27,(anonymous_4)
FNDA:9,(anonymous_5)
FNDA:27,(anonymous_6)
FNDA:9,(anonymous_7)
FNDA:27,(anonymous_8)
FNDA:9,(anonymous_9)
DA:1,10
DA:2,10
DA:3,10
DA:4,10
DA:5,10
DA:8,10
DA:10,145
DA:13,10
DA:16,10
DA:19,10
DA:21,0
DA:22,145
DA:24,27
DA:25,145
DA:27,27
DA:28,145
DA:30,27
DA:31,145
LF:18
LH:17
BRF:0
BRH:0
end_of_record
TN:
SF:src/entities/log.entity.ts
FN:5,(anonymous_2)
FN:24,(anonymous_3)
FNF:2
FNH:1
FNDA:144,(anonymous_2)
FNDA:0,(anonymous_3)
DA:1,10
DA:2,10
DA:5,10
DA:7,144
DA:10,10
DA:13,10
DA:16,10
DA:19,10
DA:22,10
DA:24,0
DA:25,144
LF:11
LH:10
BRF:0
BRH:0
end_of_record
TN:
SF:src/entities/notification.entity.ts
FN:6,(anonymous_2)
FN:16,(anonymous_3)
FN:19,(anonymous_4)
FN:25,(anonymous_5)
FNF:4
FNH:3
FNDA:127,(anonymous_2)
FNDA:0,(anonymous_3)
FNDA:1,(anonymous_4)
FNDA:27,(anonymous_5)
DA:1,10
DA:2,10
DA:3,10
DA:6,10
DA:8,127
DA:11,10
DA:14,127
DA:16,0
DA:17,127
DA:19,1
DA:20,10
DA:23,10
DA:25,27
DA:26,10
LF:14
LH:13
BRF:0
BRH:0
end_of_record
TN:
SF:src/entities/product-comment-like.entity.ts
FN:8,(anonymous_2)
FN:12,(anonymous_3)
FN:15,(anonymous_4)
FN:18,(anonymous_5)
FNF:4
FNH:3
FNDA:73,(anonymous_2)
FNDA:27,(anonymous_3)
FNDA:27,(anonymous_4)
FNDA:0,(anonymous_5)
DA:1,10
DA:2,10
DA:3,10
DA:4,10
DA:8,10
DA:10,73
DA:12,27
DA:13,10
DA:15,27
DA:16,10
DA:18,0
DA:19,73
LF:12
LH:11
BRF:0
BRH:0
end_of_record
TN:
SF:src/entities/product-comment.entity.ts
FN:9,(anonymous_2)
FN:16,(anonymous_3)
FN:19,(anonymous_4)
FN:22,(anonymous_5)
FN:25,(anonymous_6)
FN:28,(anonymous_7)
FN:34,(anonymous_8)
FN:34,(anonymous_9)
FNF:8
FNH:7
FNDA:164,(anonymous_2)
FNDA:27,(anonymous_3)
FNDA:27,(anonymous_4)
FNDA:9,(anonymous_5)
FNDA:0,(anonymous_6)
FNDA:2,(anonymous_7)
FNDA:27,(anonymous_8)
FNDA:9,(anonymous_9)
DA:1,10
DA:2,10
DA:3,10
DA:4,10
DA:5,10
DA:6,10
DA:9,10
DA:11,164
DA:14,10
DA:16,27
DA:17,10
DA:19,27
DA:20,10
DA:22,9
DA:23,164
DA:25,0
DA:26,164
DA:28,2
DA:29,164
DA:32,10
DA:34,27
DA:35,164
LF:22
LH:21
BRF:0
BRH:0
end_of_record
TN:
SF:src/entities/product-image-link.entity.ts
FN:7,(anonymous_2)
FN:11,(anonymous_3)
FN:14,(anonymous_4)
FNF:3
FNH:3
FNDA:54,(anonymous_2)
FNDA:27,(anonymous_3)
FNDA:27,(anonymous_4)
DA:1,10
DA:2,10
DA:3,10
DA:4,10
DA:7,10
DA:9,54
DA:11,27
DA:12,10
DA:14,27
DA:15,10
LF:10
LH:10
BRF:0
BRH:0
end_of_record
TN:
SF:src/entities/product-like.entity.ts
FN:8,(anonymous_2)
FN:12,(anonymous_3)
FN:15,(anonymous_4)
FN:18,(anonymous_5)
FNF:4
FNH:3
FNDA:73,(anonymous_2)
FNDA:27,(anonymous_3)
FNDA:27,(anonymous_4)
FNDA:0,(anonymous_5)
DA:1,10
DA:2,10
DA:3,10
DA:4,10
DA:8,10
DA:10,73
DA:12,27
DA:13,10
DA:15,27
DA:16,10
DA:18,0
DA:19,73
LF:12
LH:11
BRF:0
BRH:0
end_of_record
TN:
SF:src/entities/product-tag.entity.ts
FN:7,(anonymous_2)
FN:14,(anonymous_3)
FN:17,(anonymous_4)
FN:17,(anonymous_5)
FN:20,(anonymous_6)
FN:23,(anonymous_7)
FNF:6
FNH:4
FNDA:126,(anonymous_2)
FNDA:9,(anonymous_3)
FNDA:27,(anonymous_4)
FNDA:9,(anonymous_5)
FNDA:0,(anonymous_6)
FNDA:0,(anonymous_7)
DA:1,10
DA:2,10
DA:3,10
DA:4,10
DA:7,10
DA:9,126
DA:12,10
DA:14,9
DA:15,126
DA:17,27
DA:18,126
DA:20,0
DA:21,126
DA:23,0
DA:24,126
DA:27,10
LF:16
LH:14
BRF:0
BRH:0
end_of_record
TN:
SF:src/entities/product.entity.ts
FN:11,(anonymous_2)
FN:15,(anonymous_3)
FN:30,(anonymous_4)
FN:30,(anonymous_5)
FN:33,(anonymous_6)
FN:36,(anonymous_7)
FN:39,(anonymous_8)
FN:45,(anonymous_9)
FN:45,(anonymous_10)
FN:48,(anonymous_11)
FN:48,(anonymous_12)
FN:51,(anonymous_13)
FN:51,(anonymous_14)
FNF:13
FNH:12
FNDA:254,(anonymous_2)
FNDA:27,(anonymous_3)
FNDA:27,(anonymous_4)
FNDA:9,(anonymous_5)
FNDA:9,(anonymous_6)
FNDA:0,(anonymous_7)
FNDA:1,(anonymous_8)
FNDA:27,(anonymous_9)
FNDA:9,(anonymous_10)
FNDA:27,(anonymous_11)
FNDA:9,(anonymous_12)
FNDA:27,(anonymous_13)
FNDA:9,(anonymous_14)
DA:1,10
DA:2,10
DA:3,10
DA:4,10
DA:5,10
DA:6,10
DA:7,10
DA:8,10
DA:11,10
DA:13,254
DA:15,27
DA:16,10
DA:19,10
DA:22,10
DA:25,254
DA:28,254
DA:30,27
DA:31,254
DA:33,9
DA:34,254
DA:36,0
DA:37,254
DA:39,1
DA:40,254
DA:43,10
DA:45,27
DA:46,254
DA:48,27
DA:49,254
DA:51,27
DA:52,254
LF:31
LH:30
BRF:0
BRH:0
end_of_record
TN:
SF:src/entities/refresh-token.entity.ts
FN:7,(anonymous_2)
FN:14,(anonymous_3)
FN:17,(anonymous_4)
FNF:3
FNH:2
FNDA:99,(anonymous_2)
FNDA:27,(anonymous_3)
FNDA:0,(anonymous_4)
DA:1,10
DA:2,10
DA:3,10
DA:7,10
DA:9,99
DA:12,10
DA:14,27
DA:15,10
DA:17,0
DA:18,99
DA:21,10
LF:11
LH:10
BRF:0
BRH:0
end_of_record
TN:
SF:src/entities/user.entity.ts
FN:17,(anonymous_2)
FN:30,(anonymous_3)
FN:33,(anonymous_4)
FN:36,(anonymous_5)
FN:42,(anonymous_6)
FN:45,(anonymous_7)
FN:60,(anonymous_8)
FN:60,(anonymous_9)
FN:63,(anonymous_10)
FN:63,(anonymous_11)
FN:66,(anonymous_12)
FN:66,(anonymous_13)
FN:69,(anonymous_14)
FN:69,(anonymous_15)
FN:72,(anonymous_16)
FN:72,(anonymous_17)
FN:75,(anonymous_18)
FN:75,(anonymous_19)
FN:78,(anonymous_20)
FN:78,(anonymous_21)
FN:81,(anonymous_22)
FN:81,(anonymous_23)
FN:84,(anonymous_24)
FN:84,(anonymous_25)
FN:87,(anonymous_26)
FN:87,(anonymous_27)
FNF:26
FNH:25
FNDA:441,(anonymous_2)
FNDA:9,(anonymous_3)
FNDA:9,(anonymous_4)
FNDA:27,(anonymous_5)
FNDA:0,(anonymous_6)
FNDA:10,(anonymous_7)
FNDA:27,(anonymous_8)
FNDA:9,(anonymous_9)
FNDA:27,(anonymous_10)
FNDA:9,(anonymous_11)
FNDA:27,(anonymous_12)
FNDA:9,(anonymous_13)
FNDA:27,(anonymous_14)
FNDA:9,(anonymous_15)
FNDA:27,(anonymous_16)
FNDA:9,(anonymous_17)
FNDA:27,(anonymous_18)
FNDA:9,(anonymous_19)
FNDA:27,(anonymous_20)
FNDA:9,(anonymous_21)
FNDA:27,(anonymous_22)
FNDA:9,(anonymous_23)
FNDA:27,(anonymous_24)
FNDA:9,(anonymous_25)
FNDA:27,(anonymous_26)
FNDA:9,(anonymous_27)
DA:1,10
DA:2,10
DA:3,10
DA:4,10
DA:5,10
DA:6,10
DA:7,10
DA:8,10
DA:9,10
DA:10,10
DA:11,10
DA:12,10
DA:13,10
DA:14,10
DA:17,10
DA:19,441
DA:22,10
DA:25,10
DA:28,10
DA:30,9
DA:31,441
DA:33,9
DA:34,441
DA:36,27
DA:37,10
DA:40,441
DA:42,0
DA:43,441
DA:45,10
DA:46,441
DA:49,10
DA:52,10
DA:55,10
DA:58,441
DA:60,27
DA:61,441
DA:63,27
DA:64,441
DA:66,27
DA:67,441
DA:69,27
DA:70,441
DA:72,27
DA:73,441
DA:75,27
DA:76,441
DA:78,27
DA:79,441
DA:81,27
DA:82,441
DA:84,27
DA:85,441
DA:87,27
DA:88,441
LF:54
LH:53
BRF:0
BRH:0
end_of_record
TN:
SF:src/enums/common.enum.ts
FN:1,(anonymous_0)
FN:6,(anonymous_1)
FNF:2
FNH:2
FNDA:10,(anonymous_0)
FNDA:10,(anonymous_1)
DA:1,10
DA:2,10
DA:3,10
DA:6,10
DA:7,10
DA:8,10
LF:6
LH:6
BRDA:1,0,0,10
BRDA:1,0,1,10
BRDA:6,1,0,10
BRDA:6,1,1,10
BRF:4
BRH:4
end_of_record
TN:
SF:src/enums/cookie.enum.ts
FN:3,(anonymous_0)
FNF:1
FNH:1
FNDA:10,(anonymous_0)
DA:3,10
DA:4,10
DA:5,10
LF:3
LH:3
BRDA:3,0,0,10
BRDA:3,0,1,10
BRF:2
BRH:2
end_of_record
TN:
SF:src/enums/mikro.enum.ts
FNF:0
FNH:0
DA:1,10
LF:1
LH:1
BRF:0
BRH:0
end_of_record
TN:
SF:src/enums/product.enum.ts
FN:1,(anonymous_0)
FNF:1
FNH:1
FNDA:10,(anonymous_0)
DA:1,10
DA:2,10
DA:3,10
DA:4,10
LF:4
LH:4
BRDA:1,0,0,10
BRDA:1,0,1,10
BRF:2
BRH:2
end_of_record
TN:
SF:src/enums/user.enum.ts
FN:1,(anonymous_0)
FN:8,(anonymous_1)
FNF:2
FNH:2
FNDA:10,(anonymous_0)
FNDA:10,(anonymous_1)
DA:1,10
DA:2,10
DA:3,10
DA:4,10
DA:5,10
DA:8,10
DA:9,10
DA:10,10
DA:11,10
LF:9
LH:9
BRDA:1,0,0,10
BRDA:1,0,1,10
BRDA:8,1,0,10
BRDA:8,1,1,10
BRF:4
BRH:4
end_of_record
TN:
SF:src/handlers/global-error.handler.ts
FN:12,(anonymous_0)
FNF:1
FNH:1
FNDA:18,(anonymous_0)
DA:2,10
DA:8,10
DA:9,10
DA:10,10
DA:12,10
DA:18,18
DA:19,18
DA:21,18
DA:22,18
DA:23,18
DA:24,0
DA:25,0
DA:26,0
DA:27,0
DA:28,0
DA:29,0
DA:30,0
DA:31,0
DA:32,0
DA:35,18
DA:36,18
DA:37,18
DA:38,18
DA:39,18
DA:40,18
DA:41,18
DA:43,18
DA:45,18
DA:47,18
DA:55,18
LF:30
LH:21
BRDA:21,0,0,18
BRDA:21,0,1,0
BRDA:24,1,0,0
BRDA:24,1,1,0
BRDA:27,2,0,0
BRDA:27,2,1,0
BRDA:30,3,0,0
BRDA:30,3,1,0
BRF:8
BRH:1
end_of_record
TN:
SF:src/handlers/listen.handler.ts
FN:3,(anonymous_1)
FN:15,(anonymous_2)
FNF:2
FNH:0
FNDA:0,(anonymous_1)
FNDA:0,(anonymous_2)
DA:1,10
DA:3,10
DA:4,0
DA:5,0
DA:6,0
DA:7,0
DA:8,0
DA:12,0
DA:15,10
DA:16,0
DA:17,0
DA:18,0
DA:20,0
LF:13
LH:3
BRDA:6,0,0,0
BRDA:6,0,1,0
BRDA:7,1,0,0
BRDA:7,1,1,0
BRDA:7,2,0,0
BRDA:7,2,1,0
BRF:6
BRH:0
end_of_record
TN:
SF:src/handlers/not-found.handler.ts
FN:4,(anonymous_0)
FNF:1
FNH:0
FNDA:0,(anonymous_0)
DA:2,10
DA:4,10
DA:5,0
DA:6,0
LF:4
LH:2
BRF:0
BRH:0
end_of_record
TN:
SF:src/middlewares/allow.middleware.ts
FN:7,(anonymous_0)
FN:8,(anonymous_1)
FNF:2
FNH:2
FNDA:550,(anonymous_0)
FNDA:76,(anonymous_1)
DA:2,10
DA:3,10
DA:4,10
DA:5,10
DA:7,10
DA:8,550
DA:10,76
DA:11,1
DA:14,75
DA:17,75
DA:18,20
DA:19,19
DA:21,1
DA:24,55
DA:26,55
DA:28,55
DA:31,55
DA:32,39
DA:36,16
DA:37,0
DA:40,16
LF:21
LH:20
BRDA:10,0,0,1
BRDA:10,0,1,75
BRDA:17,1,0,20
BRDA:17,1,1,55
BRDA:18,2,0,19
BRDA:18,2,1,1
BRDA:31,3,0,39
BRDA:31,3,1,16
BRDA:31,4,0,55
BRDA:31,4,1,16
BRDA:36,5,0,0
BRDA:36,5,1,16
BRDA:36,6,0,16
BRDA:36,6,1,16
BRF:14
BRH:13
end_of_record
TN:
SF:src/middlewares/blacklist.middleware.ts
FN:6,(anonymous_0)
FNF:1
FNH:1
FNDA:1,(anonymous_0)
DA:2,10
DA:3,10
DA:4,10
DA:6,10
DA:7,1
DA:8,1
DA:9,0
DA:12,1
DA:13,1
DA:14,0
DA:17,1
LF:11
LH:9
BRDA:8,0,0,0
BRDA:8,0,1,1
BRDA:13,1,0,0
BRDA:13,1,1,1
BRF:4
BRH:2
end_of_record
TN:
SF:src/middlewares/handshake.middleware.ts
FN:8,(anonymous_1)
FNF:1
FNH:0
FNDA:0,(anonymous_1)
DA:2,10
DA:3,10
DA:4,10
DA:5,10
DA:8,10
DA:9,0
DA:11,0
DA:12,0
DA:15,0
DA:16,0
DA:18,0
DA:19,0
DA:22,0
DA:24,0
DA:25,0
DA:27,0
LF:16
LH:5
BRDA:11,0,0,0
BRDA:11,0,1,0
BRDA:18,1,0,0
BRDA:18,1,1,0
BRF:4
BRH:0
end_of_record
TN:
SF:src/middlewares/upload.middleware.ts
FN:5,(anonymous_1)
FN:8,(anonymous_2)
FNF:2
FNH:2
FNDA:1,(anonymous_1)
FNDA:1,(anonymous_2)
DA:1,10
DA:2,10
DA:4,10
DA:6,1
DA:9,1
DA:10,1
DA:11,1
DA:15,10
LF:8
LH:8
BRF:0
BRH:0
end_of_record
TN:
SF:src/middlewares/validate.middleware.ts
FN:398,(anonymous_9)
FN:399,(anonymous_10)
FNF:2
FNH:2
FNDA:550,(anonymous_9)
FNDA:59,(anonymous_10)
DA:1,10
DA:4,10
DA:18,10
DA:23,10
DA:30,10
DA:35,10
DA:41,10
DA:42,10
DA:46,10
DA:54,10
DA:59,10
DA:70,10
DA:75,10
DA:80,10
DA:88,10
DA:93,10
DA:101,10
DA:111,10
DA:123,10
DA:128,10
DA:141,10
DA:146,10
DA:151,10
DA:159,10
DA:167,10
DA:179,10
DA:187,10
DA:195,10
DA:200,10
DA:205,10
DA:213,10
DA:221,10
DA:229,10
DA:241,10
DA:246,10
DA:257,10
DA:262,10
DA:267,10
DA:275,10
DA:283,10
DA:295,10
DA:303,10
DA:311,10
DA:316,10
DA:321,10
DA:329,10
DA:337,10
DA:338,10
DA:347,10
DA:355,10
DA:363,10
DA:375,10
DA:383,10
DA:389,10
DA:398,10
DA:399,550
DA:400,59
DA:403,59
DA:404,28
DA:405,28
DA:406,28
DA:410,59
DA:411,33
DA:412,33
DA:413,33
DA:417,59
DA:418,9
DA:419,9
DA:420,9
DA:423,59
DA:425,59
LF:71
LH:71
BRDA:403,0,0,28
BRDA:403,0,1,31
BRDA:410,1,0,33
BRDA:410,1,1,26
BRDA:417,2,0,9
BRDA:417,2,1,50
BRF:6
BRH:6
end_of_record
TN:
SF:src/repositories/article-comment-like.repository.ts
FN:5,(anonymous_0)
FN:14,(anonymous_1)
FN:22,(anonymous_2)
FN:30,(anonymous_3)
FN:38,(anonymous_4)
FNF:5
FNH:2
FNDA:0,(anonymous_0)
FNDA:1,(anonymous_1)
FNDA:1,(anonymous_2)
FNDA:0,(anonymous_3)
FNDA:0,(anonymous_4)
DA:2,10
DA:3,10
DA:5,10
DA:9,0
DA:11,0
DA:14,10
DA:17,1
DA:19,1
DA:22,10
DA:23,1
DA:25,1
DA:27,1
DA:30,10
DA:31,0
DA:33,0
DA:35,0
DA:38,10
DA:39,0
DA:41,0
LF:19
LH:12
BRF:0
BRH:0
end_of_record
TN:
SF:src/repositories/article-comment.repository.ts
FN:6,(anonymous_0)
FN:12,(anonymous_1)
FN:21,(anonymous_2)
FN:29,(anonymous_3)
FN:37,(anonymous_4)
FNF:5
FNH:4
FNDA:2,(anonymous_0)
FNDA:1,(anonymous_1)
FNDA:3,(anonymous_2)
FNDA:2,(anonymous_3)
FNDA:0,(anonymous_4)
DA:2,10
DA:3,10
DA:6,10
DA:7,2
DA:9,2
DA:12,10
DA:16,1
DA:18,1
DA:21,10
DA:24,3
DA:26,3
DA:29,10
DA:30,2
DA:32,2
DA:34,2
DA:37,10
DA:38,0
DA:40,0
LF:18
LH:16
BRF:0
BRH:0
end_of_record
TN:
SF:src/repositories/article-like.repository.ts
FN:5,(anonymous_0)
FN:14,(anonymous_1)
FN:22,(anonymous_2)
FN:30,(anonymous_3)
FN:38,(anonymous_4)
FNF:5
FNH:2
FNDA:0,(anonymous_0)
FNDA:1,(anonymous_1)
FNDA:1,(anonymous_2)
FNDA:0,(anonymous_3)
FNDA:0,(anonymous_4)
DA:2,10
DA:3,10
DA:5,10
DA:9,0
DA:11,0
DA:14,10
DA:17,1
DA:19,1
DA:22,10
DA:23,1
DA:25,1
DA:27,1
DA:30,10
DA:31,0
DA:33,0
DA:35,0
DA:38,10
DA:39,0
DA:41,0
LF:19
LH:12
BRF:0
BRH:0
end_of_record
TN:
SF:src/repositories/article-tag.repository.ts
FN:4,(anonymous_0)
FNF:1
FNH:0
FNDA:0,(anonymous_0)
DA:1,10
DA:2,10
DA:4,10
DA:5,0
DA:7,0
LF:5
LH:3
BRF:0
BRH:0
end_of_record
TN:
SF:src/repositories/article.repository.ts
FN:8,(anonymous_0)
FN:16,(anonymous_1)
FN:25,(anonymous_2)
FN:31,(anonymous_3)
FN:39,(anonymous_4)
FN:47,(anonymous_5)
FN:55,(anonymous_6)
FN:67,(anonymous_7)
FN:75,(anonymous_8)
FN:78,(anonymous_9)
FNF:10
FNH:6
FNDA:2,(anonymous_0)
FNDA:2,(anonymous_1)
FNDA:5,(anonymous_2)
FNDA:1,(anonymous_3)
FNDA:1,(anonymous_4)
FNDA:1,(anonymous_5)
FNDA:0,(anonymous_6)
FNDA:0,(anonymous_7)
FNDA:0,(anonymous_8)
FNDA:0,(anonymous_9)
DA:2,10
DA:3,10
DA:5,10
DA:6,10
DA:8,10
DA:9,2
DA:11,2
DA:13,2
DA:16,10
DA:20,2
DA:22,2
DA:25,10
DA:26,5
DA:28,5
DA:31,10
DA:32,1
DA:34,1
DA:36,1
DA:39,10
DA:40,1
DA:45,1
DA:47,1
DA:48,1
DA:49,1
DA:52,1
DA:55,10
DA:56,0
DA:60,0
DA:65,0
DA:67,0
DA:68,0
DA:69,0
DA:72,0
DA:75,10
DA:76,0
DA:78,0
DA:79,0
DA:80,0
LF:38
LH:27
BRF:0
BRH:0
end_of_record
TN:
SF:src/repositories/auth.repository.ts
FN:7,(anonymous_0)
FN:15,(anonymous_1)
FN:23,(anonymous_2)
FN:31,(anonymous_3)
FN:37,(anonymous_4)
FN:45,(anonymous_5)
FNF:6
FNH:6
FNDA:9,(anonymous_0)
FNDA:9,(anonymous_1)
FNDA:1,(anonymous_2)
FNDA:9,(anonymous_3)
FNDA:1,(anonymous_4)
FNDA:2,(anonymous_5)
DA:2,10
DA:3,10
DA:5,10
DA:7,10
DA:8,9
DA:10,9
DA:12,9
DA:15,10
DA:16,9
DA:18,9
DA:20,9
DA:23,10
DA:24,1
DA:26,1
DA:28,1
DA:31,10
DA:32,9
DA:34,9
DA:37,10
DA:38,1
DA:40,1
DA:42,1
DA:45,10
DA:46,2
DA:48,2
DA:50,2
DA:52,2
DA:53,1
DA:55,1
LF:29
LH:29
BRDA:52,0,0,1
BRDA:52,0,1,1
BRF:2
BRH:2
end_of_record
TN:
SF:src/repositories/images.repository.ts
FN:11,(anonymous_1)
FN:28,(anonymous_2)
FN:50,(anonymous_3)
FN:65,(anonymous_4)
FNF:4
FNH:1
FNDA:1,(anonymous_1)
FNDA:0,(anonymous_2)
FNDA:0,(anonymous_3)
FNDA:0,(anonymous_4)
DA:1,10
DA:2,10
DA:4,10
DA:5,10
DA:7,10
DA:8,10
DA:9,10
DA:11,10
DA:12,1
DA:14,1
DA:15,1
DA:16,1
DA:18,1
DA:19,1
DA:20,1
DA:21,1
DA:23,1
DA:25,1
DA:28,10
DA:29,0
DA:30,0
DA:32,0
DA:34,0
DA:35,0
DA:36,0
DA:39,0
DA:41,0
DA:47,0
DA:50,10
DA:51,0
DA:52,0
DA:54,0
DA:56,0
DA:57,0
DA:58,0
DA:59,0
DA:62,0
DA:65,10
DA:66,0
DA:68,0
LF:40
LH:21
BRDA:34,0,0,0
BRDA:34,0,1,0
BRDA:58,1,0,0
BRDA:58,1,1,0
BRF:4
BRH:0
end_of_record
TN:
SF:src/repositories/log.repository.ts
FN:6,(anonymous_0)
FN:14,(anonymous_1)
FN:23,(anonymous_2)
FN:29,(anonymous_3)
FNF:4
FNH:1
FNDA:18,(anonymous_0)
FNDA:0,(anonymous_1)
FNDA:0,(anonymous_2)
FNDA:0,(anonymous_3)
DA:2,10
DA:3,10
DA:6,10
DA:7,18
DA:9,18
DA:11,18
DA:14,10
DA:18,0
DA:20,0
DA:23,10
DA:24,0
DA:26,0
DA:29,10
DA:30,0
DA:32,0
LF:15
LH:9
BRF:0
BRH:0
end_of_record
TN:
SF:src/repositories/notifications.repository.ts
FN:6,(anonymous_0)
FN:15,(anonymous_1)
FN:30,(anonymous_2)
FNF:3
FNH:2
FNDA:2,(anonymous_0)
FNDA:2,(anonymous_1)
FNDA:0,(anonymous_2)
DA:2,10
DA:3,10
DA:4,10
DA:6,10
DA:10,2
DA:12,2
DA:15,10
DA:16,2
DA:18,2
DA:20,2
DA:21,1
DA:22,1
DA:24,1
DA:27,2
DA:30,10
DA:31,0
DA:33,0
DA:35,0
DA:36,0
DA:37,0
DA:38,0
DA:40,0
DA:42,0
LF:23
LH:15
BRDA:20,0,0,1
BRDA:20,0,1,1
BRF:2
BRH:2
end_of_record
TN:
SF:src/repositories/product-comment-like.repository.ts
FN:5,(anonymous_0)
FN:14,(anonymous_1)
FN:22,(anonymous_2)
FN:30,(anonymous_3)
FN:38,(anonymous_4)
FNF:5
FNH:2
FNDA:0,(anonymous_0)
FNDA:1,(anonymous_1)
FNDA:1,(anonymous_2)
FNDA:0,(anonymous_3)
FNDA:0,(anonymous_4)
DA:2,10
DA:3,10
DA:5,10
DA:9,0
DA:11,0
DA:14,10
DA:17,1
DA:19,1
DA:22,10
DA:23,1
DA:25,1
DA:27,1
DA:30,10
DA:31,0
DA:33,0
DA:35,0
DA:38,10
DA:39,0
DA:41,0
LF:19
LH:12
BRF:0
BRH:0
end_of_record
TN:
SF:src/repositories/product-comment.repository.ts
FN:7,(anonymous_0)
FN:13,(anonymous_1)
FN:22,(anonymous_2)
FN:30,(anonymous_3)
FN:38,(anonymous_4)
FNF:5
FNH:4
FNDA:2,(anonymous_0)
FNDA:1,(anonymous_1)
FNDA:3,(anonymous_2)
FNDA:2,(anonymous_3)
FNDA:0,(anonymous_4)
DA:2,10
DA:3,10
DA:7,10
DA:8,2
DA:10,2
DA:13,10
DA:17,1
DA:19,1
DA:22,10
DA:25,3
DA:27,3
DA:30,10
DA:31,2
DA:33,2
DA:35,2
DA:38,10
DA:39,0
DA:41,0
LF:18
LH:16
BRF:0
BRH:0
end_of_record
TN:
SF:src/repositories/product-like.repository.ts
FN:7,(anonymous_0)
FN:16,(anonymous_1)
FN:24,(anonymous_2)
FN:32,(anonymous_3)
FN:40,(anonymous_4)
FN:47,(anonymous_5)
FN:60,(anonymous_6)
FNF:7
FNH:2
FNDA:0,(anonymous_0)
FNDA:1,(anonymous_1)
FNDA:1,(anonymous_2)
FNDA:0,(anonymous_3)
FNDA:0,(anonymous_4)
FNDA:0,(anonymous_5)
FNDA:0,(anonymous_6)
DA:2,10
DA:3,10
DA:7,10
DA:11,0
DA:13,0
DA:16,10
DA:19,1
DA:21,1
DA:24,10
DA:25,1
DA:27,1
DA:29,1
DA:32,10
DA:33,0
DA:35,0
DA:37,0
DA:40,10
DA:41,0
DA:43,0
DA:47,10
DA:48,0
DA:50,0
DA:60,0
LF:23
LH:13
BRF:0
BRH:0
end_of_record
TN:
SF:src/repositories/product-tag.repository.ts
FN:4,(anonymous_0)
FNF:1
FNH:0
FNDA:0,(anonymous_0)
DA:1,10
DA:2,10
DA:4,10
DA:5,0
DA:7,0
LF:5
LH:3
BRF:0
BRH:0
end_of_record
TN:
SF:src/repositories/product.repository.ts
FN:9,(anonymous_0)
FN:17,(anonymous_1)
FN:26,(anonymous_2)
FN:32,(anonymous_3)
FN:40,(anonymous_4)
FN:55,(anonymous_5)
FN:63,(anonymous_6)
FN:79,(anonymous_7)
FN:87,(anonymous_8)
FN:90,(anonymous_9)
FNF:10
FNH:6
FNDA:2,(anonymous_0)
FNDA:2,(anonymous_1)
FNDA:5,(anonymous_2)
FNDA:1,(anonymous_3)
FNDA:1,(anonymous_4)
FNDA:1,(anonymous_5)
FNDA:0,(anonymous_6)
FNDA:0,(anonymous_7)
FNDA:0,(anonymous_8)
FNDA:0,(anonymous_9)
DA:2,10
DA:3,10
DA:5,10
DA:6,10
DA:7,10
DA:9,10
DA:10,2
DA:12,2
DA:14,2
DA:17,10
DA:21,2
DA:23,2
DA:26,10
DA:27,5
DA:29,5
DA:32,10
DA:33,1
DA:35,1
DA:37,1
DA:40,10
DA:41,1
DA:44,1
DA:48,1
DA:53,1
DA:55,1
DA:56,1
DA:57,1
DA:60,1
DA:63,10
DA:64,0
DA:68,0
DA:72,0
DA:77,0
DA:79,0
DA:80,0
DA:81,0
DA:84,0
DA:87,10
DA:88,0
DA:90,0
DA:91,0
DA:92,0
LF:42
LH:30
BRF:0
BRH:0
end_of_record
TN:
SF:src/repositories/users.repository.ts
FN:13,(anonymous_0)
FN:19,(anonymous_1)
FN:25,(anonymous_2)
FN:34,(anonymous_3)
FN:43,(anonymous_4)
FN:51,(anonymous_5)
FN:70,(anonymous_6)
FN:81,(anonymous_7)
FN:101,(anonymous_8)
FN:112,(anonymous_9)
FN:118,(anonymous_10)
FN:121,(anonymous_11)
FN:130,(anonymous_12)
FNF:13
FNH:8
FNDA:1,(anonymous_0)
FNDA:19,(anonymous_1)
FNDA:10,(anonymous_2)
FNDA:1,(anonymous_3)
FNDA:10,(anonymous_4)
FNDA:1,(anonymous_5)
FNDA:1,(anonymous_6)
FNDA:0,(anonymous_7)
FNDA:0,(anonymous_8)
FNDA:0,(anonymous_9)
FNDA:0,(anonymous_10)
FNDA:0,(anonymous_11)
FNDA:13,(anonymous_12)
DA:1,10
DA:2,10
DA:3,10
DA:4,10
DA:5,10
DA:6,10
DA:7,10
DA:8,10
DA:10,10
DA:13,10
DA:14,1
DA:16,1
DA:19,10
DA:20,19
DA:22,19
DA:25,10
DA:29,10
DA:31,10
DA:34,10
DA:38,1
DA:40,1
DA:43,10
DA:44,10
DA:46,10
DA:48,10
DA:51,10
DA:52,1
DA:55,1
DA:59,1
DA:63,1
DA:68,1
DA:70,1
DA:71,1
DA:72,1
DA:73,1
DA:74,1
DA:75,1
DA:78,1
DA:81,10
DA:82,0
DA:86,0
DA:90,0
DA:94,0
DA:99,0
DA:101,0
DA:102,0
DA:103,0
DA:104,0
DA:105,0
DA:106,0
DA:109,0
DA:112,10
DA:113,0
DA:115,0
DA:118,10
DA:119,0
DA:121,0
DA:122,0
DA:123,0
DA:124,0
DA:125,0
DA:126,0
DA:130,10
DA:131,13
DA:133,13
LF:65
LH:44
BRF:0
BRH:0
end_of_record
TN:
SF:src/routers/articles.router.ts
FNF:0
FNH:0
DA:1,10
DA:2,10
DA:3,10
DA:4,10
DA:17,10
DA:30,10
DA:32,10
DA:33,10
DA:34,10
DA:35,10
DA:36,10
DA:37,10
DA:38,10
DA:39,10
DA:41,10
DA:47,10
DA:54,10
LF:17
LH:17
BRF:0
BRH:0
end_of_record
TN:
SF:src/routers/auth.router.ts
FNF:0
FNH:0
DA:1,10
DA:2,10
DA:10,10
DA:11,10
DA:12,10
DA:19,10
DA:21,10
DA:23,10
DA:24,10
DA:25,10
DA:26,10
DA:27,10
DA:29,10
LF:13
LH:13
BRF:0
BRH:0
end_of_record
TN:
SF:src/routers/comments.router.ts
FNF:0
FNH:0
DA:1,10
DA:2,10
DA:3,10
DA:4,10
DA:17,10
DA:30,10
DA:32,10
DA:38,10
DA:44,10
DA:50,10
DA:56,10
DA:63,10
DA:69,10
DA:75,10
DA:81,10
DA:87,10
DA:94,10
LF:17
LH:17
BRF:0
BRH:0
end_of_record
TN:
SF:src/routers/docs.router.ts
FNF:0
FNH:0
DA:1,10
DA:2,10
DA:3,10
DA:4,10
DA:6,10
DA:7,10
DA:9,10
DA:11,10
DA:13,10
LF:9
LH:9
BRF:0
BRH:0
end_of_record
TN:
SF:src/routers/images.router.ts
FNF:0
FNH:0
DA:1,10
DA:2,10
DA:3,10
DA:4,10
DA:5,10
DA:6,10
DA:8,10
DA:10,10
DA:11,10
DA:12,10
DA:14,10
LF:11
LH:11
BRF:0
BRH:0
end_of_record
TN:
SF:src/routers/logs.router.ts
FNF:0
FNH:0
DA:1,10
DA:2,10
DA:3,10
DA:4,10
DA:5,10
DA:7,10
DA:9,10
DA:10,10
DA:12,10
LF:9
LH:9
BRF:0
BRH:0
end_of_record
TN:
SF:src/routers/notifications.router.ts
FNF:0
FNH:0
DA:1,10
DA:2,10
DA:3,10
DA:4,10
DA:10,10
DA:17,10
DA:20,10
DA:21,10
DA:27,10
DA:29,10
DA:31,10
LF:11
LH:11
BRF:0
BRH:0
end_of_record
TN:
SF:src/routers/products.router.ts
FNF:0
FNH:0
DA:1,10
DA:2,10
DA:3,10
DA:4,10
DA:17,10
DA:30,10
DA:32,10
DA:33,10
DA:34,10
DA:35,10
DA:36,10
DA:37,10
DA:38,10
DA:39,10
DA:41,10
DA:47,10
DA:54,10
LF:17
LH:17
BRF:0
BRH:0
end_of_record
TN:
SF:src/routers/root.router.ts
FNF:0
FNH:0
DA:1,10
DA:2,10
DA:3,10
DA:4,10
DA:5,10
DA:7,10
DA:9,10
DA:11,10
LF:8
LH:8
BRF:0
BRH:0
end_of_record
TN:
SF:src/routers/users.router.ts
FNF:0
FNH:0
DA:1,10
DA:3,10
DA:4,10
DA:5,10
DA:18,10
DA:31,10
DA:33,10
DA:34,10
DA:35,10
DA:36,10
DA:37,10
DA:38,10
DA:39,10
DA:40,10
DA:42,10
DA:43,10
DA:45,10
LF:17
LH:17
BRF:0
BRH:0
end_of_record
TN:
SF:src/services/articles.service.ts
FN:45,(anonymous_0)
FN:81,(anonymous_1)
FN:95,(anonymous_2)
FN:130,(anonymous_3)
FN:137,(anonymous_4)
FN:179,(anonymous_5)
FN:185,(anonymous_6)
FN:191,(anonymous_7)
FN:211,(anonymous_8)
FN:229,(anonymous_9)
FN:262,(anonymous_10)
FN:277,(anonymous_11)
FNF:12
FNH:8
FNDA:2,(anonymous_0)
FNDA:1,(anonymous_1)
FNDA:0,(anonymous_2)
FNDA:1,(anonymous_3)
FNDA:1,(anonymous_4)
FNDA:1,(anonymous_5)
FNDA:0,(anonymous_6)
FNDA:0,(anonymous_7)
FNDA:1,(anonymous_8)
FNDA:2,(anonymous_9)
FNDA:1,(anonymous_10)
FNDA:0,(anonymous_11)
DA:1,10
DA:2,10
DA:3,10
DA:15,10
DA:16,10
DA:17,10
DA:18,10
DA:20,10
DA:21,10
DA:22,10
DA:31,10
DA:37,10
DA:39,10
DA:40,10
DA:41,10
DA:42,10
DA:43,10
DA:45,10
DA:46,2
DA:47,2
DA:49,2
DA:50,2
DA:51,2
DA:53,2
DA:55,2
DA:56,0
DA:58,0
DA:59,0
DA:60,0
DA:63,0
DA:66,2
DA:67,0
DA:68,0
DA:70,0
DA:71,0
DA:72,0
DA:74,0
DA:78,2
DA:81,10
DA:82,1
DA:83,1
DA:85,1
DA:87,1
DA:88,0
DA:95,0
DA:97,0
DA:98,0
DA:104,0
DA:107,1
DA:108,0
DA:109,0
DA:112,1
DA:114,1
DA:120,1
DA:122,1
DA:127,1
DA:130,10
DA:131,1
DA:132,1
DA:134,1
DA:137,10
DA:138,1
DA:139,1
DA:141,1
DA:143,1
DA:144,0
DA:147,1
DA:148,1
DA:150,1
DA:151,0
DA:154,1
DA:155,0
DA:157,0
DA:158,0
DA:159,0
DA:162,0
DA:164,1
DA:165,0
DA:166,0
DA:168,0
DA:169,0
DA:170,0
DA:172,0
DA:176,1
DA:179,10
DA:180,1
DA:182,1
DA:185,10
DA:186,0
DA:188,0
DA:191,10
DA:192,0
DA:193,0
DA:195,0
DA:196,0
DA:197,0
DA:199,0
DA:200,0
DA:201,0
DA:204,0
DA:206,0
DA:208,0
DA:211,10
DA:212,1
DA:214,1
DA:215,1
DA:216,1
DA:218,1
DA:219,1
DA:220,1
DA:221,1
DA:223,1
DA:225,0
DA:229,10
DA:230,2
DA:231,2
DA:233,2
DA:234,2
DA:236,2
DA:238,2
DA:239,2
DA:240,2
DA:241,2
DA:242,2
DA:243,2
DA:245,2
DA:247,2
DA:249,2
DA:250,0
DA:252,0
DA:254,0
DA:259,2
DA:262,10
DA:263,1
DA:264,1
DA:266,1
DA:268,1
DA:269,0
DA:276,0
DA:277,0
DA:280,0
DA:281,0
DA:287,0
DA:290,1
DA:291,0
DA:294,1
DA:296,1
DA:302,1
DA:304,1
DA:309,1
LF:150
LH:95
BRDA:55,0,0,0
BRDA:55,0,1,2
BRDA:66,1,0,0
BRDA:66,1,1,2
BRDA:87,2,0,0
BRDA:87,2,1,1
BRDA:97,3,0,0
BRDA:97,3,1,0
BRDA:107,4,0,0
BRDA:107,4,1,1
BRDA:143,5,0,0
BRDA:143,5,1,1
BRDA:143,6,0,1
BRDA:143,6,1,1
BRDA:147,7,0,1
BRDA:147,7,1,0
BRDA:150,8,0,0
BRDA:150,8,1,1
BRDA:154,9,0,0
BRDA:154,9,1,1
BRDA:164,10,0,0
BRDA:164,10,1,1
BRDA:196,11,0,0
BRDA:196,11,1,0
BRDA:200,12,0,0
BRDA:200,12,1,0
BRDA:218,13,0,1
BRDA:218,13,1,0
BRDA:249,14,0,0
BRDA:249,14,1,2
BRDA:268,15,0,0
BRDA:268,15,1,1
BRDA:268,16,0,1
BRDA:268,16,1,0
BRDA:280,17,0,0
BRDA:280,17,1,0
BRDA:290,18,0,0
BRDA:290,18,1,1
BRF:38
BRH:16
end_of_record
TN:
SF:src/services/auth.service.ts
FN:38,(anonymous_1)
FN:60,(anonymous_2)
FN:83,(anonymous_3)
FN:159,(anonymous_4)
FN:171,(anonymous_5)
FNF:5
FNH:5
FNDA:10,(anonymous_1)
FNDA:1,(anonymous_2)
FNDA:9,(anonymous_3)
FNDA:2,(anonymous_4)
FNDA:1,(anonymous_5)
DA:1,10
DA:2,10
DA:11,10
DA:12,10
DA:20,10
DA:21,10
DA:22,10
DA:23,10
DA:24,10
DA:25,10
DA:27,10
DA:34,10
DA:35,10
DA:36,10
DA:38,10
DA:39,10
DA:40,10
DA:42,10
DA:43,10
DA:44,1
DA:47,9
DA:49,9
DA:51,9
DA:52,9
DA:53,9
DA:55,9
DA:57,9
DA:60,10
DA:61,1
DA:62,1
DA:64,1
DA:65,1
DA:66,0
DA:69,1
DA:70,1
DA:71,0
DA:74,1
DA:78,1
DA:80,1
DA:83,10
DA:84,9
DA:85,9
DA:87,9
DA:88,9
DA:89,0
DA:92,9
DA:93,0
DA:96,9
DA:97,0
DA:100,9
DA:101,9
DA:102,0
DA:104,0
DA:106,0
DA:107,0
DA:108,0
DA:110,0
DA:112,0
DA:114,0
DA:117,9
DA:118,9
DA:120,9
DA:122,9
DA:124,9
DA:125,9
DA:127,9
DA:128,9
DA:129,9
DA:131,9
DA:133,9
DA:134,0
DA:135,0
DA:137,0
DA:139,9
DA:140,9
DA:141,9
DA:142,9
DA:143,9
DA:145,9
DA:148,9
DA:149,9
DA:151,9
DA:159,10
DA:160,2
DA:161,2
DA:162,0
DA:165,2
DA:167,2
DA:168,2
DA:171,10
DA:172,1
DA:173,1
DA:174,0
DA:177,1
DA:178,1
DA:180,1
DA:181,1
DA:183,1
DA:184,1
DA:185,1
DA:187,1
DA:189,1
DA:190,1
DA:192,1
DA:194,1
DA:195,1
DA:197,1
LF:107
LH:89
BRDA:43,0,0,1
BRDA:43,0,1,9
BRDA:65,1,0,0
BRDA:65,1,1,1
BRDA:70,2,0,0
BRDA:70,2,1,1
BRDA:88,3,0,0
BRDA:88,3,1,9
BRDA:92,4,0,0
BRDA:92,4,1,9
BRDA:96,5,0,0
BRDA:96,5,1,9
BRDA:101,6,0,0
BRDA:101,6,1,9
BRDA:106,7,0,0
BRDA:106,7,1,0
BRDA:133,8,0,0
BRDA:133,8,1,9
BRDA:161,9,0,0
BRDA:161,9,1,2
BRDA:173,10,0,0
BRDA:173,10,1,1
BRF:22
BRH:11
end_of_record
TN:
SF:src/services/comments.service.ts
FN:44,(anonymous_0)
FN:63,(anonymous_1)
FN:78,(anonymous_2)
FN:89,(anonymous_3)
FN:106,(anonymous_4)
FN:124,(anonymous_5)
FN:143,(anonymous_6)
FN:158,(anonymous_7)
FN:169,(anonymous_8)
FN:186,(anonymous_9)
FNF:10
FNH:6
FNDA:1,(anonymous_0)
FNDA:1,(anonymous_1)
FNDA:0,(anonymous_2)
FNDA:0,(anonymous_3)
FNDA:1,(anonymous_4)
FNDA:1,(anonymous_5)
FNDA:1,(anonymous_6)
FNDA:0,(anonymous_7)
FNDA:0,(anonymous_8)
FNDA:1,(anonymous_9)
DA:1,10
DA:2,10
DA:3,10
DA:4,10
DA:9,10
DA:14,10
DA:19,10
DA:24,10
DA:32,10
DA:41,10
DA:42,10
DA:44,10
DA:45,1
DA:46,1
DA:48,1
DA:50,1
DA:51,0
DA:54,1
DA:55,1
DA:58,1
DA:60,1
DA:63,10
DA:64,1
DA:66,1
DA:68,1
DA:69,0
DA:72,1
DA:73,1
DA:75,1
DA:78,10
DA:79,0
DA:81,0
DA:82,0
DA:83,0
DA:84,0
DA:86,0
DA:89,10
DA:90,0
DA:91,0
DA:93,0
DA:94,0
DA:95,0
DA:98,0
DA:99,0
DA:100,0
DA:103,0
DA:106,10
DA:107,1
DA:109,1
DA:110,1
DA:111,1
DA:113,1
DA:114,1
DA:115,1
DA:116,1
DA:118,1
DA:120,0
DA:124,10
DA:125,1
DA:126,1
DA:128,1
DA:130,1
DA:131,0
DA:134,1
DA:135,1
DA:138,1
DA:140,1
DA:143,10
DA:144,1
DA:146,1
DA:148,1
DA:149,0
DA:152,1
DA:153,1
DA:155,1
DA:158,10
DA:159,0
DA:161,0
DA:162,0
DA:163,0
DA:164,0
DA:166,0
DA:169,10
DA:170,0
DA:171,0
DA:173,0
DA:174,0
DA:175,0
DA:178,0
DA:179,0
DA:180,0
DA:183,0
DA:186,10
DA:187,1
DA:189,1
DA:190,1
DA:191,1
DA:193,1
DA:194,1
DA:195,1
DA:196,1
DA:198,1
DA:200,0
LF:103
LH:67
BRDA:50,0,0,0
BRDA:50,0,1,1
BRDA:50,1,0,1
BRDA:50,1,1,1
BRDA:54,2,0,1
BRDA:54,2,1,0
BRDA:68,3,0,0
BRDA:68,3,1,1
BRDA:68,4,0,1
BRDA:68,4,1,1
BRDA:94,5,0,0
BRDA:94,5,1,0
BRDA:99,6,0,0
BRDA:99,6,1,0
BRDA:113,7,0,1
BRDA:113,7,1,0
BRDA:130,8,0,0
BRDA:130,8,1,1
BRDA:130,9,0,1
BRDA:130,9,1,1
BRDA:134,10,0,1
BRDA:134,10,1,0
BRDA:148,11,0,0
BRDA:148,11,1,1
BRDA:148,12,0,1
BRDA:148,12,1,1
BRDA:174,13,0,0
BRDA:174,13,1,0
BRDA:179,14,0,0
BRDA:179,14,1,0
BRDA:193,15,0,1
BRDA:193,15,1,0
BRF:32
BRH:16
end_of_record
TN:
SF:src/services/images.service.ts
FN:6,(anonymous_0)
FN:16,(anonymous_1)
FN:27,(anonymous_2)
FNF:3
FNH:1
FNDA:1,(anonymous_0)
FNDA:0,(anonymous_1)
FNDA:0,(anonymous_2)
DA:1,10
DA:2,10
DA:6,10
DA:7,1
DA:8,0
DA:11,1
DA:13,1
DA:16,10
DA:17,0
DA:19,0
DA:24,0
DA:27,10
DA:28,0
DA:30,0
LF:14
LH:8
BRDA:7,0,0,0
BRDA:7,0,1,1
BRF:2
BRH:1
end_of_record
TN:
SF:src/services/logs.service.ts
FN:6,(anonymous_0)
FN:35,(anonymous_1)
FNF:2
FNH:0
FNDA:0,(anonymous_0)
FNDA:0,(anonymous_1)
DA:1,10
DA:4,10
DA:6,10
DA:7,0
DA:8,0
DA:10,0
DA:12,0
DA:13,0
DA:14,0
DA:17,0
DA:19,0
DA:25,0
DA:27,0
DA:32,0
DA:35,10
DA:36,0
LF:16
LH:4
BRDA:12,0,0,0
BRDA:12,0,1,0
BRF:2
BRH:0
end_of_record
TN:
SF:src/services/notifications.service.ts
FN:12,(anonymous_0)
FN:32,(anonymous_1)
FN:66,(anonymous_2)
FN:100,(anonymous_3)
FNF:4
FNH:4
FNDA:1,(anonymous_0)
FNDA:1,(anonymous_1)
FNDA:1,(anonymous_2)
FNDA:1,(anonymous_3)
DA:1,10
DA:2,10
DA:3,10
DA:10,10
DA:12,10
DA:13,1
DA:14,1
DA:16,1
DA:17,0
DA:20,1
DA:22,1
DA:27,1
DA:29,1
DA:32,10
DA:33,1
DA:34,1
DA:35,1
DA:37,1
DA:39,1
DA:41,1
DA:42,0
DA:45,1
DA:46,1
DA:48,1
DA:50,1
DA:56,1
DA:58,1
DA:63,1
DA:66,10
DA:67,1
DA:68,1
DA:69,1
DA:71,1
DA:73,1
DA:74,0
DA:77,1
DA:78,1
DA:80,1
DA:82,1
DA:84,1
DA:90,1
DA:92,1
DA:97,1
DA:100,10
DA:101,1
DA:102,1
DA:104,1
DA:106,1
DA:111,1
DA:113,1
LF:50
LH:47
BRDA:16,0,0,0
BRDA:16,0,1,1
BRDA:41,1,0,0
BRDA:41,1,1,1
BRDA:73,2,0,0
BRDA:73,2,1,1
BRF:6
BRH:3
end_of_record
TN:
SF:src/services/products.service.ts
FN:47,(anonymous_0)
FN:87,(anonymous_1)
FN:101,(anonymous_2)
FN:136,(anonymous_3)
FN:143,(anonymous_4)
FN:214,(anonymous_5)
FN:220,(anonymous_6)
FN:226,(anonymous_7)
FN:246,(anonymous_8)
FN:264,(anonymous_9)
FN:285,(anonymous_10)
FN:300,(anonymous_11)
FNF:12
FNH:8
FNDA:2,(anonymous_0)
FNDA:1,(anonymous_1)
FNDA:0,(anonymous_2)
FNDA:1,(anonymous_3)
FNDA:1,(anonymous_4)
FNDA:1,(anonymous_5)
FNDA:0,(anonymous_6)
FNDA:0,(anonymous_7)
FNDA:1,(anonymous_8)
FNDA:2,(anonymous_9)
FNDA:1,(anonymous_10)
FNDA:0,(anonymous_11)
DA:1,10
DA:2,10
DA:3,10
DA:5,10
DA:6,10
DA:7,10
DA:8,10
DA:9,10
DA:10,10
DA:11,10
DA:18,10
DA:19,10
DA:28,10
DA:29,10
DA:42,10
DA:43,10
DA:44,10
DA:45,10
DA:47,10
DA:48,2
DA:49,2
DA:51,2
DA:52,2
DA:53,2
DA:54,2
DA:55,2
DA:57,2
DA:59,2
DA:60,0
DA:62,0
DA:63,0
DA:64,0
DA:67,0
DA:70,2
DA:71,0
DA:72,0
DA:74,0
DA:75,0
DA:76,0
DA:78,0
DA:82,2
DA:84,2
DA:87,10
DA:88,1
DA:89,1
DA:91,1
DA:93,1
DA:94,0
DA:101,0
DA:103,0
DA:104,0
DA:110,0
DA:113,1
DA:114,0
DA:115,0
DA:118,1
DA:120,1
DA:126,1
DA:128,1
DA:133,1
DA:136,10
DA:137,1
DA:138,1
DA:140,1
DA:143,10
DA:144,1
DA:145,1
DA:146,1
DA:148,1
DA:150,1
DA:152,1
DA:153,0
DA:156,1
DA:157,1
DA:159,1
DA:160,0
DA:162,1
DA:163,0
DA:165,1
DA:166,0
DA:167,0
DA:168,0
DA:170,0
DA:173,1
DA:174,0
DA:176,0
DA:177,0
DA:178,0
DA:181,0
DA:183,1
DA:184,0
DA:185,0
DA:187,0
DA:188,0
DA:189,0
DA:191,0
DA:195,1
DA:197,1
DA:198,0
DA:200,0
DA:201,0
DA:205,0
DA:207,0
DA:211,1
DA:214,10
DA:215,1
DA:217,1
DA:220,10
DA:221,0
DA:223,0
DA:226,10
DA:227,0
DA:228,0
DA:230,0
DA:231,0
DA:232,0
DA:234,0
DA:235,0
DA:236,0
DA:239,0
DA:241,0
DA:243,0
DA:246,10
DA:247,1
DA:249,1
DA:250,1
DA:251,1
DA:253,1
DA:254,1
DA:255,1
DA:256,1
DA:258,1
DA:260,0
DA:264,10
DA:265,2
DA:266,2
DA:268,2
DA:269,2
DA:271,2
DA:273,2
DA:274,2
DA:275,2
DA:276,2
DA:277,2
DA:278,2
DA:280,2
DA:282,2
DA:285,10
DA:286,1
DA:287,1
DA:289,1
DA:291,1
DA:292,0
DA:299,0
DA:300,0
DA:303,0
DA:304,0
DA:310,0
DA:313,1
DA:314,0
DA:317,1
DA:319,1
DA:325,1
DA:327,1
DA:332,1
LF:165
LH:103
BRDA:59,0,0,0
BRDA:59,0,1,2
BRDA:70,1,0,0
BRDA:70,1,1,2
BRDA:93,2,0,0
BRDA:93,2,1,1
BRDA:103,3,0,0
BRDA:103,3,1,0
BRDA:113,4,0,0
BRDA:113,4,1,1
BRDA:152,5,0,0
BRDA:152,5,1,1
BRDA:152,6,0,1
BRDA:152,6,1,1
BRDA:156,7,0,1
BRDA:156,7,1,0
BRDA:159,8,0,0
BRDA:159,8,1,1
BRDA:162,9,0,0
BRDA:162,9,1,1
BRDA:165,10,0,0
BRDA:165,10,1,1
BRDA:167,11,0,0
BRDA:167,11,1,0
BRDA:173,12,0,0
BRDA:173,12,1,1
BRDA:183,13,0,0
BRDA:183,13,1,1
BRDA:197,14,0,0
BRDA:197,14,1,1
BRDA:197,15,0,1
BRDA:197,15,1,0
BRDA:231,16,0,0
BRDA:231,16,1,0
BRDA:235,17,0,0
BRDA:235,17,1,0
BRDA:253,18,0,1
BRDA:253,18,1,0
BRDA:291,19,0,0
BRDA:291,19,1,1
BRDA:291,20,0,1
BRDA:291,20,1,0
BRDA:303,21,0,0
BRDA:303,21,1,0
BRDA:313,22,0,0
BRDA:313,22,1,1
BRF:46
BRH:19
end_of_record
TN:
SF:src/services/root.service.ts
FN:4,(anonymous_0)
FNF:1
FNH:1
FNDA:1,(anonymous_0)
DA:1,10
DA:4,10
DA:5,1
DA:6,1
DA:7,1
DA:8,1
DA:10,1
DA:16,1
LF:8
LH:8
BRF:0
BRH:0
end_of_record
TN:
SF:src/services/users.service.ts
FN:41,(anonymous_0)
FN:69,(anonymous_1)
FN:93,(anonymous_2)
FN:121,(anonymous_3)
FN:127,(anonymous_4)
FN:133,(anonymous_5)
FN:145,(anonymous_6)
FN:158,(anonymous_7)
FN:178,(anonymous_8)
FN:193,(anonymous_9)
FN:231,(anonymous_10)
FN:246,(anonymous_11)
FNF:12
FNH:5
FNDA:1,(anonymous_0)
FNDA:1,(anonymous_1)
FNDA:1,(anonymous_2)
FNDA:0,(anonymous_3)
FNDA:0,(anonymous_4)
FNDA:0,(anonymous_5)
FNDA:0,(anonymous_6)
FNDA:0,(anonymous_7)
FNDA:1,(anonymous_8)
FNDA:0,(anonymous_9)
FNDA:1,(anonymous_10)
FNDA:0,(anonymous_11)
DA:2,10
DA:4,10
DA:5,10
DA:6,10
DA:30,10
DA:31,10
DA:32,10
DA:33,10
DA:34,10
DA:35,10
DA:36,10
DA:37,10
DA:41,10
DA:42,1
DA:43,1
DA:45,1
DA:47,1
DA:48,0
DA:51,1
DA:53,1
DA:59,1
DA:61,1
DA:66,1
DA:69,10
DA:70,1
DA:72,1
DA:73,1
DA:74,1
DA:76,1
DA:77,0
DA:78,0
DA:79,1
DA:80,1
DA:83,1
DA:88,1
DA:90,1
DA:93,10
DA:94,1
DA:95,1
DA:97,1
DA:98,0
DA:100,1
DA:102,1
DA:103,1
DA:105,1
DA:106,0
DA:108,1
DA:109,0
DA:111,1
DA:112,0
DA:113,0
DA:116,1
DA:118,1
DA:121,10
DA:122,0
DA:124,0
DA:127,10
DA:128,0
DA:130,0
DA:133,10
DA:134,0
DA:136,0
DA:137,0
DA:138,0
DA:140,0
DA:142,0
DA:145,10
DA:146,0
DA:148,0
DA:149,0
DA:150,0
DA:151,0
DA:153,0
DA:155,0
DA:158,10
DA:159,0
DA:160,0
DA:162,0
DA:163,0
DA:164,0
DA:166,0
DA:167,0
DA:168,0
DA:171,0
DA:173,0
DA:175,0
DA:178,10
DA:179,1
DA:180,1
DA:181,1
DA:183,1
DA:185,1
DA:186,0
DA:193,0
DA:195,0
DA:196,0
DA:202,0
DA:203,1
DA:204,1
DA:205,1
DA:208,1
DA:209,0
DA:210,0
DA:213,1
DA:215,1
DA:221,1
DA:223,1
DA:228,1
DA:231,10
DA:232,1
DA:233,1
DA:234,1
DA:236,1
DA:238,1
DA:239,0
DA:246,0
DA:248,0
DA:249,0
DA:255,0
DA:256,1
DA:257,1
DA:258,1
DA:261,1
DA:262,0
DA:263,0
DA:266,1
DA:268,1
DA:274,1
DA:276,1
DA:281,1
LF:130
LH:80
BRDA:47,0,0,0
BRDA:47,0,1,1
BRDA:76,1,0,0
BRDA:76,1,1,1
BRDA:79,2,0,1
BRDA:79,2,1,0
BRDA:97,3,0,0
BRDA:97,3,1,1
BRDA:97,4,0,1
BRDA:97,4,1,1
BRDA:102,5,0,1
BRDA:102,5,1,0
BRDA:105,6,0,0
BRDA:105,6,1,1
BRDA:108,7,0,0
BRDA:108,7,1,1
BRDA:111,8,0,0
BRDA:111,8,1,1
BRDA:163,9,0,0
BRDA:163,9,1,0
BRDA:167,10,0,0
BRDA:167,10,1,0
BRDA:185,11,0,0
BRDA:185,11,1,1
BRDA:185,12,0,1
BRDA:185,12,1,1
BRDA:195,13,0,0
BRDA:195,13,1,0
BRDA:203,14,0,1
BRDA:203,14,1,0
BRDA:208,15,0,0
BRDA:208,15,1,1
BRDA:238,16,0,0
BRDA:238,16,1,1
BRDA:238,17,0,1
BRDA:238,17,1,1
BRDA:248,18,0,0
BRDA:248,18,1,0
BRDA:256,19,0,1
BRDA:256,19,1,0
BRDA:261,20,0,0
BRDA:261,20,1,1
BRF:42
BRH:20
end_of_record
TN:
SF:src/types/error.type.ts
FN:4,(anonymous_0)
FN:11,(anonymous_1)
FN:17,(anonymous_2)
FN:23,(anonymous_3)
FN:29,(anonymous_4)
FN:35,(anonymous_5)
FN:41,(anonymous_6)
FN:47,(anonymous_7)
FNF:8
FNH:4
FNDA:18,(anonymous_0)
FNDA:0,(anonymous_1)
FNDA:1,(anonymous_2)
FNDA:16,(anonymous_3)
FNDA:0,(anonymous_4)
FNDA:1,(anonymous_5)
FNDA:0,(anonymous_6)
FNDA:0,(anonymous_7)
DA:1,10
DA:5,18
DA:6,18
DA:10,10
DA:12,0
DA:16,10
DA:18,1
DA:22,10
DA:24,16
DA:28,10
DA:30,0
DA:34,10
DA:36,1
DA:40,10
DA:42,0
DA:46,10
DA:48,0
LF:17
LH:13
BRDA:11,0,0,0
BRDA:17,1,0,1
BRDA:23,2,0,16
BRDA:29,3,0,0
BRDA:35,4,0,1
BRDA:41,5,0,0
BRDA:47,6,0,0
BRF:7
BRH:3
end_of_record
TN:
SF:src/utils/cookie.util.ts
FN:10,(anonymous_1)
FNF:1
FNH:1
FNDA:20,(anonymous_1)
DA:2,10
DA:4,10
DA:10,20
LF:3
LH:3
BRF:0
BRH:0
end_of_record
TN:
SF:src/utils/env.util.ts
FN:5,(anonymous_1)
FNF:1
FNH:1
FNDA:120,(anonymous_1)
DA:1,10
DA:3,10
DA:5,10
DA:6,120
DA:7,120
DA:8,0
DA:10,120
DA:13,10
DA:28,10
LF:9
LH:8
BRDA:7,0,0,0
BRDA:7,0,1,120
BRF:2
BRH:1
end_of_record
TN:
SF:src/utils/error.util.ts
FN:5,(anonymous_0)
FN:6,(anonymous_1)
FN:7,(anonymous_2)
FN:8,(anonymous_3)
FNF:4
FNH:1
FNDA:18,(anonymous_0)
FNDA:0,(anonymous_1)
FNDA:0,(anonymous_2)
FNDA:0,(anonymous_3)
DA:1,10
DA:2,10
DA:3,10
DA:5,18
DA:6,10
DA:7,10
DA:8,10
LF:7
LH:7
BRF:0
BRH:0
end_of_record
TN:
SF:src/utils/from.util.ts
FN:3,(anonymous_0)
FN:4,(anonymous_1)
FN:5,(anonymous_2)
FNF:3
FNH:3
FNDA:27,(anonymous_0)
FNDA:18,(anonymous_1)
FNDA:18,(anonymous_2)
DA:3,27
DA:4,18
DA:5,18
LF:3
LH:3
BRDA:3,0,0,27
BRDA:3,0,1,0
BRDA:4,1,0,18
BRDA:4,1,1,0
BRDA:5,2,0,18
BRDA:5,2,1,0
BRF:6
BRH:3
end_of_record
TN:
SF:src/utils/mikro.util.ts
FN:7,(anonymous_1)
FN:14,(anonymous_2)
FN:19,(anonymous_3)
FN:23,(anonymous_4)
FNF:4
FNH:2
FNDA:164,(anonymous_1)
FNDA:164,(anonymous_2)
FNDA:0,(anonymous_3)
FNDA:0,(anonymous_4)
DA:1,10
DA:2,10
DA:7,10
DA:8,164
DA:9,9
DA:11,164
DA:14,10
DA:15,164
DA:16,164
DA:19,10
DA:20,0
DA:23,10
DA:24,0
LF:13
LH:11
BRDA:8,0,0,9
BRDA:8,0,1,155
BRF:2
BRH:2
end_of_record
TN:
SF:src/utils/password.util.ts
FN:6,(anonymous_1)
FN:9,(anonymous_2)
FNF:2
FNH:2
FNDA:9,(anonymous_1)
FNDA:10,(anonymous_2)
DA:1,10
DA:3,10
DA:6,10
DA:9,10
DA:10,10
LF:5
LH:5
BRF:0
BRH:0
end_of_record
TN:
SF:src/utils/redis.util.ts
FN:10,(anonymous_1)
FN:15,(anonymous_2)
FN:19,(anonymous_3)
FN:22,(anonymous_4)
FN:33,(anonymous_5)
FNF:5
FNH:5
FNDA:6,(anonymous_1)
FNDA:6,(anonymous_2)
FNDA:1,(anonymous_3)
FNDA:6,(anonymous_4)
FNDA:1,(anonymous_5)
DA:1,10
DA:2,10
DA:4,10
DA:9,10
DA:10,6
DA:15,6
DA:18,10
DA:19,1
DA:22,10
DA:23,6
DA:25,6
DA:33,10
LF:12
LH:12
BRF:0
BRH:0
end_of_record
TN:
SF:src/utils/response.util.ts
FN:3,(anonymous_0)
FN:8,(anonymous_1)
FNF:2
FNH:1
FNDA:58,(anonymous_0)
FNDA:0,(anonymous_1)
DA:3,58
DA:8,10
LF:2
LH:2
BRF:0
BRH:0
end_of_record
TN:
SF:src/utils/to.util.ts
FN:6,(anonymous_0)
FN:8,(anonymous_1)
FN:10,(anonymous_2)
FNF:3
FNH:3
FNDA:3,(anonymous_0)
FNDA:9,(anonymous_1)
FNDA:9,(anonymous_2)
DA:2,10
DA:3,10
DA:6,10
DA:8,10
DA:10,10
DA:11,9
DA:13,9
LF:7
LH:7
BRDA:11,0,0,0
BRDA:11,0,1,9
BRF:2
BRH:1
end_of_record
TN:
SF:src/utils/token.util.ts
FN:9,(anonymous_1)
FN:17,(anonymous_2)
FN:25,(anonymous_3)
FN:30,(anonymous_4)
FN:35,(anonymous_5)
FN:37,(anonymous_6)
FN:47,(anonymous_7)
FN:50,(anonymous_8)
FN:52,(anonymous_9)
FN:62,(anonymous_10)
FN:65,(anonymous_11)
FNF:11
FNH:11
FNDA:10,(anonymous_1)
FNDA:10,(anonymous_2)
FNDA:57,(anonymous_3)
FNDA:1,(anonymous_4)
FNDA:10,(anonymous_5)
FNDA:79,(anonymous_6)
FNDA:2,(anonymous_7)
FNDA:10,(anonymous_8)
FNDA:3,(anonymous_9)
FNDA:2,(anonymous_10)
FNDA:6,(anonymous_11)
DA:2,10
DA:4,10
DA:5,10
DA:6,10
DA:9,10
DA:10,10
DA:11,10
DA:13,10
DA:17,10
DA:18,10
DA:19,10
DA:21,10
DA:25,10
DA:26,57
DA:30,10
DA:31,1
DA:35,10
DA:36,10
DA:37,10
DA:39,79
DA:42,79
DA:43,79
DA:45,79
DA:47,10
DA:50,10
DA:51,10
DA:52,10
DA:54,3
DA:57,3
DA:58,3
DA:60,3
DA:62,10
DA:65,10
DA:66,6
DA:67,6
DA:68,0
DA:71,6
DA:72,6
DA:73,0
DA:76,6
DA:77,6
LF:41
LH:39
BRDA:39,0,0,0
BRDA:39,0,1,79
BRDA:39,1,0,79
BRDA:39,1,1,79
BRDA:43,2,0,52
BRDA:43,2,1,27
BRDA:43,3,0,27
BRDA:43,3,1,52
BRDA:43,4,0,79
BRDA:43,4,1,79
BRDA:45,5,0,79
BRDA:45,5,1,72
BRDA:54,6,0,0
BRDA:54,6,1,3
BRDA:54,7,0,3
BRDA:54,7,1,3
BRDA:58,8,0,0
BRDA:58,8,1,3
BRDA:58,9,0,3
BRDA:58,9,1,0
BRDA:58,10,0,3
BRDA:58,10,1,3
BRDA:60,11,0,3
BRDA:60,11,1,0
BRDA:67,12,0,0
BRDA:67,12,1,6
BRDA:72,13,0,0
BRDA:72,13,1,6
BRF:28
BRH:21
end_of_record
TN:
SF:src/utils/user.util.ts
FN:7,(anonymous_0)
FN:14,(anonymous_1)
FN:15,(anonymous_2)
FN:16,(anonymous_3)
FN:21,(anonymous_4)
FN:26,(anonymous_5)
FN:27,(anonymous_6)
FNF:7
FNH:7
FNDA:30,(anonymous_0)
FNDA:55,(anonymous_1)
FNDA:8,(anonymous_2)
FNDA:6,(anonymous_3)
FNDA:2,(anonymous_4)
FNDA:9,(anonymous_5)
FNDA:9,(anonymous_6)
DA:3,10
DA:5,10
DA:7,10
DA:8,30
DA:9,30
DA:10,30
DA:12,0
DA:14,55
DA:15,10
DA:16,10
DA:17,6
DA:18,6
DA:19,6
DA:21,10
DA:22,2
DA:23,2
DA:24,2
DA:26,10
DA:27,10
LF:19
LH:18
BRDA:9,0,0,30
BRDA:9,0,1,0
BRF:2
BRH:1
end_of_record
TN:
SF:src/utils/websocket.ts
FN:8,(anonymous_0)
FN:18,(anonymous_1)
FN:21,(anonymous_2)
FN:25,(anonymous_3)
FNF:4
FNH:1
FNDA:10,(anonymous_0)
FNDA:0,(anonymous_1)
FNDA:0,(anonymous_2)
FNDA:0,(anonymous_3)
DA:2,10
DA:3,10
DA:8,10
DA:9,10
DA:16,10
DA:18,10
DA:19,0
DA:21,0
DA:22,0
DA:25,0
DA:26,0
DA:30,10
LF:12
LH:7
BRF:0
BRH:0
end_of_record
